19:11:30.031 INFO - Launching a standalone server
Setting system property webdriver.chrome.driver to /usr/local/lib/node_modules/starrynight/node_modules/chromedriver/bin/chromedriver
19:11:30.088 INFO - Java: Apple Inc. 20.65-b04-466.1
19:11:30.089 INFO - OS: Mac OS X 10.10.2 x86_64
19:11:30.107 INFO - v2.45.0, with Core v2.45.0. Built from revision 5017cb8
19:11:30.203 INFO - Default driver org.openqa.selenium.ie.InternetExplorerDriver registration is skipped: registration capabilities Capabilities [{platform=WINDOWS, ensureCleanSession=true, browserName=internet explorer, version=}] does not match with current platform: MAC
19:11:30.280 INFO - RemoteWebDriver instances should connect to: http://127.0.0.1:4444/wd/hub
19:11:30.281 INFO - Version Jetty/5.1.x
19:11:30.282 INFO - Started HttpContext[/selenium-server/driver,/selenium-server/driver]
19:11:30.282 INFO - Started HttpContext[/selenium-server,/selenium-server]
19:11:30.282 INFO - Started HttpContext[/,/]
19:11:30.387 INFO - Started org.openqa.jetty.jetty.servlet.ServletHandler@75e845c2
19:11:30.387 INFO - Started HttpContext[/wd,/wd]
19:11:30.394 INFO - Started SocketListener on 0.0.0.0:4444
19:11:30.394 INFO - Started org.openqa.jetty.jetty.Server@35c0e45a
19:11:30.756 INFO - Executing: [new session: Capabilities [{loggingPrefs=org.openqa.selenium.logging.LoggingPreferences@79038de7, platform=ANY, acceptSslCerts=true, javascriptEnabled=true, browserName=chrome, name=Active Record}]])
19:11:30.772 INFO - Creating a new session for Capabilities [{loggingPrefs=org.openqa.selenium.logging.LoggingPreferences@79038de7, platform=ANY, acceptSslCerts=true, javascriptEnabled=true, browserName=chrome, name=Active Record}]
Starting ChromeDriver 2.15.322455 (ae8db840dac8d0c453355d3d922c91adfb61df8f) on port 30624
Only local connections are allowed.
19:11:33.840 INFO - Done: [new session: Capabilities [{loggingPrefs=org.openqa.selenium.logging.LoggingPreferences@79038de7, platform=ANY, acceptSslCerts=true, javascriptEnabled=true, browserName=chrome, name=Active Record}]]
19:11:33.851 INFO - Executing: [get: http://localhost:3000])
19:11:50.859 INFO - Done: [get: http://localhost:3000]
19:11:50.863 INFO - Executing: [set script timeoutt: 5000])
19:11:50.870 INFO - Done: [set script timeoutt: 5000]
19:11:50.875 INFO - Executing: [execute async script: var passedArgs = Array.prototype.slice.call(arguments,0); return function (meteorMethodNameAndArguments, meteorCallback) {
          var meteorMethodName = meteorMethodNameAndArguments[0];
          var meteorArguments = meteorMethodNameAndArguments[1];
          Meteor.call(meteorMethodName, meteorArguments, function (meteorError, meteorResult) {
              var response = (meteorError ? { error: meteorError } : { result: meteorResult });
              meteorCallback(response);
          });
      }.apply(window, passedArgs);, [[dropDatabase, null]]])
19:11:50.994 INFO - Done: [execute async script: var passedArgs = Array.prototype.slice.call(arguments,0); return function (meteorMethodNameAndArguments, meteorCallback) {
          var meteorMethodName = meteorMethodNameAndArguments[0];
          var meteorArguments = meteorMethodNameAndArguments[1];
          Meteor.call(meteorMethodName, meteorArguments, function (meteorError, meteorResult) {
              var response = (meteorError ? { error: meteorError } : { result: meteorResult });
              meteorCallback(response);
          });
      }.apply(window, passedArgs);, [[dropDatabase, null]]]
19:11:52.003 INFO - Executing: [get: http://localhost:3000/list/foos])
19:11:52.302 INFO - Done: [get: http://localhost:3000/list/foos]
19:11:52.306 INFO - Executing: [set window size])
19:11:52.584 INFO - Done: [set window size]
19:11:52.589 INFO - Executing: [find element: By.cssSelector: body])
19:11:52.623 INFO - Done: [find element: By.cssSelector: body]
19:11:52.627 INFO - Executing: [find element: By.cssSelector: #mainPanel])
19:11:52.641 INFO - Done: [find element: By.cssSelector: #mainPanel]
19:11:52.649 INFO - Executing: [find element: By.cssSelector: #recordsListPage])
19:11:52.666 INFO - Done: [find element: By.cssSelector: #recordsListPage]
19:11:52.670 INFO - Executing: [find element: By.cssSelector: #recordsListPage .recordHeader])
19:11:52.686 INFO - Done: [find element: By.cssSelector: #recordsListPage .recordHeader]
19:11:52.690 INFO - Executing: [find element: By.cssSelector: #recordSearchInput])
19:11:52.705 INFO - Done: [find element: By.cssSelector: #recordSearchInput]
19:11:52.709 INFO - Executing: [find element: By.cssSelector: #foosUnorderedList])
19:11:54.454 WARN - Exception thrown
org.openqa.selenium.NoSuchElementException: no such element
  (Session info: chrome=44.0.2403.125)
  (Driver info: chromedriver=2.15.322455 (ae8db840dac8d0c453355d3d922c91adfb61df8f),platform=Mac OS X 10.10.2 x86_64) (WARNING: The server did not provide any stacktrace information)
Command duration or timeout: 12 milliseconds
For documentation on this error, please visit: http://seleniumhq.org/exceptions/no_such_element.html
Build info: version: '2.45.0', revision: '5017cb8', time: '2015-02-26 23:59:50'
System info: host: 'Abigails-Mini', ip: '192.168.1.105', os.name: 'Mac OS X', os.arch: 'x86_64', os.version: '10.10.2', java.version: '1.6.0_65'
*** Element info: {Using=css selector, value=#foosUnorderedList}
Session ID: be2c4eb9afe8e4d108267bb85a3d964d
Driver info: org.openqa.selenium.chrome.ChromeDriver
Capabilities [{platform=MAC, acceptSslCerts=true, javascriptEnabled=true, browserName=chrome, chrome={userDataDir=/var/folders/wy/x2wnhsd15rxbcnwr07g161b00000gn/T/.org.chromium.Chromium.FlsBsa}, rotatable=false, locationContextEnabled=true, mobileEmulationEnabled=false, version=44.0.2403.125, takesHeapSnapshot=true, cssSelectorsEnabled=true, databaseEnabled=false, handlesAlerts=true, browserConnectionEnabled=false, webStorageEnabled=true, nativeEvents=true, applicationCacheEnabled=false, takesScreenshot=true}]
	at sun.reflect.NativeConstructorAccessorImpl.newInstance0(Native Method)
	at sun.reflect.NativeConstructorAccessorImpl.newInstance(NativeConstructorAccessorImpl.java:39)
	at sun.reflect.DelegatingConstructorAccessorImpl.newInstance(DelegatingConstructorAccessorImpl.java:27)
	at java.lang.reflect.Constructor.newInstance(Constructor.java:513)
	at org.openqa.selenium.remote.ErrorHandler.createThrowable(ErrorHandler.java:204)
	at org.openqa.selenium.remote.ErrorHandler.throwIfResponseFailed(ErrorHandler.java:156)
	at org.openqa.selenium.remote.RemoteWebDriver.execute(RemoteWebDriver.java:599)
	at org.openqa.selenium.remote.RemoteWebDriver.findElement(RemoteWebDriver.java:352)
	at org.openqa.selenium.remote.RemoteWebDriver.findElementByCssSelector(RemoteWebDriver.java:441)
	at org.openqa.selenium.By$ByCssSelector.findElement(By.java:426)
	at org.openqa.selenium.remote.RemoteWebDriver.findElement(RemoteWebDriver.java:344)
	at sun.reflect.NativeMethodAccessorImpl.invoke0(Native Method)
	at sun.reflect.NativeMethodAccessorImpl.invoke(NativeMethodAccessorImpl.java:39)
	at sun.reflect.DelegatingMethodAccessorImpl.invoke(DelegatingMethodAccessorImpl.java:25)
	at java.lang.reflect.Method.invoke(Method.java:597)
	at org.openqa.selenium.support.events.EventFiringWebDriver$2.invoke(EventFiringWebDriver.java:101)
	at com.sun.proxy.$Proxy1.findElement(Unknown Source)
	at org.openqa.selenium.support.events.EventFiringWebDriver.findElement(EventFiringWebDriver.java:184)
	at org.openqa.selenium.remote.server.handler.FindElement.call(FindElement.java:47)
	at org.openqa.selenium.remote.server.handler.FindElement.call(FindElement.java:1)
	at java.util.concurrent.FutureTask$Sync.innerRun(FutureTask.java:303)
	at java.util.concurrent.FutureTask.run(FutureTask.java:138)
	at org.openqa.selenium.remote.server.DefaultSession$1.run(DefaultSession.java:168)
	at java.util.concurrent.ThreadPoolExecutor$Worker.runTask(ThreadPoolExecutor.java:895)
	at java.util.concurrent.ThreadPoolExecutor$Worker.run(ThreadPoolExecutor.java:918)
	at java.lang.Thread.run(Thread.java:695)
19:11:54.458 WARN - Exception: no such element
  (Session info: chrome=44.0.2403.125)
  (Driver info: chromedriver=2.15.322455 (ae8db840dac8d0c453355d3d922c91adfb61df8f),platform=Mac OS X 10.10.2 x86_64) (WARNING: The server did not provide any stacktrace information)
Command duration or timeout: 12 milliseconds
For documentation on this error, please visit: http://seleniumhq.org/exceptions/no_such_element.html
Build info: version: '2.45.0', revision: '5017cb8', time: '2015-02-26 23:59:50'
System info: host: 'Abigails-Mini', ip: '192.168.1.105', os.name: 'Mac OS X', os.arch: 'x86_64', os.version: '10.10.2', java.version: '1.6.0_65'
*** Element info: {Using=css selector, value=#foosUnorderedList}
Session ID: be2c4eb9afe8e4d108267bb85a3d964d
Driver info: org.openqa.selenium.chrome.ChromeDriver
Capabilities [{platform=MAC, acceptSslCerts=true, javascriptEnabled=true, browserName=chrome, chrome={userDataDir=/var/folders/wy/x2wnhsd15rxbcnwr07g161b00000gn/T/.org.chromium.Chromium.FlsBsa}, rotatable=false, locationContextEnabled=true, mobileEmulationEnabled=false, version=44.0.2403.125, takesHeapSnapshot=true, cssSelectorsEnabled=true, databaseEnabled=false, handlesAlerts=true, browserConnectionEnabled=false, webStorageEnabled=true, nativeEvents=true, applicationCacheEnabled=false, takesScreenshot=true}]
19:11:54.833 INFO - Executing: [find element: By.cssSelector: #foosUnorderedList li:nth-child(1)])
19:11:55.759 WARN - Exception thrown
org.openqa.selenium.NoSuchElementException: no such element
  (Session info: chrome=44.0.2403.125)
  (Driver info: chromedriver=2.15.322455 (ae8db840dac8d0c453355d3d922c91adfb61df8f),platform=Mac OS X 10.10.2 x86_64) (WARNING: The server did not provide any stacktrace information)
Command duration or timeout: 14 milliseconds
For documentation on this error, please visit: http://seleniumhq.org/exceptions/no_such_element.html
Build info: version: '2.45.0', revision: '5017cb8', time: '2015-02-26 23:59:50'
System info: host: 'Abigails-Mini', ip: '192.168.1.105', os.name: 'Mac OS X', os.arch: 'x86_64', os.version: '10.10.2', java.version: '1.6.0_65'
*** Element info: {Using=css selector, value=#foosUnorderedList li:nth-child(1)}
Session ID: be2c4eb9afe8e4d108267bb85a3d964d
Driver info: org.openqa.selenium.chrome.ChromeDriver
Capabilities [{platform=MAC, acceptSslCerts=true, javascriptEnabled=true, browserName=chrome, chrome={userDataDir=/var/folders/wy/x2wnhsd15rxbcnwr07g161b00000gn/T/.org.chromium.Chromium.FlsBsa}, rotatable=false, locationContextEnabled=true, mobileEmulationEnabled=false, version=44.0.2403.125, takesHeapSnapshot=true, cssSelectorsEnabled=true, databaseEnabled=false, handlesAlerts=true, browserConnectionEnabled=false, webStorageEnabled=true, nativeEvents=true, applicationCacheEnabled=false, takesScreenshot=true}]
	at sun.reflect.NativeConstructorAccessorImpl.newInstance0(Native Method)
	at sun.reflect.NativeConstructorAccessorImpl.newInstance(NativeConstructorAccessorImpl.java:39)
	at sun.reflect.DelegatingConstructorAccessorImpl.newInstance(DelegatingConstructorAccessorImpl.java:27)
	at java.lang.reflect.Constructor.newInstance(Constructor.java:513)
	at org.openqa.selenium.remote.ErrorHandler.createThrowable(ErrorHandler.java:204)
	at org.openqa.selenium.remote.ErrorHandler.throwIfResponseFailed(ErrorHandler.java:156)
	at org.openqa.selenium.remote.RemoteWebDriver.execute(RemoteWebDriver.java:599)
	at org.openqa.selenium.remote.RemoteWebDriver.findElement(RemoteWebDriver.java:352)
	at org.openqa.selenium.remote.RemoteWebDriver.findElementByCssSelector(RemoteWebDriver.java:441)
	at org.openqa.selenium.By$ByCssSelector.findElement(By.java:426)
	at org.openqa.selenium.remote.RemoteWebDriver.findElement(RemoteWebDriver.java:344)
	at sun.reflect.NativeMethodAccessorImpl.invoke0(Native Method)
	at sun.reflect.NativeMethodAccessorImpl.invoke(NativeMethodAccessorImpl.java:39)
	at sun.reflect.DelegatingMethodAccessorImpl.invoke(DelegatingMethodAccessorImpl.java:25)
	at java.lang.reflect.Method.invoke(Method.java:597)
	at org.openqa.selenium.support.events.EventFiringWebDriver$2.invoke(EventFiringWebDriver.java:101)
	at com.sun.proxy.$Proxy1.findElement(Unknown Source)
	at org.openqa.selenium.support.events.EventFiringWebDriver.findElement(EventFiringWebDriver.java:184)
	at org.openqa.selenium.remote.server.handler.FindElement.call(FindElement.java:47)
	at org.openqa.selenium.remote.server.handler.FindElement.call(FindElement.java:1)
	at java.util.concurrent.FutureTask$Sync.innerRun(FutureTask.java:303)
	at java.util.concurrent.FutureTask.run(FutureTask.java:138)
	at org.openqa.selenium.remote.server.DefaultSession$1.run(DefaultSession.java:168)
	at java.util.concurrent.ThreadPoolExecutor$Worker.runTask(ThreadPoolExecutor.java:895)
	at java.util.concurrent.ThreadPoolExecutor$Worker.run(ThreadPoolExecutor.java:918)
	at java.lang.Thread.run(Thread.java:695)
19:11:55.760 WARN - Exception: no such element
  (Session info: chrome=44.0.2403.125)
  (Driver info: chromedriver=2.15.322455 (ae8db840dac8d0c453355d3d922c91adfb61df8f),platform=Mac OS X 10.10.2 x86_64) (WARNING: The server did not provide any stacktrace information)
Command duration or timeout: 14 milliseconds
For documentation on this error, please visit: http://seleniumhq.org/exceptions/no_such_element.html
Build info: version: '2.45.0', revision: '5017cb8', time: '2015-02-26 23:59:50'
System info: host: 'Abigails-Mini', ip: '192.168.1.105', os.name: 'Mac OS X', os.arch: 'x86_64', os.version: '10.10.2', java.version: '1.6.0_65'
*** Element info: {Using=css selector, value=#foosUnorderedList li:nth-child(1)}
Session ID: be2c4eb9afe8e4d108267bb85a3d964d
Driver info: org.openqa.selenium.chrome.ChromeDriver
Capabilities [{platform=MAC, acceptSslCerts=true, javascriptEnabled=true, browserName=chrome, chrome={userDataDir=/var/folders/wy/x2wnhsd15rxbcnwr07g161b00000gn/T/.org.chromium.Chromium.FlsBsa}, rotatable=false, locationContextEnabled=true, mobileEmulationEnabled=false, version=44.0.2403.125, takesHeapSnapshot=true, cssSelectorsEnabled=true, databaseEnabled=false, handlesAlerts=true, browserConnectionEnabled=false, webStorageEnabled=true, nativeEvents=true, applicationCacheEnabled=false, takesScreenshot=true}]
19:11:56.031 INFO - Executing: [find element: By.cssSelector: #foosUnorderedList li:nth-child(1) article])
19:11:56.936 WARN - Exception thrown
org.openqa.selenium.NoSuchElementException: no such element
  (Session info: chrome=44.0.2403.125)
  (Driver info: chromedriver=2.15.322455 (ae8db840dac8d0c453355d3d922c91adfb61df8f),platform=Mac OS X 10.10.2 x86_64) (WARNING: The server did not provide any stacktrace information)
Command duration or timeout: 12 milliseconds
For documentation on this error, please visit: http://seleniumhq.org/exceptions/no_such_element.html
Build info: version: '2.45.0', revision: '5017cb8', time: '2015-02-26 23:59:50'
System info: host: 'Abigails-Mini', ip: '192.168.1.105', os.name: 'Mac OS X', os.arch: 'x86_64', os.version: '10.10.2', java.version: '1.6.0_65'
*** Element info: {Using=css selector, value=#foosUnorderedList li:nth-child(1) article}
Session ID: be2c4eb9afe8e4d108267bb85a3d964d
Driver info: org.openqa.selenium.chrome.ChromeDriver
Capabilities [{platform=MAC, acceptSslCerts=true, javascriptEnabled=true, browserName=chrome, chrome={userDataDir=/var/folders/wy/x2wnhsd15rxbcnwr07g161b00000gn/T/.org.chromium.Chromium.FlsBsa}, rotatable=false, locationContextEnabled=true, mobileEmulationEnabled=false, version=44.0.2403.125, takesHeapSnapshot=true, cssSelectorsEnabled=true, databaseEnabled=false, handlesAlerts=true, browserConnectionEnabled=false, webStorageEnabled=true, nativeEvents=true, applicationCacheEnabled=false, takesScreenshot=true}]
	at sun.reflect.NativeConstructorAccessorImpl.newInstance0(Native Method)
	at sun.reflect.NativeConstructorAccessorImpl.newInstance(NativeConstructorAccessorImpl.java:39)
	at sun.reflect.DelegatingConstructorAccessorImpl.newInstance(DelegatingConstructorAccessorImpl.java:27)
	at java.lang.reflect.Constructor.newInstance(Constructor.java:513)
	at org.openqa.selenium.remote.ErrorHandler.createThrowable(ErrorHandler.java:204)
	at org.openqa.selenium.remote.ErrorHandler.throwIfResponseFailed(ErrorHandler.java:156)
	at org.openqa.selenium.remote.RemoteWebDriver.execute(RemoteWebDriver.java:599)
	at org.openqa.selenium.remote.RemoteWebDriver.findElement(RemoteWebDriver.java:352)
	at org.openqa.selenium.remote.RemoteWebDriver.findElementByCssSelector(RemoteWebDriver.java:441)
	at org.openqa.selenium.By$ByCssSelector.findElement(By.java:426)
	at org.openqa.selenium.remote.RemoteWebDriver.findElement(RemoteWebDriver.java:344)
	at sun.reflect.NativeMethodAccessorImpl.invoke0(Native Method)
	at sun.reflect.NativeMethodAccessorImpl.invoke(NativeMethodAccessorImpl.java:39)
	at sun.reflect.DelegatingMethodAccessorImpl.invoke(DelegatingMethodAccessorImpl.java:25)
	at java.lang.reflect.Method.invoke(Method.java:597)
	at org.openqa.selenium.support.events.EventFiringWebDriver$2.invoke(EventFiringWebDriver.java:101)
	at com.sun.proxy.$Proxy1.findElement(Unknown Source)
	at org.openqa.selenium.support.events.EventFiringWebDriver.findElement(EventFiringWebDriver.java:184)
	at org.openqa.selenium.remote.server.handler.FindElement.call(FindElement.java:47)
	at org.openqa.selenium.remote.server.handler.FindElement.call(FindElement.java:1)
	at java.util.concurrent.FutureTask$Sync.innerRun(FutureTask.java:303)
	at java.util.concurrent.FutureTask.run(FutureTask.java:138)
	at org.openqa.selenium.remote.server.DefaultSession$1.run(DefaultSession.java:168)
	at java.util.concurrent.ThreadPoolExecutor$Worker.runTask(ThreadPoolExecutor.java:895)
	at java.util.concurrent.ThreadPoolExecutor$Worker.run(ThreadPoolExecutor.java:918)
	at java.lang.Thread.run(Thread.java:695)
19:11:56.937 WARN - Exception: no such element
  (Session info: chrome=44.0.2403.125)
  (Driver info: chromedriver=2.15.322455 (ae8db840dac8d0c453355d3d922c91adfb61df8f),platform=Mac OS X 10.10.2 x86_64) (WARNING: The server did not provide any stacktrace information)
Command duration or timeout: 12 milliseconds
For documentation on this error, please visit: http://seleniumhq.org/exceptions/no_such_element.html
Build info: version: '2.45.0', revision: '5017cb8', time: '2015-02-26 23:59:50'
System info: host: 'Abigails-Mini', ip: '192.168.1.105', os.name: 'Mac OS X', os.arch: 'x86_64', os.version: '10.10.2', java.version: '1.6.0_65'
*** Element info: {Using=css selector, value=#foosUnorderedList li:nth-child(1) article}
Session ID: be2c4eb9afe8e4d108267bb85a3d964d
Driver info: org.openqa.selenium.chrome.ChromeDriver
Capabilities [{platform=MAC, acceptSslCerts=true, javascriptEnabled=true, browserName=chrome, chrome={userDataDir=/var/folders/wy/x2wnhsd15rxbcnwr07g161b00000gn/T/.org.chromium.Chromium.FlsBsa}, rotatable=false, locationContextEnabled=true, mobileEmulationEnabled=false, version=44.0.2403.125, takesHeapSnapshot=true, cssSelectorsEnabled=true, databaseEnabled=false, handlesAlerts=true, browserConnectionEnabled=false, webStorageEnabled=true, nativeEvents=true, applicationCacheEnabled=false, takesScreenshot=true}]
19:11:57.191 INFO - Executing: [find element: By.cssSelector: #recordsListPage .recordFooter])
19:11:57.204 INFO - Done: [find element: By.cssSelector: #recordsListPage .recordFooter]
19:11:57.207 INFO - Executing: [find element: By.cssSelector: #foosUnorderedList #noResultsMessage])
19:11:58.106 WARN - Exception thrown
org.openqa.selenium.NoSuchElementException: no such element
  (Session info: chrome=44.0.2403.125)
  (Driver info: chromedriver=2.15.322455 (ae8db840dac8d0c453355d3d922c91adfb61df8f),platform=Mac OS X 10.10.2 x86_64) (WARNING: The server did not provide any stacktrace information)
Command duration or timeout: 12 milliseconds
For documentation on this error, please visit: http://seleniumhq.org/exceptions/no_such_element.html
Build info: version: '2.45.0', revision: '5017cb8', time: '2015-02-26 23:59:50'
System info: host: 'Abigails-Mini', ip: '192.168.1.105', os.name: 'Mac OS X', os.arch: 'x86_64', os.version: '10.10.2', java.version: '1.6.0_65'
*** Element info: {Using=css selector, value=#foosUnorderedList #noResultsMessage}
Session ID: be2c4eb9afe8e4d108267bb85a3d964d
Driver info: org.openqa.selenium.chrome.ChromeDriver
Capabilities [{platform=MAC, acceptSslCerts=true, javascriptEnabled=true, browserName=chrome, chrome={userDataDir=/var/folders/wy/x2wnhsd15rxbcnwr07g161b00000gn/T/.org.chromium.Chromium.FlsBsa}, rotatable=false, locationContextEnabled=true, mobileEmulationEnabled=false, version=44.0.2403.125, takesHeapSnapshot=true, cssSelectorsEnabled=true, databaseEnabled=false, handlesAlerts=true, browserConnectionEnabled=false, webStorageEnabled=true, nativeEvents=true, applicationCacheEnabled=false, takesScreenshot=true}]
	at sun.reflect.NativeConstructorAccessorImpl.newInstance0(Native Method)
	at sun.reflect.NativeConstructorAccessorImpl.newInstance(NativeConstructorAccessorImpl.java:39)
	at sun.reflect.DelegatingConstructorAccessorImpl.newInstance(DelegatingConstructorAccessorImpl.java:27)
	at java.lang.reflect.Constructor.newInstance(Constructor.java:513)
	at org.openqa.selenium.remote.ErrorHandler.createThrowable(ErrorHandler.java:204)
	at org.openqa.selenium.remote.ErrorHandler.throwIfResponseFailed(ErrorHandler.java:156)
	at org.openqa.selenium.remote.RemoteWebDriver.execute(RemoteWebDriver.java:599)
	at org.openqa.selenium.remote.RemoteWebDriver.findElement(RemoteWebDriver.java:352)
	at org.openqa.selenium.remote.RemoteWebDriver.findElementByCssSelector(RemoteWebDriver.java:441)
	at org.openqa.selenium.By$ByCssSelector.findElement(By.java:426)
	at org.openqa.selenium.remote.RemoteWebDriver.findElement(RemoteWebDriver.java:344)
	at sun.reflect.NativeMethodAccessorImpl.invoke0(Native Method)
	at sun.reflect.NativeMethodAccessorImpl.invoke(NativeMethodAccessorImpl.java:39)
	at sun.reflect.DelegatingMethodAccessorImpl.invoke(DelegatingMethodAccessorImpl.java:25)
	at java.lang.reflect.Method.invoke(Method.java:597)
	at org.openqa.selenium.support.events.EventFiringWebDriver$2.invoke(EventFiringWebDriver.java:101)
	at com.sun.proxy.$Proxy1.findElement(Unknown Source)
	at org.openqa.selenium.support.events.EventFiringWebDriver.findElement(EventFiringWebDriver.java:184)
	at org.openqa.selenium.remote.server.handler.FindElement.call(FindElement.java:47)
	at org.openqa.selenium.remote.server.handler.FindElement.call(FindElement.java:1)
	at java.util.concurrent.FutureTask$Sync.innerRun(FutureTask.java:303)
	at java.util.concurrent.FutureTask.run(FutureTask.java:138)
	at org.openqa.selenium.remote.server.DefaultSession$1.run(DefaultSession.java:168)
	at java.util.concurrent.ThreadPoolExecutor$Worker.runTask(ThreadPoolExecutor.java:895)
	at java.util.concurrent.ThreadPoolExecutor$Worker.run(ThreadPoolExecutor.java:918)
	at java.lang.Thread.run(Thread.java:695)
19:11:58.107 WARN - Exception: no such element
  (Session info: chrome=44.0.2403.125)
  (Driver info: chromedriver=2.15.322455 (ae8db840dac8d0c453355d3d922c91adfb61df8f),platform=Mac OS X 10.10.2 x86_64) (WARNING: The server did not provide any stacktrace information)
Command duration or timeout: 12 milliseconds
For documentation on this error, please visit: http://seleniumhq.org/exceptions/no_such_element.html
Build info: version: '2.45.0', revision: '5017cb8', time: '2015-02-26 23:59:50'
System info: host: 'Abigails-Mini', ip: '192.168.1.105', os.name: 'Mac OS X', os.arch: 'x86_64', os.version: '10.10.2', java.version: '1.6.0_65'
*** Element info: {Using=css selector, value=#foosUnorderedList #noResultsMessage}
Session ID: be2c4eb9afe8e4d108267bb85a3d964d
Driver info: org.openqa.selenium.chrome.ChromeDriver
Capabilities [{platform=MAC, acceptSslCerts=true, javascriptEnabled=true, browserName=chrome, chrome={userDataDir=/var/folders/wy/x2wnhsd15rxbcnwr07g161b00000gn/T/.org.chromium.Chromium.FlsBsa}, rotatable=false, locationContextEnabled=true, mobileEmulationEnabled=false, version=44.0.2403.125, takesHeapSnapshot=true, cssSelectorsEnabled=true, databaseEnabled=false, handlesAlerts=true, browserConnectionEnabled=false, webStorageEnabled=true, nativeEvents=true, applicationCacheEnabled=false, takesScreenshot=true}]
19:11:58.350 INFO - Executing: [find element: By.cssSelector: #foosUnorderedList .addFooItem])
19:11:59.262 WARN - Exception thrown
org.openqa.selenium.NoSuchElementException: no such element
  (Session info: chrome=44.0.2403.125)
  (Driver info: chromedriver=2.15.322455 (ae8db840dac8d0c453355d3d922c91adfb61df8f),platform=Mac OS X 10.10.2 x86_64) (WARNING: The server did not provide any stacktrace information)
Command duration or timeout: 12 milliseconds
For documentation on this error, please visit: http://seleniumhq.org/exceptions/no_such_element.html
Build info: version: '2.45.0', revision: '5017cb8', time: '2015-02-26 23:59:50'
System info: host: 'Abigails-Mini', ip: '192.168.1.105', os.name: 'Mac OS X', os.arch: 'x86_64', os.version: '10.10.2', java.version: '1.6.0_65'
*** Element info: {Using=css selector, value=#foosUnorderedList .addFooItem}
Session ID: be2c4eb9afe8e4d108267bb85a3d964d
Driver info: org.openqa.selenium.chrome.ChromeDriver
Capabilities [{platform=MAC, acceptSslCerts=true, javascriptEnabled=true, browserName=chrome, chrome={userDataDir=/var/folders/wy/x2wnhsd15rxbcnwr07g161b00000gn/T/.org.chromium.Chromium.FlsBsa}, rotatable=false, locationContextEnabled=true, mobileEmulationEnabled=false, version=44.0.2403.125, takesHeapSnapshot=true, cssSelectorsEnabled=true, databaseEnabled=false, handlesAlerts=true, browserConnectionEnabled=false, webStorageEnabled=true, nativeEvents=true, applicationCacheEnabled=false, takesScreenshot=true}]
	at sun.reflect.NativeConstructorAccessorImpl.newInstance0(Native Method)
	at sun.reflect.NativeConstructorAccessorImpl.newInstance(NativeConstructorAccessorImpl.java:39)
	at sun.reflect.DelegatingConstructorAccessorImpl.newInstance(DelegatingConstructorAccessorImpl.java:27)
	at java.lang.reflect.Constructor.newInstance(Constructor.java:513)
	at org.openqa.selenium.remote.ErrorHandler.createThrowable(ErrorHandler.java:204)
	at org.openqa.selenium.remote.ErrorHandler.throwIfResponseFailed(ErrorHandler.java:156)
	at org.openqa.selenium.remote.RemoteWebDriver.execute(RemoteWebDriver.java:599)
	at org.openqa.selenium.remote.RemoteWebDriver.findElement(RemoteWebDriver.java:352)
	at org.openqa.selenium.remote.RemoteWebDriver.findElementByCssSelector(RemoteWebDriver.java:441)
	at org.openqa.selenium.By$ByCssSelector.findElement(By.java:426)
	at org.openqa.selenium.remote.RemoteWebDriver.findElement(RemoteWebDriver.java:344)
	at sun.reflect.NativeMethodAccessorImpl.invoke0(Native Method)
	at sun.reflect.NativeMethodAccessorImpl.invoke(NativeMethodAccessorImpl.java:39)
	at sun.reflect.DelegatingMethodAccessorImpl.invoke(DelegatingMethodAccessorImpl.java:25)
	at java.lang.reflect.Method.invoke(Method.java:597)
	at org.openqa.selenium.support.events.EventFiringWebDriver$2.invoke(EventFiringWebDriver.java:101)
	at com.sun.proxy.$Proxy1.findElement(Unknown Source)
	at org.openqa.selenium.support.events.EventFiringWebDriver.findElement(EventFiringWebDriver.java:184)
	at org.openqa.selenium.remote.server.handler.FindElement.call(FindElement.java:47)
	at org.openqa.selenium.remote.server.handler.FindElement.call(FindElement.java:1)
	at java.util.concurrent.FutureTask$Sync.innerRun(FutureTask.java:303)
	at java.util.concurrent.FutureTask.run(FutureTask.java:138)
	at org.openqa.selenium.remote.server.DefaultSession$1.run(DefaultSession.java:168)
	at java.util.concurrent.ThreadPoolExecutor$Worker.runTask(ThreadPoolExecutor.java:895)
	at java.util.concurrent.ThreadPoolExecutor$Worker.run(ThreadPoolExecutor.java:918)
	at java.lang.Thread.run(Thread.java:695)
19:11:59.263 WARN - Exception: no such element
  (Session info: chrome=44.0.2403.125)
  (Driver info: chromedriver=2.15.322455 (ae8db840dac8d0c453355d3d922c91adfb61df8f),platform=Mac OS X 10.10.2 x86_64) (WARNING: The server did not provide any stacktrace information)
Command duration or timeout: 12 milliseconds
For documentation on this error, please visit: http://seleniumhq.org/exceptions/no_such_element.html
Build info: version: '2.45.0', revision: '5017cb8', time: '2015-02-26 23:59:50'
System info: host: 'Abigails-Mini', ip: '192.168.1.105', os.name: 'Mac OS X', os.arch: 'x86_64', os.version: '10.10.2', java.version: '1.6.0_65'
*** Element info: {Using=css selector, value=#foosUnorderedList .addFooItem}
Session ID: be2c4eb9afe8e4d108267bb85a3d964d
Driver info: org.openqa.selenium.chrome.ChromeDriver
Capabilities [{platform=MAC, acceptSslCerts=true, javascriptEnabled=true, browserName=chrome, chrome={userDataDir=/var/folders/wy/x2wnhsd15rxbcnwr07g161b00000gn/T/.org.chromium.Chromium.FlsBsa}, rotatable=false, locationContextEnabled=true, mobileEmulationEnabled=false, version=44.0.2403.125, takesHeapSnapshot=true, cssSelectorsEnabled=true, databaseEnabled=false, handlesAlerts=true, browserConnectionEnabled=false, webStorageEnabled=true, nativeEvents=true, applicationCacheEnabled=false, takesScreenshot=true}]
19:11:59.508 INFO - Executing: [find element: By.cssSelector: #foosUnorderedList li:nth-child(2)])
19:12:00.410 WARN - Exception thrown
org.openqa.selenium.NoSuchElementException: no such element
  (Session info: chrome=44.0.2403.125)
  (Driver info: chromedriver=2.15.322455 (ae8db840dac8d0c453355d3d922c91adfb61df8f),platform=Mac OS X 10.10.2 x86_64) (WARNING: The server did not provide any stacktrace information)
Command duration or timeout: 12 milliseconds
For documentation on this error, please visit: http://seleniumhq.org/exceptions/no_such_element.html
Build info: version: '2.45.0', revision: '5017cb8', time: '2015-02-26 23:59:50'
System info: host: 'Abigails-Mini', ip: '192.168.1.105', os.name: 'Mac OS X', os.arch: 'x86_64', os.version: '10.10.2', java.version: '1.6.0_65'
*** Element info: {Using=css selector, value=#foosUnorderedList li:nth-child(2)}
Session ID: be2c4eb9afe8e4d108267bb85a3d964d
Driver info: org.openqa.selenium.chrome.ChromeDriver
Capabilities [{platform=MAC, acceptSslCerts=true, javascriptEnabled=true, browserName=chrome, chrome={userDataDir=/var/folders/wy/x2wnhsd15rxbcnwr07g161b00000gn/T/.org.chromium.Chromium.FlsBsa}, rotatable=false, locationContextEnabled=true, mobileEmulationEnabled=false, version=44.0.2403.125, takesHeapSnapshot=true, cssSelectorsEnabled=true, databaseEnabled=false, handlesAlerts=true, browserConnectionEnabled=false, webStorageEnabled=true, nativeEvents=true, applicationCacheEnabled=false, takesScreenshot=true}]
	at sun.reflect.NativeConstructorAccessorImpl.newInstance0(Native Method)
	at sun.reflect.NativeConstructorAccessorImpl.newInstance(NativeConstructorAccessorImpl.java:39)
	at sun.reflect.DelegatingConstructorAccessorImpl.newInstance(DelegatingConstructorAccessorImpl.java:27)
	at java.lang.reflect.Constructor.newInstance(Constructor.java:513)
	at org.openqa.selenium.remote.ErrorHandler.createThrowable(ErrorHandler.java:204)
	at org.openqa.selenium.remote.ErrorHandler.throwIfResponseFailed(ErrorHandler.java:156)
	at org.openqa.selenium.remote.RemoteWebDriver.execute(RemoteWebDriver.java:599)
	at org.openqa.selenium.remote.RemoteWebDriver.findElement(RemoteWebDriver.java:352)
	at org.openqa.selenium.remote.RemoteWebDriver.findElementByCssSelector(RemoteWebDriver.java:441)
	at org.openqa.selenium.By$ByCssSelector.findElement(By.java:426)
	at org.openqa.selenium.remote.RemoteWebDriver.findElement(RemoteWebDriver.java:344)
	at sun.reflect.NativeMethodAccessorImpl.invoke0(Native Method)
	at sun.reflect.NativeMethodAccessorImpl.invoke(NativeMethodAccessorImpl.java:39)
	at sun.reflect.DelegatingMethodAccessorImpl.invoke(DelegatingMethodAccessorImpl.java:25)
	at java.lang.reflect.Method.invoke(Method.java:597)
	at org.openqa.selenium.support.events.EventFiringWebDriver$2.invoke(EventFiringWebDriver.java:101)
	at com.sun.proxy.$Proxy1.findElement(Unknown Source)
	at org.openqa.selenium.support.events.EventFiringWebDriver.findElement(EventFiringWebDriver.java:184)
	at org.openqa.selenium.remote.server.handler.FindElement.call(FindElement.java:47)
	at org.openqa.selenium.remote.server.handler.FindElement.call(FindElement.java:1)
	at java.util.concurrent.FutureTask$Sync.innerRun(FutureTask.java:303)
	at java.util.concurrent.FutureTask.run(FutureTask.java:138)
	at org.openqa.selenium.remote.server.DefaultSession$1.run(DefaultSession.java:168)
	at java.util.concurrent.ThreadPoolExecutor$Worker.runTask(ThreadPoolExecutor.java:895)
	at java.util.concurrent.ThreadPoolExecutor$Worker.run(ThreadPoolExecutor.java:918)
	at java.lang.Thread.run(Thread.java:695)
19:12:00.411 WARN - Exception: no such element
  (Session info: chrome=44.0.2403.125)
  (Driver info: chromedriver=2.15.322455 (ae8db840dac8d0c453355d3d922c91adfb61df8f),platform=Mac OS X 10.10.2 x86_64) (WARNING: The server did not provide any stacktrace information)
Command duration or timeout: 12 milliseconds
For documentation on this error, please visit: http://seleniumhq.org/exceptions/no_such_element.html
Build info: version: '2.45.0', revision: '5017cb8', time: '2015-02-26 23:59:50'
System info: host: 'Abigails-Mini', ip: '192.168.1.105', os.name: 'Mac OS X', os.arch: 'x86_64', os.version: '10.10.2', java.version: '1.6.0_65'
*** Element info: {Using=css selector, value=#foosUnorderedList li:nth-child(2)}
Session ID: be2c4eb9afe8e4d108267bb85a3d964d
Driver info: org.openqa.selenium.chrome.ChromeDriver
Capabilities [{platform=MAC, acceptSslCerts=true, javascriptEnabled=true, browserName=chrome, chrome={userDataDir=/var/folders/wy/x2wnhsd15rxbcnwr07g161b00000gn/T/.org.chromium.Chromium.FlsBsa}, rotatable=false, locationContextEnabled=true, mobileEmulationEnabled=false, version=44.0.2403.125, takesHeapSnapshot=true, cssSelectorsEnabled=true, databaseEnabled=false, handlesAlerts=true, browserConnectionEnabled=false, webStorageEnabled=true, nativeEvents=true, applicationCacheEnabled=false, takesScreenshot=true}]
19:12:00.660 INFO - Executing: [find element: By.cssSelector: #foosUnorderedList li:nth-child(2) article])
19:12:01.562 WARN - Exception thrown
org.openqa.selenium.NoSuchElementException: no such element
  (Session info: chrome=44.0.2403.125)
  (Driver info: chromedriver=2.15.322455 (ae8db840dac8d0c453355d3d922c91adfb61df8f),platform=Mac OS X 10.10.2 x86_64) (WARNING: The server did not provide any stacktrace information)
Command duration or timeout: 13 milliseconds
For documentation on this error, please visit: http://seleniumhq.org/exceptions/no_such_element.html
Build info: version: '2.45.0', revision: '5017cb8', time: '2015-02-26 23:59:50'
System info: host: 'Abigails-Mini', ip: '192.168.1.105', os.name: 'Mac OS X', os.arch: 'x86_64', os.version: '10.10.2', java.version: '1.6.0_65'
*** Element info: {Using=css selector, value=#foosUnorderedList li:nth-child(2) article}
Session ID: be2c4eb9afe8e4d108267bb85a3d964d
Driver info: org.openqa.selenium.chrome.ChromeDriver
Capabilities [{platform=MAC, acceptSslCerts=true, javascriptEnabled=true, browserName=chrome, chrome={userDataDir=/var/folders/wy/x2wnhsd15rxbcnwr07g161b00000gn/T/.org.chromium.Chromium.FlsBsa}, rotatable=false, locationContextEnabled=true, mobileEmulationEnabled=false, version=44.0.2403.125, takesHeapSnapshot=true, cssSelectorsEnabled=true, databaseEnabled=false, handlesAlerts=true, browserConnectionEnabled=false, webStorageEnabled=true, nativeEvents=true, applicationCacheEnabled=false, takesScreenshot=true}]
	at sun.reflect.NativeConstructorAccessorImpl.newInstance0(Native Method)
	at sun.reflect.NativeConstructorAccessorImpl.newInstance(NativeConstructorAccessorImpl.java:39)
	at sun.reflect.DelegatingConstructorAccessorImpl.newInstance(DelegatingConstructorAccessorImpl.java:27)
	at java.lang.reflect.Constructor.newInstance(Constructor.java:513)
	at org.openqa.selenium.remote.ErrorHandler.createThrowable(ErrorHandler.java:204)
	at org.openqa.selenium.remote.ErrorHandler.throwIfResponseFailed(ErrorHandler.java:156)
	at org.openqa.selenium.remote.RemoteWebDriver.execute(RemoteWebDriver.java:599)
	at org.openqa.selenium.remote.RemoteWebDriver.findElement(RemoteWebDriver.java:352)
	at org.openqa.selenium.remote.RemoteWebDriver.findElementByCssSelector(RemoteWebDriver.java:441)
	at org.openqa.selenium.By$ByCssSelector.findElement(By.java:426)
	at org.openqa.selenium.remote.RemoteWebDriver.findElement(RemoteWebDriver.java:344)
	at sun.reflect.NativeMethodAccessorImpl.invoke0(Native Method)
	at sun.reflect.NativeMethodAccessorImpl.invoke(NativeMethodAccessorImpl.java:39)
	at sun.reflect.DelegatingMethodAccessorImpl.invoke(DelegatingMethodAccessorImpl.java:25)
	at java.lang.reflect.Method.invoke(Method.java:597)
	at org.openqa.selenium.support.events.EventFiringWebDriver$2.invoke(EventFiringWebDriver.java:101)
	at com.sun.proxy.$Proxy1.findElement(Unknown Source)
	at org.openqa.selenium.support.events.EventFiringWebDriver.findElement(EventFiringWebDriver.java:184)
	at org.openqa.selenium.remote.server.handler.FindElement.call(FindElement.java:47)
	at org.openqa.selenium.remote.server.handler.FindElement.call(FindElement.java:1)
	at java.util.concurrent.FutureTask$Sync.innerRun(FutureTask.java:303)
	at java.util.concurrent.FutureTask.run(FutureTask.java:138)
	at org.openqa.selenium.remote.server.DefaultSession$1.run(DefaultSession.java:168)
	at java.util.concurrent.ThreadPoolExecutor$Worker.runTask(ThreadPoolExecutor.java:895)
	at java.util.concurrent.ThreadPoolExecutor$Worker.run(ThreadPoolExecutor.java:918)
	at java.lang.Thread.run(Thread.java:695)
19:12:01.563 WARN - Exception: no such element
  (Session info: chrome=44.0.2403.125)
  (Driver info: chromedriver=2.15.322455 (ae8db840dac8d0c453355d3d922c91adfb61df8f),platform=Mac OS X 10.10.2 x86_64) (WARNING: The server did not provide any stacktrace information)
Command duration or timeout: 13 milliseconds
For documentation on this error, please visit: http://seleniumhq.org/exceptions/no_such_element.html
Build info: version: '2.45.0', revision: '5017cb8', time: '2015-02-26 23:59:50'
System info: host: 'Abigails-Mini', ip: '192.168.1.105', os.name: 'Mac OS X', os.arch: 'x86_64', os.version: '10.10.2', java.version: '1.6.0_65'
*** Element info: {Using=css selector, value=#foosUnorderedList li:nth-child(2) article}
Session ID: be2c4eb9afe8e4d108267bb85a3d964d
Driver info: org.openqa.selenium.chrome.ChromeDriver
Capabilities [{platform=MAC, acceptSslCerts=true, javascriptEnabled=true, browserName=chrome, chrome={userDataDir=/var/folders/wy/x2wnhsd15rxbcnwr07g161b00000gn/T/.org.chromium.Chromium.FlsBsa}, rotatable=false, locationContextEnabled=true, mobileEmulationEnabled=false, version=44.0.2403.125, takesHeapSnapshot=true, cssSelectorsEnabled=true, databaseEnabled=false, handlesAlerts=true, browserConnectionEnabled=false, webStorageEnabled=true, nativeEvents=true, applicationCacheEnabled=false, takesScreenshot=true}]
19:12:01.813 INFO - Executing: [find element: By.cssSelector: #noResultsMessage])
19:12:01.826 INFO - Done: [find element: By.cssSelector: #noResultsMessage]
19:12:01.829 INFO - Executing: [click: 6 [[ChromeDriver: chrome on MAC (be2c4eb9afe8e4d108267bb85a3d964d)] -> css selector: #noResultsMessage]])
19:12:01.862 INFO - Done: [click: 6 [[ChromeDriver: chrome on MAC (be2c4eb9afe8e4d108267bb85a3d964d)] -> css selector: #noResultsMessage]]
19:12:02.170 INFO - Executing: [find elements: By.cssSelector: #recordUpsertPage])
19:12:02.190 INFO - Done: [find elements: By.cssSelector: #recordUpsertPage]
19:12:02.192 INFO - Executing: [is displayed: 7 [[ChromeDriver: chrome on MAC (be2c4eb9afe8e4d108267bb85a3d964d)] -> css selector: #recordUpsertPage]])
19:12:02.204 INFO - Done: [is displayed: 7 [[ChromeDriver: chrome on MAC (be2c4eb9afe8e4d108267bb85a3d964d)] -> css selector: #recordUpsertPage]]
19:12:02.212 INFO - Executing: [find element: By.cssSelector: #recordUpsertPage])
19:12:02.226 INFO - Done: [find element: By.cssSelector: #recordUpsertPage]
19:12:02.229 INFO - Executing: [find element: By.cssSelector: #recordUpsertPage .pageHeader])
19:12:03.116 WARN - Exception thrown
org.openqa.selenium.NoSuchElementException: no such element
  (Session info: chrome=44.0.2403.125)
  (Driver info: chromedriver=2.15.322455 (ae8db840dac8d0c453355d3d922c91adfb61df8f),platform=Mac OS X 10.10.2 x86_64) (WARNING: The server did not provide any stacktrace information)
Command duration or timeout: 12 milliseconds
For documentation on this error, please visit: http://seleniumhq.org/exceptions/no_such_element.html
Build info: version: '2.45.0', revision: '5017cb8', time: '2015-02-26 23:59:50'
System info: host: 'Abigails-Mini', ip: '192.168.1.105', os.name: 'Mac OS X', os.arch: 'x86_64', os.version: '10.10.2', java.version: '1.6.0_65'
*** Element info: {Using=css selector, value=#recordUpsertPage .pageHeader}
Session ID: be2c4eb9afe8e4d108267bb85a3d964d
Driver info: org.openqa.selenium.chrome.ChromeDriver
Capabilities [{platform=MAC, acceptSslCerts=true, javascriptEnabled=true, browserName=chrome, chrome={userDataDir=/var/folders/wy/x2wnhsd15rxbcnwr07g161b00000gn/T/.org.chromium.Chromium.FlsBsa}, rotatable=false, locationContextEnabled=true, mobileEmulationEnabled=false, version=44.0.2403.125, takesHeapSnapshot=true, cssSelectorsEnabled=true, databaseEnabled=false, handlesAlerts=true, browserConnectionEnabled=false, webStorageEnabled=true, nativeEvents=true, applicationCacheEnabled=false, takesScreenshot=true}]
	at sun.reflect.NativeConstructorAccessorImpl.newInstance0(Native Method)
	at sun.reflect.NativeConstructorAccessorImpl.newInstance(NativeConstructorAccessorImpl.java:39)
	at sun.reflect.DelegatingConstructorAccessorImpl.newInstance(DelegatingConstructorAccessorImpl.java:27)
	at java.lang.reflect.Constructor.newInstance(Constructor.java:513)
	at org.openqa.selenium.remote.ErrorHandler.createThrowable(ErrorHandler.java:204)
	at org.openqa.selenium.remote.ErrorHandler.throwIfResponseFailed(ErrorHandler.java:156)
	at org.openqa.selenium.remote.RemoteWebDriver.execute(RemoteWebDriver.java:599)
	at org.openqa.selenium.remote.RemoteWebDriver.findElement(RemoteWebDriver.java:352)
	at org.openqa.selenium.remote.RemoteWebDriver.findElementByCssSelector(RemoteWebDriver.java:441)
	at org.openqa.selenium.By$ByCssSelector.findElement(By.java:426)
	at org.openqa.selenium.remote.RemoteWebDriver.findElement(RemoteWebDriver.java:344)
	at sun.reflect.NativeMethodAccessorImpl.invoke0(Native Method)
	at sun.reflect.NativeMethodAccessorImpl.invoke(NativeMethodAccessorImpl.java:39)
	at sun.reflect.DelegatingMethodAccessorImpl.invoke(DelegatingMethodAccessorImpl.java:25)
	at java.lang.reflect.Method.invoke(Method.java:597)
	at org.openqa.selenium.support.events.EventFiringWebDriver$2.invoke(EventFiringWebDriver.java:101)
	at com.sun.proxy.$Proxy1.findElement(Unknown Source)
	at org.openqa.selenium.support.events.EventFiringWebDriver.findElement(EventFiringWebDriver.java:184)
	at org.openqa.selenium.remote.server.handler.FindElement.call(FindElement.java:47)
	at org.openqa.selenium.remote.server.handler.FindElement.call(FindElement.java:1)
	at java.util.concurrent.FutureTask$Sync.innerRun(FutureTask.java:303)
	at java.util.concurrent.FutureTask.run(FutureTask.java:138)
	at org.openqa.selenium.remote.server.DefaultSession$1.run(DefaultSession.java:168)
	at java.util.concurrent.ThreadPoolExecutor$Worker.runTask(ThreadPoolExecutor.java:895)
	at java.util.concurrent.ThreadPoolExecutor$Worker.run(ThreadPoolExecutor.java:918)
	at java.lang.Thread.run(Thread.java:695)
19:12:03.117 WARN - Exception: no such element
  (Session info: chrome=44.0.2403.125)
  (Driver info: chromedriver=2.15.322455 (ae8db840dac8d0c453355d3d922c91adfb61df8f),platform=Mac OS X 10.10.2 x86_64) (WARNING: The server did not provide any stacktrace information)
Command duration or timeout: 12 milliseconds
For documentation on this error, please visit: http://seleniumhq.org/exceptions/no_such_element.html
Build info: version: '2.45.0', revision: '5017cb8', time: '2015-02-26 23:59:50'
System info: host: 'Abigails-Mini', ip: '192.168.1.105', os.name: 'Mac OS X', os.arch: 'x86_64', os.version: '10.10.2', java.version: '1.6.0_65'
*** Element info: {Using=css selector, value=#recordUpsertPage .pageHeader}
Session ID: be2c4eb9afe8e4d108267bb85a3d964d
Driver info: org.openqa.selenium.chrome.ChromeDriver
Capabilities [{platform=MAC, acceptSslCerts=true, javascriptEnabled=true, browserName=chrome, chrome={userDataDir=/var/folders/wy/x2wnhsd15rxbcnwr07g161b00000gn/T/.org.chromium.Chromium.FlsBsa}, rotatable=false, locationContextEnabled=true, mobileEmulationEnabled=false, version=44.0.2403.125, takesHeapSnapshot=true, cssSelectorsEnabled=true, databaseEnabled=false, handlesAlerts=true, browserConnectionEnabled=false, webStorageEnabled=true, nativeEvents=true, applicationCacheEnabled=false, takesScreenshot=true}]
19:12:03.366 INFO - Executing: [find element: By.cssSelector: #recordUpsertCard])
19:12:03.380 INFO - Done: [find element: By.cssSelector: #recordUpsertCard]
19:12:03.383 INFO - Executing: [find element: By.cssSelector: #recordMetaData])
19:12:04.273 WARN - Exception thrown
org.openqa.selenium.NoSuchElementException: no such element
  (Session info: chrome=44.0.2403.125)
  (Driver info: chromedriver=2.15.322455 (ae8db840dac8d0c453355d3d922c91adfb61df8f),platform=Mac OS X 10.10.2 x86_64) (WARNING: The server did not provide any stacktrace information)
Command duration or timeout: 11 milliseconds
For documentation on this error, please visit: http://seleniumhq.org/exceptions/no_such_element.html
Build info: version: '2.45.0', revision: '5017cb8', time: '2015-02-26 23:59:50'
System info: host: 'Abigails-Mini', ip: '192.168.1.105', os.name: 'Mac OS X', os.arch: 'x86_64', os.version: '10.10.2', java.version: '1.6.0_65'
*** Element info: {Using=css selector, value=#recordMetaData}
Session ID: be2c4eb9afe8e4d108267bb85a3d964d
Driver info: org.openqa.selenium.chrome.ChromeDriver
Capabilities [{platform=MAC, acceptSslCerts=true, javascriptEnabled=true, browserName=chrome, chrome={userDataDir=/var/folders/wy/x2wnhsd15rxbcnwr07g161b00000gn/T/.org.chromium.Chromium.FlsBsa}, rotatable=false, locationContextEnabled=true, mobileEmulationEnabled=false, version=44.0.2403.125, takesHeapSnapshot=true, cssSelectorsEnabled=true, databaseEnabled=false, handlesAlerts=true, browserConnectionEnabled=false, webStorageEnabled=true, nativeEvents=true, applicationCacheEnabled=false, takesScreenshot=true}]
	at sun.reflect.NativeConstructorAccessorImpl.newInstance0(Native Method)
	at sun.reflect.NativeConstructorAccessorImpl.newInstance(NativeConstructorAccessorImpl.java:39)
	at sun.reflect.DelegatingConstructorAccessorImpl.newInstance(DelegatingConstructorAccessorImpl.java:27)
	at java.lang.reflect.Constructor.newInstance(Constructor.java:513)
	at org.openqa.selenium.remote.ErrorHandler.createThrowable(ErrorHandler.java:204)
	at org.openqa.selenium.remote.ErrorHandler.throwIfResponseFailed(ErrorHandler.java:156)
	at org.openqa.selenium.remote.RemoteWebDriver.execute(RemoteWebDriver.java:599)
	at org.openqa.selenium.remote.RemoteWebDriver.findElement(RemoteWebDriver.java:352)
	at org.openqa.selenium.remote.RemoteWebDriver.findElementByCssSelector(RemoteWebDriver.java:441)
	at org.openqa.selenium.By$ByCssSelector.findElement(By.java:426)
	at org.openqa.selenium.remote.RemoteWebDriver.findElement(RemoteWebDriver.java:344)
	at sun.reflect.GeneratedMethodAccessor17.invoke(Unknown Source)
	at sun.reflect.DelegatingMethodAccessorImpl.invoke(DelegatingMethodAccessorImpl.java:25)
	at java.lang.reflect.Method.invoke(Method.java:597)
	at org.openqa.selenium.support.events.EventFiringWebDriver$2.invoke(EventFiringWebDriver.java:101)
	at com.sun.proxy.$Proxy1.findElement(Unknown Source)
	at org.openqa.selenium.support.events.EventFiringWebDriver.findElement(EventFiringWebDriver.java:184)
	at org.openqa.selenium.remote.server.handler.FindElement.call(FindElement.java:47)
	at org.openqa.selenium.remote.server.handler.FindElement.call(FindElement.java:1)
	at java.util.concurrent.FutureTask$Sync.innerRun(FutureTask.java:303)
	at java.util.concurrent.FutureTask.run(FutureTask.java:138)
	at org.openqa.selenium.remote.server.DefaultSession$1.run(DefaultSession.java:168)
	at java.util.concurrent.ThreadPoolExecutor$Worker.runTask(ThreadPoolExecutor.java:895)
	at java.util.concurrent.ThreadPoolExecutor$Worker.run(ThreadPoolExecutor.java:918)
	at java.lang.Thread.run(Thread.java:695)
19:12:04.274 WARN - Exception: no such element
  (Session info: chrome=44.0.2403.125)
  (Driver info: chromedriver=2.15.322455 (ae8db840dac8d0c453355d3d922c91adfb61df8f),platform=Mac OS X 10.10.2 x86_64) (WARNING: The server did not provide any stacktrace information)
Command duration or timeout: 11 milliseconds
For documentation on this error, please visit: http://seleniumhq.org/exceptions/no_such_element.html
Build info: version: '2.45.0', revision: '5017cb8', time: '2015-02-26 23:59:50'
System info: host: 'Abigails-Mini', ip: '192.168.1.105', os.name: 'Mac OS X', os.arch: 'x86_64', os.version: '10.10.2', java.version: '1.6.0_65'
*** Element info: {Using=css selector, value=#recordMetaData}
Session ID: be2c4eb9afe8e4d108267bb85a3d964d
Driver info: org.openqa.selenium.chrome.ChromeDriver
Capabilities [{platform=MAC, acceptSslCerts=true, javascriptEnabled=true, browserName=chrome, chrome={userDataDir=/var/folders/wy/x2wnhsd15rxbcnwr07g161b00000gn/T/.org.chromium.Chromium.FlsBsa}, rotatable=false, locationContextEnabled=true, mobileEmulationEnabled=false, version=44.0.2403.125, takesHeapSnapshot=true, cssSelectorsEnabled=true, databaseEnabled=false, handlesAlerts=true, browserConnectionEnabled=false, webStorageEnabled=true, nativeEvents=true, applicationCacheEnabled=false, takesScreenshot=true}]
19:12:04.518 INFO - Executing: [find element: By.cssSelector: #recordMetaInputs])
19:12:05.400 WARN - Exception thrown
org.openqa.selenium.NoSuchElementException: no such element
  (Session info: chrome=44.0.2403.125)
  (Driver info: chromedriver=2.15.322455 (ae8db840dac8d0c453355d3d922c91adfb61df8f),platform=Mac OS X 10.10.2 x86_64) (WARNING: The server did not provide any stacktrace information)
Command duration or timeout: 12 milliseconds
For documentation on this error, please visit: http://seleniumhq.org/exceptions/no_such_element.html
Build info: version: '2.45.0', revision: '5017cb8', time: '2015-02-26 23:59:50'
System info: host: 'Abigails-Mini', ip: '192.168.1.105', os.name: 'Mac OS X', os.arch: 'x86_64', os.version: '10.10.2', java.version: '1.6.0_65'
*** Element info: {Using=css selector, value=#recordMetaInputs}
Session ID: be2c4eb9afe8e4d108267bb85a3d964d
Driver info: org.openqa.selenium.chrome.ChromeDriver
Capabilities [{platform=MAC, acceptSslCerts=true, javascriptEnabled=true, browserName=chrome, chrome={userDataDir=/var/folders/wy/x2wnhsd15rxbcnwr07g161b00000gn/T/.org.chromium.Chromium.FlsBsa}, rotatable=false, locationContextEnabled=true, mobileEmulationEnabled=false, version=44.0.2403.125, takesHeapSnapshot=true, cssSelectorsEnabled=true, databaseEnabled=false, handlesAlerts=true, browserConnectionEnabled=false, webStorageEnabled=true, nativeEvents=true, applicationCacheEnabled=false, takesScreenshot=true}]
	at sun.reflect.NativeConstructorAccessorImpl.newInstance0(Native Method)
	at sun.reflect.NativeConstructorAccessorImpl.newInstance(NativeConstructorAccessorImpl.java:39)
	at sun.reflect.DelegatingConstructorAccessorImpl.newInstance(DelegatingConstructorAccessorImpl.java:27)
	at java.lang.reflect.Constructor.newInstance(Constructor.java:513)
	at org.openqa.selenium.remote.ErrorHandler.createThrowable(ErrorHandler.java:204)
	at org.openqa.selenium.remote.ErrorHandler.throwIfResponseFailed(ErrorHandler.java:156)
	at org.openqa.selenium.remote.RemoteWebDriver.execute(RemoteWebDriver.java:599)
	at org.openqa.selenium.remote.RemoteWebDriver.findElement(RemoteWebDriver.java:352)
	at org.openqa.selenium.remote.RemoteWebDriver.findElementByCssSelector(RemoteWebDriver.java:441)
	at org.openqa.selenium.By$ByCssSelector.findElement(By.java:426)
	at org.openqa.selenium.remote.RemoteWebDriver.findElement(RemoteWebDriver.java:344)
	at sun.reflect.GeneratedMethodAccessor17.invoke(Unknown Source)
	at sun.reflect.DelegatingMethodAccessorImpl.invoke(DelegatingMethodAccessorImpl.java:25)
	at java.lang.reflect.Method.invoke(Method.java:597)
	at org.openqa.selenium.support.events.EventFiringWebDriver$2.invoke(EventFiringWebDriver.java:101)
	at com.sun.proxy.$Proxy1.findElement(Unknown Source)
	at org.openqa.selenium.support.events.EventFiringWebDriver.findElement(EventFiringWebDriver.java:184)
	at org.openqa.selenium.remote.server.handler.FindElement.call(FindElement.java:47)
	at org.openqa.selenium.remote.server.handler.FindElement.call(FindElement.java:1)
	at java.util.concurrent.FutureTask$Sync.innerRun(FutureTask.java:303)
	at java.util.concurrent.FutureTask.run(FutureTask.java:138)
	at org.openqa.selenium.remote.server.DefaultSession$1.run(DefaultSession.java:168)
	at java.util.concurrent.ThreadPoolExecutor$Worker.runTask(ThreadPoolExecutor.java:895)
	at java.util.concurrent.ThreadPoolExecutor$Worker.run(ThreadPoolExecutor.java:918)
	at java.lang.Thread.run(Thread.java:695)
19:12:05.401 WARN - Exception: no such element
  (Session info: chrome=44.0.2403.125)
  (Driver info: chromedriver=2.15.322455 (ae8db840dac8d0c453355d3d922c91adfb61df8f),platform=Mac OS X 10.10.2 x86_64) (WARNING: The server did not provide any stacktrace information)
Command duration or timeout: 12 milliseconds
For documentation on this error, please visit: http://seleniumhq.org/exceptions/no_such_element.html
Build info: version: '2.45.0', revision: '5017cb8', time: '2015-02-26 23:59:50'
System info: host: 'Abigails-Mini', ip: '192.168.1.105', os.name: 'Mac OS X', os.arch: 'x86_64', os.version: '10.10.2', java.version: '1.6.0_65'
*** Element info: {Using=css selector, value=#recordMetaInputs}
Session ID: be2c4eb9afe8e4d108267bb85a3d964d
Driver info: org.openqa.selenium.chrome.ChromeDriver
Capabilities [{platform=MAC, acceptSslCerts=true, javascriptEnabled=true, browserName=chrome, chrome={userDataDir=/var/folders/wy/x2wnhsd15rxbcnwr07g161b00000gn/T/.org.chromium.Chromium.FlsBsa}, rotatable=false, locationContextEnabled=true, mobileEmulationEnabled=false, version=44.0.2403.125, takesHeapSnapshot=true, cssSelectorsEnabled=true, databaseEnabled=false, handlesAlerts=true, browserConnectionEnabled=false, webStorageEnabled=true, nativeEvents=true, applicationCacheEnabled=false, takesScreenshot=true}]
19:12:05.631 INFO - Executing: [find element: By.cssSelector: input[name="title"]])
19:12:05.644 INFO - Done: [find element: By.cssSelector: input[name="title"]]
19:12:05.647 INFO - Executing: [find element: By.cssSelector: input[name="url"]])
19:12:05.660 INFO - Done: [find element: By.cssSelector: input[name="url"]]
19:12:05.664 INFO - Executing: [find element: By.cssSelector: input[name="imageUrl"]])
19:12:05.677 INFO - Done: [find element: By.cssSelector: input[name="imageUrl"]]
19:12:05.680 INFO - Executing: [find element: By.cssSelector: #recordImage])
19:12:06.561 WARN - Exception thrown
org.openqa.selenium.NoSuchElementException: no such element
  (Session info: chrome=44.0.2403.125)
  (Driver info: chromedriver=2.15.322455 (ae8db840dac8d0c453355d3d922c91adfb61df8f),platform=Mac OS X 10.10.2 x86_64) (WARNING: The server did not provide any stacktrace information)
Command duration or timeout: 13 milliseconds
For documentation on this error, please visit: http://seleniumhq.org/exceptions/no_such_element.html
Build info: version: '2.45.0', revision: '5017cb8', time: '2015-02-26 23:59:50'
System info: host: 'Abigails-Mini', ip: '192.168.1.105', os.name: 'Mac OS X', os.arch: 'x86_64', os.version: '10.10.2', java.version: '1.6.0_65'
*** Element info: {Using=css selector, value=#recordImage}
Session ID: be2c4eb9afe8e4d108267bb85a3d964d
Driver info: org.openqa.selenium.chrome.ChromeDriver
Capabilities [{platform=MAC, acceptSslCerts=true, javascriptEnabled=true, browserName=chrome, chrome={userDataDir=/var/folders/wy/x2wnhsd15rxbcnwr07g161b00000gn/T/.org.chromium.Chromium.FlsBsa}, rotatable=false, locationContextEnabled=true, mobileEmulationEnabled=false, version=44.0.2403.125, takesHeapSnapshot=true, cssSelectorsEnabled=true, databaseEnabled=false, handlesAlerts=true, browserConnectionEnabled=false, webStorageEnabled=true, nativeEvents=true, applicationCacheEnabled=false, takesScreenshot=true}]
	at sun.reflect.NativeConstructorAccessorImpl.newInstance0(Native Method)
	at sun.reflect.NativeConstructorAccessorImpl.newInstance(NativeConstructorAccessorImpl.java:39)
	at sun.reflect.DelegatingConstructorAccessorImpl.newInstance(DelegatingConstructorAccessorImpl.java:27)
	at java.lang.reflect.Constructor.newInstance(Constructor.java:513)
	at org.openqa.selenium.remote.ErrorHandler.createThrowable(ErrorHandler.java:204)
	at org.openqa.selenium.remote.ErrorHandler.throwIfResponseFailed(ErrorHandler.java:156)
	at org.openqa.selenium.remote.RemoteWebDriver.execute(RemoteWebDriver.java:599)
	at org.openqa.selenium.remote.RemoteWebDriver.findElement(RemoteWebDriver.java:352)
	at org.openqa.selenium.remote.RemoteWebDriver.findElementByCssSelector(RemoteWebDriver.java:441)
	at org.openqa.selenium.By$ByCssSelector.findElement(By.java:426)
	at org.openqa.selenium.remote.RemoteWebDriver.findElement(RemoteWebDriver.java:344)
	at sun.reflect.GeneratedMethodAccessor17.invoke(Unknown Source)
	at sun.reflect.DelegatingMethodAccessorImpl.invoke(DelegatingMethodAccessorImpl.java:25)
	at java.lang.reflect.Method.invoke(Method.java:597)
	at org.openqa.selenium.support.events.EventFiringWebDriver$2.invoke(EventFiringWebDriver.java:101)
	at com.sun.proxy.$Proxy1.findElement(Unknown Source)
	at org.openqa.selenium.support.events.EventFiringWebDriver.findElement(EventFiringWebDriver.java:184)
	at org.openqa.selenium.remote.server.handler.FindElement.call(FindElement.java:47)
	at org.openqa.selenium.remote.server.handler.FindElement.call(FindElement.java:1)
	at java.util.concurrent.FutureTask$Sync.innerRun(FutureTask.java:303)
	at java.util.concurrent.FutureTask.run(FutureTask.java:138)
	at org.openqa.selenium.remote.server.DefaultSession$1.run(DefaultSession.java:168)
	at java.util.concurrent.ThreadPoolExecutor$Worker.runTask(ThreadPoolExecutor.java:895)
	at java.util.concurrent.ThreadPoolExecutor$Worker.run(ThreadPoolExecutor.java:918)
	at java.lang.Thread.run(Thread.java:695)
19:12:06.562 WARN - Exception: no such element
  (Session info: chrome=44.0.2403.125)
  (Driver info: chromedriver=2.15.322455 (ae8db840dac8d0c453355d3d922c91adfb61df8f),platform=Mac OS X 10.10.2 x86_64) (WARNING: The server did not provide any stacktrace information)
Command duration or timeout: 13 milliseconds
For documentation on this error, please visit: http://seleniumhq.org/exceptions/no_such_element.html
Build info: version: '2.45.0', revision: '5017cb8', time: '2015-02-26 23:59:50'
System info: host: 'Abigails-Mini', ip: '192.168.1.105', os.name: 'Mac OS X', os.arch: 'x86_64', os.version: '10.10.2', java.version: '1.6.0_65'
*** Element info: {Using=css selector, value=#recordImage}
Session ID: be2c4eb9afe8e4d108267bb85a3d964d
Driver info: org.openqa.selenium.chrome.ChromeDriver
Capabilities [{platform=MAC, acceptSslCerts=true, javascriptEnabled=true, browserName=chrome, chrome={userDataDir=/var/folders/wy/x2wnhsd15rxbcnwr07g161b00000gn/T/.org.chromium.Chromium.FlsBsa}, rotatable=false, locationContextEnabled=true, mobileEmulationEnabled=false, version=44.0.2403.125, takesHeapSnapshot=true, cssSelectorsEnabled=true, databaseEnabled=false, handlesAlerts=true, browserConnectionEnabled=false, webStorageEnabled=true, nativeEvents=true, applicationCacheEnabled=false, takesScreenshot=true}]
19:12:06.837 INFO - Executing: [find element: By.cssSelector: input[name="description"]])
19:12:06.850 INFO - Done: [find element: By.cssSelector: input[name="description"]]
19:12:06.856 INFO - Executing: [find element: By.cssSelector: #recordUpsertPage .pageFooter])
19:12:07.731 WARN - Exception thrown
org.openqa.selenium.NoSuchElementException: no such element
  (Session info: chrome=44.0.2403.125)
  (Driver info: chromedriver=2.15.322455 (ae8db840dac8d0c453355d3d922c91adfb61df8f),platform=Mac OS X 10.10.2 x86_64) (WARNING: The server did not provide any stacktrace information)
Command duration or timeout: 12 milliseconds
For documentation on this error, please visit: http://seleniumhq.org/exceptions/no_such_element.html
Build info: version: '2.45.0', revision: '5017cb8', time: '2015-02-26 23:59:50'
System info: host: 'Abigails-Mini', ip: '192.168.1.105', os.name: 'Mac OS X', os.arch: 'x86_64', os.version: '10.10.2', java.version: '1.6.0_65'
*** Element info: {Using=css selector, value=#recordUpsertPage .pageFooter}
Session ID: be2c4eb9afe8e4d108267bb85a3d964d
Driver info: org.openqa.selenium.chrome.ChromeDriver
Capabilities [{platform=MAC, acceptSslCerts=true, javascriptEnabled=true, browserName=chrome, chrome={userDataDir=/var/folders/wy/x2wnhsd15rxbcnwr07g161b00000gn/T/.org.chromium.Chromium.FlsBsa}, rotatable=false, locationContextEnabled=true, mobileEmulationEnabled=false, version=44.0.2403.125, takesHeapSnapshot=true, cssSelectorsEnabled=true, databaseEnabled=false, handlesAlerts=true, browserConnectionEnabled=false, webStorageEnabled=true, nativeEvents=true, applicationCacheEnabled=false, takesScreenshot=true}]
	at sun.reflect.NativeConstructorAccessorImpl.newInstance0(Native Method)
	at sun.reflect.NativeConstructorAccessorImpl.newInstance(NativeConstructorAccessorImpl.java:39)
	at sun.reflect.DelegatingConstructorAccessorImpl.newInstance(DelegatingConstructorAccessorImpl.java:27)
	at java.lang.reflect.Constructor.newInstance(Constructor.java:513)
	at org.openqa.selenium.remote.ErrorHandler.createThrowable(ErrorHandler.java:204)
	at org.openqa.selenium.remote.ErrorHandler.throwIfResponseFailed(ErrorHandler.java:156)
	at org.openqa.selenium.remote.RemoteWebDriver.execute(RemoteWebDriver.java:599)
	at org.openqa.selenium.remote.RemoteWebDriver.findElement(RemoteWebDriver.java:352)
	at org.openqa.selenium.remote.RemoteWebDriver.findElementByCssSelector(RemoteWebDriver.java:441)
	at org.openqa.selenium.By$ByCssSelector.findElement(By.java:426)
	at org.openqa.selenium.remote.RemoteWebDriver.findElement(RemoteWebDriver.java:344)
	at sun.reflect.GeneratedMethodAccessor17.invoke(Unknown Source)
	at sun.reflect.DelegatingMethodAccessorImpl.invoke(DelegatingMethodAccessorImpl.java:25)
	at java.lang.reflect.Method.invoke(Method.java:597)
	at org.openqa.selenium.support.events.EventFiringWebDriver$2.invoke(EventFiringWebDriver.java:101)
	at com.sun.proxy.$Proxy1.findElement(Unknown Source)
	at org.openqa.selenium.support.events.EventFiringWebDriver.findElement(EventFiringWebDriver.java:184)
	at org.openqa.selenium.remote.server.handler.FindElement.call(FindElement.java:47)
	at org.openqa.selenium.remote.server.handler.FindElement.call(FindElement.java:1)
	at java.util.concurrent.FutureTask$Sync.innerRun(FutureTask.java:303)
	at java.util.concurrent.FutureTask.run(FutureTask.java:138)
	at org.openqa.selenium.remote.server.DefaultSession$1.run(DefaultSession.java:168)
	at java.util.concurrent.ThreadPoolExecutor$Worker.runTask(ThreadPoolExecutor.java:895)
	at java.util.concurrent.ThreadPoolExecutor$Worker.run(ThreadPoolExecutor.java:918)
	at java.lang.Thread.run(Thread.java:695)
19:12:07.732 WARN - Exception: no such element
  (Session info: chrome=44.0.2403.125)
  (Driver info: chromedriver=2.15.322455 (ae8db840dac8d0c453355d3d922c91adfb61df8f),platform=Mac OS X 10.10.2 x86_64) (WARNING: The server did not provide any stacktrace information)
Command duration or timeout: 12 milliseconds
For documentation on this error, please visit: http://seleniumhq.org/exceptions/no_such_element.html
Build info: version: '2.45.0', revision: '5017cb8', time: '2015-02-26 23:59:50'
System info: host: 'Abigails-Mini', ip: '192.168.1.105', os.name: 'Mac OS X', os.arch: 'x86_64', os.version: '10.10.2', java.version: '1.6.0_65'
*** Element info: {Using=css selector, value=#recordUpsertPage .pageFooter}
Session ID: be2c4eb9afe8e4d108267bb85a3d964d
Driver info: org.openqa.selenium.chrome.ChromeDriver
Capabilities [{platform=MAC, acceptSslCerts=true, javascriptEnabled=true, browserName=chrome, chrome={userDataDir=/var/folders/wy/x2wnhsd15rxbcnwr07g161b00000gn/T/.org.chromium.Chromium.FlsBsa}, rotatable=false, locationContextEnabled=true, mobileEmulationEnabled=false, version=44.0.2403.125, takesHeapSnapshot=true, cssSelectorsEnabled=true, databaseEnabled=false, handlesAlerts=true, browserConnectionEnabled=false, webStorageEnabled=true, nativeEvents=true, applicationCacheEnabled=false, takesScreenshot=true}]
19:12:08.003 INFO - Executing: [find element: By.cssSelector: #saveRecordButton])
19:12:08.016 INFO - Done: [find element: By.cssSelector: #saveRecordButton]
19:12:08.023 INFO - Executing: [find element: By.cssSelector: input[name="title"]])
19:12:08.037 INFO - Done: [find element: By.cssSelector: input[name="title"]]
19:12:08.039 INFO - Executing: [clear: 9 [[ChromeDriver: chrome on MAC (be2c4eb9afe8e4d108267bb85a3d964d)] -> css selector: input[name="title"]]])
19:12:08.064 INFO - Done: [clear: 9 [[ChromeDriver: chrome on MAC (be2c4eb9afe8e4d108267bb85a3d964d)] -> css selector: input[name="title"]]]
19:12:08.070 INFO - Executing: [find element: By.cssSelector: input[name="title"]])
19:12:08.080 INFO - Done: [find element: By.cssSelector: input[name="title"]]
19:12:08.084 INFO - Executing: [send keys: 9 [[ChromeDriver: chrome on MAC (be2c4eb9afe8e4d108267bb85a3d964d)] -> css selector: input[name="title"]], [O, c, t, o, c, a, t]])
19:12:08.202 INFO - Done: [send keys: 9 [[ChromeDriver: chrome on MAC (be2c4eb9afe8e4d108267bb85a3d964d)] -> css selector: input[name="title"]], [O, c, t, o, c, a, t]]
19:12:08.205 INFO - Executing: [find element: By.cssSelector: input[name="url"]])
19:12:08.240 INFO - Done: [find element: By.cssSelector: input[name="url"]]
19:12:08.242 INFO - Executing: [clear: 10 [[ChromeDriver: chrome on MAC (be2c4eb9afe8e4d108267bb85a3d964d)] -> css selector: input[name="url"]]])
19:12:08.264 INFO - Done: [clear: 10 [[ChromeDriver: chrome on MAC (be2c4eb9afe8e4d108267bb85a3d964d)] -> css selector: input[name="url"]]]
19:12:08.268 INFO - Executing: [find element: By.cssSelector: input[name="url"]])
19:12:08.274 INFO - Done: [find element: By.cssSelector: input[name="url"]]
19:12:08.278 INFO - Executing: [send keys: 10 [[ChromeDriver: chrome on MAC (be2c4eb9afe8e4d108267bb85a3d964d)] -> css selector: input[name="url"]], [h, t, t, p, :, /, /, e, n, ., w, i, k, i, p, e, d, i, a, ., o, r, g, /, w, i, k, i, /, O, c, t, o, c, a, t]])
19:12:08.373 INFO - Done: [send keys: 10 [[ChromeDriver: chrome on MAC (be2c4eb9afe8e4d108267bb85a3d964d)] -> css selector: input[name="url"]], [h, t, t, p, :, /, /, e, n, ., w, i, k, i, p, e, d, i, a, ., o, r, g, /, w, i, k, i, /, O, c, t, o, c, a, t]]
19:12:08.377 INFO - Executing: [find element: By.cssSelector: input[name="imageUrl"]])
19:12:08.414 INFO - Done: [find element: By.cssSelector: input[name="imageUrl"]]
19:12:08.418 INFO - Executing: [clear: 11 [[ChromeDriver: chrome on MAC (be2c4eb9afe8e4d108267bb85a3d964d)] -> css selector: input[name="imageUrl"]]])
19:12:08.438 INFO - Done: [clear: 11 [[ChromeDriver: chrome on MAC (be2c4eb9afe8e4d108267bb85a3d964d)] -> css selector: input[name="imageUrl"]]]
19:12:08.442 INFO - Executing: [find element: By.cssSelector: input[name="imageUrl"]])
19:12:08.450 INFO - Done: [find element: By.cssSelector: input[name="imageUrl"]]
19:12:08.454 INFO - Executing: [send keys: 11 [[ChromeDriver: chrome on MAC (be2c4eb9afe8e4d108267bb85a3d964d)] -> css selector: input[name="imageUrl"]], [h, t, t, p, s, :, /, /, a, s, s, e, t, s, -, c, d, n, ., g, i, t, h, u, b, ., c, o, m, /, i, m, a, g, e, s, /, m, o, d, u, l, e, s, /, l, o, g, o, s, _, p, a, g, e, /, O, c, t, o, c, a, t, ., p, n, g]])
19:12:08.552 INFO - Done: [send keys: 11 [[ChromeDriver: chrome on MAC (be2c4eb9afe8e4d108267bb85a3d964d)] -> css selector: input[name="imageUrl"]], [h, t, t, p, s, :, /, /, a, s, s, e, t, s, -, c, d, n, ., g, i, t, h, u, b, ., c, o, m, /, i, m, a, g, e, s, /, m, o, d, u, l, e, s, /, l, o, g, o, s, _, p, a, g, e, /, O, c, t, o, c, a, t, ., p, n, g]]
19:12:08.555 INFO - Executing: [find element: By.cssSelector: input[name="description"]])
19:12:08.623 INFO - Done: [find element: By.cssSelector: input[name="description"]]
19:12:08.625 INFO - Executing: [clear: 12 [[ChromeDriver: chrome on MAC (be2c4eb9afe8e4d108267bb85a3d964d)] -> css selector: input[name="description"]]])
19:12:08.644 INFO - Done: [clear: 12 [[ChromeDriver: chrome on MAC (be2c4eb9afe8e4d108267bb85a3d964d)] -> css selector: input[name="description"]]]
19:12:08.647 INFO - Executing: [find element: By.cssSelector: input[name="description"]])
19:12:08.655 INFO - Done: [find element: By.cssSelector: input[name="description"]]
19:12:08.673 INFO - Executing: [send keys: 12 [[ChromeDriver: chrome on MAC (be2c4eb9afe8e4d108267bb85a3d964d)] -> css selector: input[name="description"]], [F, u, n, n, i, l, y,  , e, n, o, u, g, h, ,,  , O, x, l, e, y,  , d, e, s, i, g, n, e, d,  , t, h, e,  , o, c, t, o, c, a, t,  , r, i, g, h, t,  , a, r, o, u, n, d,  , t, h, e,  , s, a, m, e,  , t, i, m, e,  , a, s,  , t, h, e,  , T, w, i, t, t, e, r,  , b, i, r, d, ,,  , i, n,  , 2, 0, 0, 6, .,  , G, i, t, H, u, b,  , w, a, n, t, e, d,  , t, o,  , u, s, e,  , i, t,  , f, o, r,  , t, h, e, i, r,  , l, o, g, o, ,,  , s, o,  , t, h, e, y,  , r, e, a, c, h, e, d,  , o, u, t,  , t, o,  , O, x, l, e, y,  , t, o,  , b, y, p, a, s, s,  , i, S, t, o, c, k,  , r, u, l, e, s,  , a, n, d,  , b, u, y,  , t, h, e,  , r, i, g, h, t, s,  , t, o,  , t, h, e,  , O, c, t, o, c, a, t,  , d, i, r, e, c, t, l, y, .,  , O, n,  , Q, u, o, r, a, ,,  , G, i, t, H, u, b,  , c, o, -, f, o, u, n, d, e, r,  , P, J,  , H, y, e, t, t,  , s, a, i, d, ,,  , , E, v, e, r, y, b, o, d, y,  , s, e, e, m, s,  , t, o,  , l, o, v, e,  , t, h, e,  , l, i, t, t, l, e,  , g, u, y, .,  , I, , d,  , b, e,  , l, y, i, n, g,  , i, f,  , I,  , t, o, l, d,  , y, o, u,  , t, h, e,  , t, h, o, u, g, h, t,  , o, f,  , h, i, r, i, n, g,  , s, o, m, e, o, n, e,  , t, o,  , j, u, s, t,  , d, o,  , O, c, t, o, c, a, t,  , m, e, r, c, h, a, n, d, i, s, i, n, g,  , h, a, d,  , n, e, v, e, r,  , c, r, o, s, s, e, d,  , m, y,  , m, i, n, d, ., ,  , O, x, l, e, y,  , s, a, y, s,  , h, e,  , d, o, e, s, n, , t,  , c, l, e, a, r, l, y,  , r, e, c, o, l, l, e, c, t,  , c, r, e, a, t, i, n, g,  , t, h, e,  , O, c, t, o, c, a, t, ,,  , b, u, t,  , t, h, a, t,  , h, e,  , k, n, o, w, s,  , h, e,  , u, s, e, d,  , t, h, e,  , h, e, a, d,  , o, n,  , a, n, o, t, h, e, r,  , d, e, s, i, g, n, ,,  , a, n, d,  , c, o, p, i, e, d,  , a, n, d,  , p, a, s, t, e, d,  , i, t,  , o, n, t, o,  , t, e, n, t, a, c, l, e, s,  , t, h, r, o, u, g, h,  , I, l, l, u, s, t, r, a, t, o, r, .]])
19:12:09.261 INFO - Done: [send keys: 12 [[ChromeDriver: chrome on MAC (be2c4eb9afe8e4d108267bb85a3d964d)] -> css selector: input[name="description"]], [F, u, n, n, i, l, y,  , e, n, o, u, g, h, ,,  , O, x, l, e, y,  , d, e, s, i, g, n, e, d,  , t, h, e,  , o, c, t, o, c, a, t,  , r, i, g, h, t,  , a, r, o, u, n, d,  , t, h, e,  , s, a, m, e,  , t, i, m, e,  , a, s,  , t, h, e,  , T, w, i, t, t, e, r,  , b, i, r, d, ,,  , i, n,  , 2, 0, 0, 6, .,  , G, i, t, H, u, b,  , w, a, n, t, e, d,  , t, o,  , u, s, e,  , i, t,  , f, o, r,  , t, h, e, i, r,  , l, o, g, o, ,,  , s, o,  , t, h, e, y,  , r, e, a, c, h, e, d,  , o, u, t,  , t, o,  , O, x, l, e, y,  , t, o,  , b, y, p, a, s, s,  , i, S, t, o, c, k,  , r, u, l, e, s,  , a, n, d,  , b, u, y,  , t, h, e,  , r, i, g, h, t, s,  , t, o,  , t, h, e,  , O, c, t, o, c, a, t,  , d, i, r, e, c, t, l, y, .,  , O, n,  , Q, u, o, r, a, ,,  , G, i, t, H, u, b,  , c, o, -, f, o, u, n, d, e, r,  , P, J,  , H, y, e, t, t,  , s, a, i, d, ,,  , , E, v, e, r, y, b, o, d, y,  , s, e, e, m, s,  , t, o,  , l, o, v, e,  , t, h, e,  , l, i, t, t, l, e,  , g, u, y, .,  , I, , d,  , b, e,  , l, y, i, n, g,  , i, f,  , I,  , t, o, l, d,  , y, o, u,  , t, h, e,  , t, h, o, u, g, h, t,  , o, f,  , h, i, r, i, n, g,  , s, o, m, e, o, n, e,  , t, o,  , j, u, s, t,  , d, o,  , O, c, t, o, c, a, t,  , m, e, r, c, h, a, n, d, i, s, i, n, g,  , h, a, d,  , n, e, v, e, r,  , c, r, o, s, s, e, d,  , m, y,  , m, i, n, d, ., ,  , O, x, l, e, y,  , s, a, y, s,  , h, e,  , d, o, e, s, n, , t,  , c, l, e, a, r, l, y,  , r, e, c, o, l, l, e, c, t,  , c, r, e, a, t, i, n, g,  , t, h, e,  , O, c, t, o, c, a, t, ,,  , b, u, t,  , t, h, a, t,  , h, e,  , k, n, o, w, s,  , h, e,  , u, s, e, d,  , t, h, e,  , h, e, a, d,  , o, n,  , a, n, o, t, h, e, r,  , d, e, s, i, g, n, ,,  , a, n, d,  , c, o, p, i, e, d,  , a, n, d,  , p, a, s, t, e, d,  , i, t,  , o, n, t, o,  , t, e, n, t, a, c, l, e, s,  , t, h, r, o, u, g, h,  , I, l, l, u, s, t, r, a, t, o, r, .]]
19:12:09.264 INFO - Executing: [find element: By.cssSelector: #saveRecordButton])
19:12:09.746 INFO - Done: [find element: By.cssSelector: #saveRecordButton]
19:12:09.751 INFO - Executing: [find element: By.cssSelector: #saveRecordButton])
19:12:09.760 INFO - Done: [find element: By.cssSelector: #saveRecordButton]
19:12:09.764 INFO - Executing: [mousemove: 13 true])
19:12:09.782 INFO - Done: [mousemove: 13 true]
19:12:09.788 INFO - Executing: [find element: By.cssSelector: #saveRecordButton])
19:12:09.797 INFO - Done: [find element: By.cssSelector: #saveRecordButton]
19:12:09.801 INFO - Executing: [is displayed: 13 [[ChromeDriver: chrome on MAC (be2c4eb9afe8e4d108267bb85a3d964d)] -> css selector: #saveRecordButton]])
19:12:09.815 INFO - Done: [is displayed: 13 [[ChromeDriver: chrome on MAC (be2c4eb9afe8e4d108267bb85a3d964d)] -> css selector: #saveRecordButton]]
19:12:09.819 INFO - Executing: [find element: By.cssSelector: #saveRecordButton])
19:12:09.828 INFO - Done: [find element: By.cssSelector: #saveRecordButton]
19:12:09.831 INFO - Executing: [click: 13 [[ChromeDriver: chrome on MAC (be2c4eb9afe8e4d108267bb85a3d964d)] -> css selector: #saveRecordButton]])
19:12:09.865 INFO - Done: [click: 13 [[ChromeDriver: chrome on MAC (be2c4eb9afe8e4d108267bb85a3d964d)] -> css selector: #saveRecordButton]]
19:12:10.172 INFO - Executing: [find element: By.cssSelector: #recordUpsertPage])
19:12:10.179 INFO - Done: [find element: By.cssSelector: #recordUpsertPage]
19:12:10.182 INFO - Executing: [find element: By.cssSelector: #recordUpsertPage .pageHeader])
19:12:11.051 WARN - Exception thrown
org.openqa.selenium.NoSuchElementException: no such element
  (Session info: chrome=44.0.2403.125)
  (Driver info: chromedriver=2.15.322455 (ae8db840dac8d0c453355d3d922c91adfb61df8f),platform=Mac OS X 10.10.2 x86_64) (WARNING: The server did not provide any stacktrace information)
Command duration or timeout: 12 milliseconds
For documentation on this error, please visit: http://seleniumhq.org/exceptions/no_such_element.html
Build info: version: '2.45.0', revision: '5017cb8', time: '2015-02-26 23:59:50'
System info: host: 'Abigails-Mini', ip: '192.168.1.105', os.name: 'Mac OS X', os.arch: 'x86_64', os.version: '10.10.2', java.version: '1.6.0_65'
*** Element info: {Using=css selector, value=#recordUpsertPage .pageHeader}
Session ID: be2c4eb9afe8e4d108267bb85a3d964d
Driver info: org.openqa.selenium.chrome.ChromeDriver
Capabilities [{platform=MAC, acceptSslCerts=true, javascriptEnabled=true, browserName=chrome, chrome={userDataDir=/var/folders/wy/x2wnhsd15rxbcnwr07g161b00000gn/T/.org.chromium.Chromium.FlsBsa}, rotatable=false, locationContextEnabled=true, mobileEmulationEnabled=false, version=44.0.2403.125, takesHeapSnapshot=true, cssSelectorsEnabled=true, databaseEnabled=false, handlesAlerts=true, browserConnectionEnabled=false, webStorageEnabled=true, nativeEvents=true, applicationCacheEnabled=false, takesScreenshot=true}]
	at sun.reflect.NativeConstructorAccessorImpl.newInstance0(Native Method)
	at sun.reflect.NativeConstructorAccessorImpl.newInstance(NativeConstructorAccessorImpl.java:39)
	at sun.reflect.DelegatingConstructorAccessorImpl.newInstance(DelegatingConstructorAccessorImpl.java:27)
	at java.lang.reflect.Constructor.newInstance(Constructor.java:513)
	at org.openqa.selenium.remote.ErrorHandler.createThrowable(ErrorHandler.java:204)
	at org.openqa.selenium.remote.ErrorHandler.throwIfResponseFailed(ErrorHandler.java:156)
	at org.openqa.selenium.remote.RemoteWebDriver.execute(RemoteWebDriver.java:599)
	at org.openqa.selenium.remote.RemoteWebDriver.findElement(RemoteWebDriver.java:352)
	at org.openqa.selenium.remote.RemoteWebDriver.findElementByCssSelector(RemoteWebDriver.java:441)
	at org.openqa.selenium.By$ByCssSelector.findElement(By.java:426)
	at org.openqa.selenium.remote.RemoteWebDriver.findElement(RemoteWebDriver.java:344)
	at sun.reflect.GeneratedMethodAccessor17.invoke(Unknown Source)
	at sun.reflect.DelegatingMethodAccessorImpl.invoke(DelegatingMethodAccessorImpl.java:25)
	at java.lang.reflect.Method.invoke(Method.java:597)
	at org.openqa.selenium.support.events.EventFiringWebDriver$2.invoke(EventFiringWebDriver.java:101)
	at com.sun.proxy.$Proxy1.findElement(Unknown Source)
	at org.openqa.selenium.support.events.EventFiringWebDriver.findElement(EventFiringWebDriver.java:184)
	at org.openqa.selenium.remote.server.handler.FindElement.call(FindElement.java:47)
	at org.openqa.selenium.remote.server.handler.FindElement.call(FindElement.java:1)
	at java.util.concurrent.FutureTask$Sync.innerRun(FutureTask.java:303)
	at java.util.concurrent.FutureTask.run(FutureTask.java:138)
	at org.openqa.selenium.remote.server.DefaultSession$1.run(DefaultSession.java:168)
	at java.util.concurrent.ThreadPoolExecutor$Worker.runTask(ThreadPoolExecutor.java:895)
	at java.util.concurrent.ThreadPoolExecutor$Worker.run(ThreadPoolExecutor.java:918)
	at java.lang.Thread.run(Thread.java:695)
19:12:11.052 WARN - Exception: no such element
  (Session info: chrome=44.0.2403.125)
  (Driver info: chromedriver=2.15.322455 (ae8db840dac8d0c453355d3d922c91adfb61df8f),platform=Mac OS X 10.10.2 x86_64) (WARNING: The server did not provide any stacktrace information)
Command duration or timeout: 12 milliseconds
For documentation on this error, please visit: http://seleniumhq.org/exceptions/no_such_element.html
Build info: version: '2.45.0', revision: '5017cb8', time: '2015-02-26 23:59:50'
System info: host: 'Abigails-Mini', ip: '192.168.1.105', os.name: 'Mac OS X', os.arch: 'x86_64', os.version: '10.10.2', java.version: '1.6.0_65'
*** Element info: {Using=css selector, value=#recordUpsertPage .pageHeader}
Session ID: be2c4eb9afe8e4d108267bb85a3d964d
Driver info: org.openqa.selenium.chrome.ChromeDriver
Capabilities [{platform=MAC, acceptSslCerts=true, javascriptEnabled=true, browserName=chrome, chrome={userDataDir=/var/folders/wy/x2wnhsd15rxbcnwr07g161b00000gn/T/.org.chromium.Chromium.FlsBsa}, rotatable=false, locationContextEnabled=true, mobileEmulationEnabled=false, version=44.0.2403.125, takesHeapSnapshot=true, cssSelectorsEnabled=true, databaseEnabled=false, handlesAlerts=true, browserConnectionEnabled=false, webStorageEnabled=true, nativeEvents=true, applicationCacheEnabled=false, takesScreenshot=true}]
19:12:11.273 INFO - Executing: [find element: By.cssSelector: #recordUpsertCard])
19:12:11.287 INFO - Done: [find element: By.cssSelector: #recordUpsertCard]
19:12:11.290 INFO - Executing: [find element: By.cssSelector: #recordMetaData])
19:12:12.156 WARN - Exception thrown
org.openqa.selenium.NoSuchElementException: no such element
  (Session info: chrome=44.0.2403.125)
  (Driver info: chromedriver=2.15.322455 (ae8db840dac8d0c453355d3d922c91adfb61df8f),platform=Mac OS X 10.10.2 x86_64) (WARNING: The server did not provide any stacktrace information)
Command duration or timeout: 12 milliseconds
For documentation on this error, please visit: http://seleniumhq.org/exceptions/no_such_element.html
Build info: version: '2.45.0', revision: '5017cb8', time: '2015-02-26 23:59:50'
System info: host: 'Abigails-Mini', ip: '192.168.1.105', os.name: 'Mac OS X', os.arch: 'x86_64', os.version: '10.10.2', java.version: '1.6.0_65'
*** Element info: {Using=css selector, value=#recordMetaData}
Session ID: be2c4eb9afe8e4d108267bb85a3d964d
Driver info: org.openqa.selenium.chrome.ChromeDriver
Capabilities [{platform=MAC, acceptSslCerts=true, javascriptEnabled=true, browserName=chrome, chrome={userDataDir=/var/folders/wy/x2wnhsd15rxbcnwr07g161b00000gn/T/.org.chromium.Chromium.FlsBsa}, rotatable=false, locationContextEnabled=true, mobileEmulationEnabled=false, version=44.0.2403.125, takesHeapSnapshot=true, cssSelectorsEnabled=true, databaseEnabled=false, handlesAlerts=true, browserConnectionEnabled=false, webStorageEnabled=true, nativeEvents=true, applicationCacheEnabled=false, takesScreenshot=true}]
	at sun.reflect.NativeConstructorAccessorImpl.newInstance0(Native Method)
	at sun.reflect.NativeConstructorAccessorImpl.newInstance(NativeConstructorAccessorImpl.java:39)
	at sun.reflect.DelegatingConstructorAccessorImpl.newInstance(DelegatingConstructorAccessorImpl.java:27)
	at java.lang.reflect.Constructor.newInstance(Constructor.java:513)
	at org.openqa.selenium.remote.ErrorHandler.createThrowable(ErrorHandler.java:204)
	at org.openqa.selenium.remote.ErrorHandler.throwIfResponseFailed(ErrorHandler.java:156)
	at org.openqa.selenium.remote.RemoteWebDriver.execute(RemoteWebDriver.java:599)
	at org.openqa.selenium.remote.RemoteWebDriver.findElement(RemoteWebDriver.java:352)
	at org.openqa.selenium.remote.RemoteWebDriver.findElementByCssSelector(RemoteWebDriver.java:441)
	at org.openqa.selenium.By$ByCssSelector.findElement(By.java:426)
	at org.openqa.selenium.remote.RemoteWebDriver.findElement(RemoteWebDriver.java:344)
	at sun.reflect.GeneratedMethodAccessor17.invoke(Unknown Source)
	at sun.reflect.DelegatingMethodAccessorImpl.invoke(DelegatingMethodAccessorImpl.java:25)
	at java.lang.reflect.Method.invoke(Method.java:597)
	at org.openqa.selenium.support.events.EventFiringWebDriver$2.invoke(EventFiringWebDriver.java:101)
	at com.sun.proxy.$Proxy1.findElement(Unknown Source)
	at org.openqa.selenium.support.events.EventFiringWebDriver.findElement(EventFiringWebDriver.java:184)
	at org.openqa.selenium.remote.server.handler.FindElement.call(FindElement.java:47)
	at org.openqa.selenium.remote.server.handler.FindElement.call(FindElement.java:1)
	at java.util.concurrent.FutureTask$Sync.innerRun(FutureTask.java:303)
	at java.util.concurrent.FutureTask.run(FutureTask.java:138)
	at org.openqa.selenium.remote.server.DefaultSession$1.run(DefaultSession.java:168)
	at java.util.concurrent.ThreadPoolExecutor$Worker.runTask(ThreadPoolExecutor.java:895)
	at java.util.concurrent.ThreadPoolExecutor$Worker.run(ThreadPoolExecutor.java:918)
	at java.lang.Thread.run(Thread.java:695)
19:12:12.157 WARN - Exception: no such element
  (Session info: chrome=44.0.2403.125)
  (Driver info: chromedriver=2.15.322455 (ae8db840dac8d0c453355d3d922c91adfb61df8f),platform=Mac OS X 10.10.2 x86_64) (WARNING: The server did not provide any stacktrace information)
Command duration or timeout: 12 milliseconds
For documentation on this error, please visit: http://seleniumhq.org/exceptions/no_such_element.html
Build info: version: '2.45.0', revision: '5017cb8', time: '2015-02-26 23:59:50'
System info: host: 'Abigails-Mini', ip: '192.168.1.105', os.name: 'Mac OS X', os.arch: 'x86_64', os.version: '10.10.2', java.version: '1.6.0_65'
*** Element info: {Using=css selector, value=#recordMetaData}
Session ID: be2c4eb9afe8e4d108267bb85a3d964d
Driver info: org.openqa.selenium.chrome.ChromeDriver
Capabilities [{platform=MAC, acceptSslCerts=true, javascriptEnabled=true, browserName=chrome, chrome={userDataDir=/var/folders/wy/x2wnhsd15rxbcnwr07g161b00000gn/T/.org.chromium.Chromium.FlsBsa}, rotatable=false, locationContextEnabled=true, mobileEmulationEnabled=false, version=44.0.2403.125, takesHeapSnapshot=true, cssSelectorsEnabled=true, databaseEnabled=false, handlesAlerts=true, browserConnectionEnabled=false, webStorageEnabled=true, nativeEvents=true, applicationCacheEnabled=false, takesScreenshot=true}]
19:12:12.397 INFO - Executing: [find element: By.cssSelector: #recordMetaInputs])
19:12:13.254 WARN - Exception thrown
org.openqa.selenium.NoSuchElementException: no such element
  (Session info: chrome=44.0.2403.125)
  (Driver info: chromedriver=2.15.322455 (ae8db840dac8d0c453355d3d922c91adfb61df8f),platform=Mac OS X 10.10.2 x86_64) (WARNING: The server did not provide any stacktrace information)
Command duration or timeout: 6 milliseconds
For documentation on this error, please visit: http://seleniumhq.org/exceptions/no_such_element.html
Build info: version: '2.45.0', revision: '5017cb8', time: '2015-02-26 23:59:50'
System info: host: 'Abigails-Mini', ip: '192.168.1.105', os.name: 'Mac OS X', os.arch: 'x86_64', os.version: '10.10.2', java.version: '1.6.0_65'
*** Element info: {Using=css selector, value=#recordMetaInputs}
Session ID: be2c4eb9afe8e4d108267bb85a3d964d
Driver info: org.openqa.selenium.chrome.ChromeDriver
Capabilities [{platform=MAC, acceptSslCerts=true, javascriptEnabled=true, browserName=chrome, chrome={userDataDir=/var/folders/wy/x2wnhsd15rxbcnwr07g161b00000gn/T/.org.chromium.Chromium.FlsBsa}, rotatable=false, locationContextEnabled=true, mobileEmulationEnabled=false, version=44.0.2403.125, takesHeapSnapshot=true, cssSelectorsEnabled=true, databaseEnabled=false, handlesAlerts=true, browserConnectionEnabled=false, webStorageEnabled=true, nativeEvents=true, applicationCacheEnabled=false, takesScreenshot=true}]
	at sun.reflect.NativeConstructorAccessorImpl.newInstance0(Native Method)
	at sun.reflect.NativeConstructorAccessorImpl.newInstance(NativeConstructorAccessorImpl.java:39)
	at sun.reflect.DelegatingConstructorAccessorImpl.newInstance(DelegatingConstructorAccessorImpl.java:27)
	at java.lang.reflect.Constructor.newInstance(Constructor.java:513)
	at org.openqa.selenium.remote.ErrorHandler.createThrowable(ErrorHandler.java:204)
	at org.openqa.selenium.remote.ErrorHandler.throwIfResponseFailed(ErrorHandler.java:156)
	at org.openqa.selenium.remote.RemoteWebDriver.execute(RemoteWebDriver.java:599)
	at org.openqa.selenium.remote.RemoteWebDriver.findElement(RemoteWebDriver.java:352)
	at org.openqa.selenium.remote.RemoteWebDriver.findElementByCssSelector(RemoteWebDriver.java:441)
	at org.openqa.selenium.By$ByCssSelector.findElement(By.java:426)
	at org.openqa.selenium.remote.RemoteWebDriver.findElement(RemoteWebDriver.java:344)
	at sun.reflect.GeneratedMethodAccessor17.invoke(Unknown Source)
	at sun.reflect.DelegatingMethodAccessorImpl.invoke(DelegatingMethodAccessorImpl.java:25)
	at java.lang.reflect.Method.invoke(Method.java:597)
	at org.openqa.selenium.support.events.EventFiringWebDriver$2.invoke(EventFiringWebDriver.java:101)
	at com.sun.proxy.$Proxy1.findElement(Unknown Source)
	at org.openqa.selenium.support.events.EventFiringWebDriver.findElement(EventFiringWebDriver.java:184)
	at org.openqa.selenium.remote.server.handler.FindElement.call(FindElement.java:47)
	at org.openqa.selenium.remote.server.handler.FindElement.call(FindElement.java:1)
	at java.util.concurrent.FutureTask$Sync.innerRun(FutureTask.java:303)
	at java.util.concurrent.FutureTask.run(FutureTask.java:138)
	at org.openqa.selenium.remote.server.DefaultSession$1.run(DefaultSession.java:168)
	at java.util.concurrent.ThreadPoolExecutor$Worker.runTask(ThreadPoolExecutor.java:895)
	at java.util.concurrent.ThreadPoolExecutor$Worker.run(ThreadPoolExecutor.java:918)
	at java.lang.Thread.run(Thread.java:695)
19:12:13.255 WARN - Exception: no such element
  (Session info: chrome=44.0.2403.125)
  (Driver info: chromedriver=2.15.322455 (ae8db840dac8d0c453355d3d922c91adfb61df8f),platform=Mac OS X 10.10.2 x86_64) (WARNING: The server did not provide any stacktrace information)
Command duration or timeout: 6 milliseconds
For documentation on this error, please visit: http://seleniumhq.org/exceptions/no_such_element.html
Build info: version: '2.45.0', revision: '5017cb8', time: '2015-02-26 23:59:50'
System info: host: 'Abigails-Mini', ip: '192.168.1.105', os.name: 'Mac OS X', os.arch: 'x86_64', os.version: '10.10.2', java.version: '1.6.0_65'
*** Element info: {Using=css selector, value=#recordMetaInputs}
Session ID: be2c4eb9afe8e4d108267bb85a3d964d
Driver info: org.openqa.selenium.chrome.ChromeDriver
Capabilities [{platform=MAC, acceptSslCerts=true, javascriptEnabled=true, browserName=chrome, chrome={userDataDir=/var/folders/wy/x2wnhsd15rxbcnwr07g161b00000gn/T/.org.chromium.Chromium.FlsBsa}, rotatable=false, locationContextEnabled=true, mobileEmulationEnabled=false, version=44.0.2403.125, takesHeapSnapshot=true, cssSelectorsEnabled=true, databaseEnabled=false, handlesAlerts=true, browserConnectionEnabled=false, webStorageEnabled=true, nativeEvents=true, applicationCacheEnabled=false, takesScreenshot=true}]
19:12:13.486 INFO - Executing: [find element: By.cssSelector: input[name="title"]])
19:12:13.493 INFO - Done: [find element: By.cssSelector: input[name="title"]]
19:12:13.496 INFO - Executing: [find element: By.cssSelector: input[name="url"]])
19:12:13.502 INFO - Done: [find element: By.cssSelector: input[name="url"]]
19:12:13.505 INFO - Executing: [find element: By.cssSelector: input[name="imageUrl"]])
19:12:13.511 INFO - Done: [find element: By.cssSelector: input[name="imageUrl"]]
19:12:13.513 INFO - Executing: [find element: By.cssSelector: #recordImage])
19:12:14.391 WARN - Exception thrown
org.openqa.selenium.NoSuchElementException: no such element
  (Session info: chrome=44.0.2403.125)
  (Driver info: chromedriver=2.15.322455 (ae8db840dac8d0c453355d3d922c91adfb61df8f),platform=Mac OS X 10.10.2 x86_64) (WARNING: The server did not provide any stacktrace information)
Command duration or timeout: 12 milliseconds
For documentation on this error, please visit: http://seleniumhq.org/exceptions/no_such_element.html
Build info: version: '2.45.0', revision: '5017cb8', time: '2015-02-26 23:59:50'
System info: host: 'Abigails-Mini', ip: '192.168.1.105', os.name: 'Mac OS X', os.arch: 'x86_64', os.version: '10.10.2', java.version: '1.6.0_65'
*** Element info: {Using=css selector, value=#recordImage}
Session ID: be2c4eb9afe8e4d108267bb85a3d964d
Driver info: org.openqa.selenium.chrome.ChromeDriver
Capabilities [{platform=MAC, acceptSslCerts=true, javascriptEnabled=true, browserName=chrome, chrome={userDataDir=/var/folders/wy/x2wnhsd15rxbcnwr07g161b00000gn/T/.org.chromium.Chromium.FlsBsa}, rotatable=false, locationContextEnabled=true, mobileEmulationEnabled=false, version=44.0.2403.125, takesHeapSnapshot=true, cssSelectorsEnabled=true, databaseEnabled=false, handlesAlerts=true, browserConnectionEnabled=false, webStorageEnabled=true, nativeEvents=true, applicationCacheEnabled=false, takesScreenshot=true}]
	at sun.reflect.NativeConstructorAccessorImpl.newInstance0(Native Method)
	at sun.reflect.NativeConstructorAccessorImpl.newInstance(NativeConstructorAccessorImpl.java:39)
	at sun.reflect.DelegatingConstructorAccessorImpl.newInstance(DelegatingConstructorAccessorImpl.java:27)
	at java.lang.reflect.Constructor.newInstance(Constructor.java:513)
	at org.openqa.selenium.remote.ErrorHandler.createThrowable(ErrorHandler.java:204)
	at org.openqa.selenium.remote.ErrorHandler.throwIfResponseFailed(ErrorHandler.java:156)
	at org.openqa.selenium.remote.RemoteWebDriver.execute(RemoteWebDriver.java:599)
	at org.openqa.selenium.remote.RemoteWebDriver.findElement(RemoteWebDriver.java:352)
	at org.openqa.selenium.remote.RemoteWebDriver.findElementByCssSelector(RemoteWebDriver.java:441)
	at org.openqa.selenium.By$ByCssSelector.findElement(By.java:426)
	at org.openqa.selenium.remote.RemoteWebDriver.findElement(RemoteWebDriver.java:344)
	at sun.reflect.GeneratedMethodAccessor17.invoke(Unknown Source)
	at sun.reflect.DelegatingMethodAccessorImpl.invoke(DelegatingMethodAccessorImpl.java:25)
	at java.lang.reflect.Method.invoke(Method.java:597)
	at org.openqa.selenium.support.events.EventFiringWebDriver$2.invoke(EventFiringWebDriver.java:101)
	at com.sun.proxy.$Proxy1.findElement(Unknown Source)
	at org.openqa.selenium.support.events.EventFiringWebDriver.findElement(EventFiringWebDriver.java:184)
	at org.openqa.selenium.remote.server.handler.FindElement.call(FindElement.java:47)
	at org.openqa.selenium.remote.server.handler.FindElement.call(FindElement.java:1)
	at java.util.concurrent.FutureTask$Sync.innerRun(FutureTask.java:303)
	at java.util.concurrent.FutureTask.run(FutureTask.java:138)
	at org.openqa.selenium.remote.server.DefaultSession$1.run(DefaultSession.java:168)
	at java.util.concurrent.ThreadPoolExecutor$Worker.runTask(ThreadPoolExecutor.java:895)
	at java.util.concurrent.ThreadPoolExecutor$Worker.run(ThreadPoolExecutor.java:918)
	at java.lang.Thread.run(Thread.java:695)
19:12:14.392 WARN - Exception: no such element
  (Session info: chrome=44.0.2403.125)
  (Driver info: chromedriver=2.15.322455 (ae8db840dac8d0c453355d3d922c91adfb61df8f),platform=Mac OS X 10.10.2 x86_64) (WARNING: The server did not provide any stacktrace information)
Command duration or timeout: 12 milliseconds
For documentation on this error, please visit: http://seleniumhq.org/exceptions/no_such_element.html
Build info: version: '2.45.0', revision: '5017cb8', time: '2015-02-26 23:59:50'
System info: host: 'Abigails-Mini', ip: '192.168.1.105', os.name: 'Mac OS X', os.arch: 'x86_64', os.version: '10.10.2', java.version: '1.6.0_65'
*** Element info: {Using=css selector, value=#recordImage}
Session ID: be2c4eb9afe8e4d108267bb85a3d964d
Driver info: org.openqa.selenium.chrome.ChromeDriver
Capabilities [{platform=MAC, acceptSslCerts=true, javascriptEnabled=true, browserName=chrome, chrome={userDataDir=/var/folders/wy/x2wnhsd15rxbcnwr07g161b00000gn/T/.org.chromium.Chromium.FlsBsa}, rotatable=false, locationContextEnabled=true, mobileEmulationEnabled=false, version=44.0.2403.125, takesHeapSnapshot=true, cssSelectorsEnabled=true, databaseEnabled=false, handlesAlerts=true, browserConnectionEnabled=false, webStorageEnabled=true, nativeEvents=true, applicationCacheEnabled=false, takesScreenshot=true}]
19:12:14.659 INFO - Executing: [find element: By.cssSelector: input[name="description"]])
19:12:14.666 INFO - Done: [find element: By.cssSelector: input[name="description"]]
19:12:14.671 INFO - Executing: [find element: By.cssSelector: input[name="title"]])
19:12:14.677 INFO - Done: [find element: By.cssSelector: input[name="title"]]
19:12:14.679 INFO - Executing: [get element attribute: 9 [[ChromeDriver: chrome on MAC (be2c4eb9afe8e4d108267bb85a3d964d)] -> css selector: input[name="title"]], value])
19:12:14.687 INFO - Done: [get element attribute: 9 [[ChromeDriver: chrome on MAC (be2c4eb9afe8e4d108267bb85a3d964d)] -> css selector: input[name="title"]], value]
19:12:14.690 INFO - Executing: [find element: By.cssSelector: input[name="url"]])
19:12:14.696 INFO - Done: [find element: By.cssSelector: input[name="url"]]
19:12:14.699 INFO - Executing: [get element attribute: 10 [[ChromeDriver: chrome on MAC (be2c4eb9afe8e4d108267bb85a3d964d)] -> css selector: input[name="url"]], value])
19:12:14.707 INFO - Done: [get element attribute: 10 [[ChromeDriver: chrome on MAC (be2c4eb9afe8e4d108267bb85a3d964d)] -> css selector: input[name="url"]], value]
19:12:14.709 INFO - Executing: [find element: By.cssSelector: input[name="imageUrl"]])
19:12:14.716 INFO - Done: [find element: By.cssSelector: input[name="imageUrl"]]
19:12:14.718 INFO - Executing: [get element attribute: 11 [[ChromeDriver: chrome on MAC (be2c4eb9afe8e4d108267bb85a3d964d)] -> css selector: input[name="imageUrl"]], value])
19:12:14.725 INFO - Done: [get element attribute: 11 [[ChromeDriver: chrome on MAC (be2c4eb9afe8e4d108267bb85a3d964d)] -> css selector: input[name="imageUrl"]], value]
19:12:14.728 INFO - Executing: [find element: By.cssSelector: input[name="description"]])
19:12:14.734 INFO - Done: [find element: By.cssSelector: input[name="description"]]
19:12:14.736 INFO - Executing: [get element attribute: 12 [[ChromeDriver: chrome on MAC (be2c4eb9afe8e4d108267bb85a3d964d)] -> css selector: input[name="description"]], value])
19:12:14.745 INFO - Done: [get element attribute: 12 [[ChromeDriver: chrome on MAC (be2c4eb9afe8e4d108267bb85a3d964d)] -> css selector: input[name="description"]], value]
19:12:14.748 INFO - Executing: [find element: By.cssSelector: #recordUpsertPage .pageFooter])
19:12:15.628 WARN - Exception thrown
org.openqa.selenium.NoSuchElementException: no such element
  (Session info: chrome=44.0.2403.125)
  (Driver info: chromedriver=2.15.322455 (ae8db840dac8d0c453355d3d922c91adfb61df8f),platform=Mac OS X 10.10.2 x86_64) (WARNING: The server did not provide any stacktrace information)
Command duration or timeout: 9 milliseconds
For documentation on this error, please visit: http://seleniumhq.org/exceptions/no_such_element.html
Build info: version: '2.45.0', revision: '5017cb8', time: '2015-02-26 23:59:50'
System info: host: 'Abigails-Mini', ip: '192.168.1.105', os.name: 'Mac OS X', os.arch: 'x86_64', os.version: '10.10.2', java.version: '1.6.0_65'
*** Element info: {Using=css selector, value=#recordUpsertPage .pageFooter}
Session ID: be2c4eb9afe8e4d108267bb85a3d964d
Driver info: org.openqa.selenium.chrome.ChromeDriver
Capabilities [{platform=MAC, acceptSslCerts=true, javascriptEnabled=true, browserName=chrome, chrome={userDataDir=/var/folders/wy/x2wnhsd15rxbcnwr07g161b00000gn/T/.org.chromium.Chromium.FlsBsa}, rotatable=false, locationContextEnabled=true, mobileEmulationEnabled=false, version=44.0.2403.125, takesHeapSnapshot=true, cssSelectorsEnabled=true, databaseEnabled=false, handlesAlerts=true, browserConnectionEnabled=false, webStorageEnabled=true, nativeEvents=true, applicationCacheEnabled=false, takesScreenshot=true}]
	at sun.reflect.GeneratedConstructorAccessor14.newInstance(Unknown Source)
	at sun.reflect.DelegatingConstructorAccessorImpl.newInstance(DelegatingConstructorAccessorImpl.java:27)
	at java.lang.reflect.Constructor.newInstance(Constructor.java:513)
	at org.openqa.selenium.remote.ErrorHandler.createThrowable(ErrorHandler.java:204)
	at org.openqa.selenium.remote.ErrorHandler.throwIfResponseFailed(ErrorHandler.java:156)
	at org.openqa.selenium.remote.RemoteWebDriver.execute(RemoteWebDriver.java:599)
	at org.openqa.selenium.remote.RemoteWebDriver.findElement(RemoteWebDriver.java:352)
	at org.openqa.selenium.remote.RemoteWebDriver.findElementByCssSelector(RemoteWebDriver.java:441)
	at org.openqa.selenium.By$ByCssSelector.findElement(By.java:426)
	at org.openqa.selenium.remote.RemoteWebDriver.findElement(RemoteWebDriver.java:344)
	at sun.reflect.GeneratedMethodAccessor17.invoke(Unknown Source)
	at sun.reflect.DelegatingMethodAccessorImpl.invoke(DelegatingMethodAccessorImpl.java:25)
	at java.lang.reflect.Method.invoke(Method.java:597)
	at org.openqa.selenium.support.events.EventFiringWebDriver$2.invoke(EventFiringWebDriver.java:101)
	at com.sun.proxy.$Proxy1.findElement(Unknown Source)
	at org.openqa.selenium.support.events.EventFiringWebDriver.findElement(EventFiringWebDriver.java:184)
	at org.openqa.selenium.remote.server.handler.FindElement.call(FindElement.java:47)
	at org.openqa.selenium.remote.server.handler.FindElement.call(FindElement.java:1)
	at java.util.concurrent.FutureTask$Sync.innerRun(FutureTask.java:303)
	at java.util.concurrent.FutureTask.run(FutureTask.java:138)
	at org.openqa.selenium.remote.server.DefaultSession$1.run(DefaultSession.java:168)
	at java.util.concurrent.ThreadPoolExecutor$Worker.runTask(ThreadPoolExecutor.java:895)
	at java.util.concurrent.ThreadPoolExecutor$Worker.run(ThreadPoolExecutor.java:918)
	at java.lang.Thread.run(Thread.java:695)
19:12:15.629 WARN - Exception: no such element
  (Session info: chrome=44.0.2403.125)
  (Driver info: chromedriver=2.15.322455 (ae8db840dac8d0c453355d3d922c91adfb61df8f),platform=Mac OS X 10.10.2 x86_64) (WARNING: The server did not provide any stacktrace information)
Command duration or timeout: 9 milliseconds
For documentation on this error, please visit: http://seleniumhq.org/exceptions/no_such_element.html
Build info: version: '2.45.0', revision: '5017cb8', time: '2015-02-26 23:59:50'
System info: host: 'Abigails-Mini', ip: '192.168.1.105', os.name: 'Mac OS X', os.arch: 'x86_64', os.version: '10.10.2', java.version: '1.6.0_65'
*** Element info: {Using=css selector, value=#recordUpsertPage .pageFooter}
Session ID: be2c4eb9afe8e4d108267bb85a3d964d
Driver info: org.openqa.selenium.chrome.ChromeDriver
Capabilities [{platform=MAC, acceptSslCerts=true, javascriptEnabled=true, browserName=chrome, chrome={userDataDir=/var/folders/wy/x2wnhsd15rxbcnwr07g161b00000gn/T/.org.chromium.Chromium.FlsBsa}, rotatable=false, locationContextEnabled=true, mobileEmulationEnabled=false, version=44.0.2403.125, takesHeapSnapshot=true, cssSelectorsEnabled=true, databaseEnabled=false, handlesAlerts=true, browserConnectionEnabled=false, webStorageEnabled=true, nativeEvents=true, applicationCacheEnabled=false, takesScreenshot=true}]
19:12:15.857 INFO - Executing: [find element: By.cssSelector: #saveRecordButton])
19:12:15.865 INFO - Done: [find element: By.cssSelector: #saveRecordButton]
19:12:15.871 INFO - Executing: [find element: By.cssSelector: #recordUpsertPage .barcode])
19:12:15.885 INFO - Done: [find element: By.cssSelector: #recordUpsertPage .barcode]
19:12:15.887 INFO - Executing: [find element: By.cssSelector: #recordUpsertPage .barcode])
19:12:15.901 INFO - Done: [find element: By.cssSelector: #recordUpsertPage .barcode]
19:12:15.903 INFO - Executing: [click: 14 [[ChromeDriver: chrome on MAC (be2c4eb9afe8e4d108267bb85a3d964d)] -> css selector: #recordUpsertPage .barcode]])
19:12:16.795 WARN - Exception thrown
org.openqa.selenium.WebDriverException: unknown error: Element is not clickable at point (128, 110). Other element would receive the click: <header class="recordHeader" style="background: linear-gradient(225deg, transparent 28.28px, rgba(255,255,255,0.95) 0) top right;">...</header>
  (Session info: chrome=44.0.2403.125)
  (Driver info: chromedriver=2.15.322455 (ae8db840dac8d0c453355d3d922c91adfb61df8f),platform=Mac OS X 10.10.2 x86_64) (WARNING: The server did not provide any stacktrace information)
Command duration or timeout: 30 milliseconds
Build info: version: '2.45.0', revision: '5017cb8', time: '2015-02-26 23:59:50'
System info: host: 'Abigails-Mini', ip: '192.168.1.105', os.name: 'Mac OS X', os.arch: 'x86_64', os.version: '10.10.2', java.version: '1.6.0_65'
Session ID: be2c4eb9afe8e4d108267bb85a3d964d
Driver info: org.openqa.selenium.chrome.ChromeDriver
Capabilities [{platform=MAC, acceptSslCerts=true, javascriptEnabled=true, browserName=chrome, chrome={userDataDir=/var/folders/wy/x2wnhsd15rxbcnwr07g161b00000gn/T/.org.chromium.Chromium.FlsBsa}, rotatable=false, locationContextEnabled=true, mobileEmulationEnabled=false, version=44.0.2403.125, takesHeapSnapshot=true, cssSelectorsEnabled=true, databaseEnabled=false, handlesAlerts=true, browserConnectionEnabled=false, webStorageEnabled=true, nativeEvents=true, applicationCacheEnabled=false, takesScreenshot=true}]
	at sun.reflect.NativeConstructorAccessorImpl.newInstance0(Native Method)
	at sun.reflect.NativeConstructorAccessorImpl.newInstance(NativeConstructorAccessorImpl.java:39)
	at sun.reflect.DelegatingConstructorAccessorImpl.newInstance(DelegatingConstructorAccessorImpl.java:27)
	at java.lang.reflect.Constructor.newInstance(Constructor.java:513)
	at org.openqa.selenium.remote.ErrorHandler.createThrowable(ErrorHandler.java:204)
	at org.openqa.selenium.remote.ErrorHandler.throwIfResponseFailed(ErrorHandler.java:156)
	at org.openqa.selenium.remote.RemoteWebDriver.execute(RemoteWebDriver.java:599)
	at org.openqa.selenium.remote.RemoteWebElement.execute(RemoteWebElement.java:268)
	at org.openqa.selenium.remote.RemoteWebElement.click(RemoteWebElement.java:79)
	at sun.reflect.NativeMethodAccessorImpl.invoke0(Native Method)
	at sun.reflect.NativeMethodAccessorImpl.invoke(NativeMethodAccessorImpl.java:39)
	at sun.reflect.DelegatingMethodAccessorImpl.invoke(DelegatingMethodAccessorImpl.java:25)
	at java.lang.reflect.Method.invoke(Method.java:597)
	at org.openqa.selenium.support.events.EventFiringWebDriver$EventFiringWebElement$1.invoke(EventFiringWebDriver.java:331)
	at com.sun.proxy.$Proxy2.click(Unknown Source)
	at org.openqa.selenium.support.events.EventFiringWebDriver$EventFiringWebElement.click(EventFiringWebDriver.java:344)
	at sun.reflect.NativeMethodAccessorImpl.invoke0(Native Method)
	at sun.reflect.NativeMethodAccessorImpl.invoke(NativeMethodAccessorImpl.java:39)
	at sun.reflect.DelegatingMethodAccessorImpl.invoke(DelegatingMethodAccessorImpl.java:25)
	at java.lang.reflect.Method.invoke(Method.java:597)
	at org.openqa.selenium.remote.server.KnownElements$1.invoke(KnownElements.java:63)
	at com.sun.proxy.$Proxy3.click(Unknown Source)
	at org.openqa.selenium.remote.server.handler.ClickElement.call(ClickElement.java:29)
	at org.openqa.selenium.remote.server.handler.ClickElement.call(ClickElement.java:1)
	at java.util.concurrent.FutureTask$Sync.innerRun(FutureTask.java:303)
	at java.util.concurrent.FutureTask.run(FutureTask.java:138)
	at org.openqa.selenium.remote.server.DefaultSession$1.run(DefaultSession.java:168)
	at java.util.concurrent.ThreadPoolExecutor$Worker.runTask(ThreadPoolExecutor.java:895)
	at java.util.concurrent.ThreadPoolExecutor$Worker.run(ThreadPoolExecutor.java:918)
	at java.lang.Thread.run(Thread.java:695)
19:12:16.796 WARN - Exception: unknown error: Element is not clickable at point (128, 110). Other element would receive the click: <header class="recordHeader" style="background: linear-gradient(225deg, transparent 28.28px, rgba(255,255,255,0.95) 0) top right;">...</header>
  (Session info: chrome=44.0.2403.125)
  (Driver info: chromedriver=2.15.322455 (ae8db840dac8d0c453355d3d922c91adfb61df8f),platform=Mac OS X 10.10.2 x86_64) (WARNING: The server did not provide any stacktrace information)
Command duration or timeout: 30 milliseconds
Build info: version: '2.45.0', revision: '5017cb8', time: '2015-02-26 23:59:50'
System info: host: 'Abigails-Mini', ip: '192.168.1.105', os.name: 'Mac OS X', os.arch: 'x86_64', os.version: '10.10.2', java.version: '1.6.0_65'
Session ID: be2c4eb9afe8e4d108267bb85a3d964d
Driver info: org.openqa.selenium.chrome.ChromeDriver
Capabilities [{platform=MAC, acceptSslCerts=true, javascriptEnabled=true, browserName=chrome, chrome={userDataDir=/var/folders/wy/x2wnhsd15rxbcnwr07g161b00000gn/T/.org.chromium.Chromium.FlsBsa}, rotatable=false, locationContextEnabled=true, mobileEmulationEnabled=false, version=44.0.2403.125, takesHeapSnapshot=true, cssSelectorsEnabled=true, databaseEnabled=false, handlesAlerts=true, browserConnectionEnabled=false, webStorageEnabled=true, nativeEvents=true, applicationCacheEnabled=false, takesScreenshot=true}]
19:12:17.376 INFO - Executing: [find element: By.cssSelector: input[name="title"]])
19:12:17.383 INFO - Done: [find element: By.cssSelector: input[name="title"]]
19:12:17.387 INFO - Executing: [clear: 9 [[ChromeDriver: chrome on MAC (be2c4eb9afe8e4d108267bb85a3d964d)] -> css selector: input[name="title"]]])
19:12:17.405 INFO - Done: [clear: 9 [[ChromeDriver: chrome on MAC (be2c4eb9afe8e4d108267bb85a3d964d)] -> css selector: input[name="title"]]]
19:12:17.408 INFO - Executing: [find element: By.cssSelector: input[name="title"]])
19:12:17.415 INFO - Done: [find element: By.cssSelector: input[name="title"]]
19:12:17.418 INFO - Executing: [send keys: 9 [[ChromeDriver: chrome on MAC (be2c4eb9afe8e4d108267bb85a3d964d)] -> css selector: input[name="title"]], [H, e, l, l, o,  , C, t, h, u, l, u]])
19:12:17.457 INFO - Done: [send keys: 9 [[ChromeDriver: chrome on MAC (be2c4eb9afe8e4d108267bb85a3d964d)] -> css selector: input[name="title"]], [H, e, l, l, o,  , C, t, h, u, l, u]]
19:12:17.460 INFO - Executing: [find element: By.cssSelector: #saveRecordButton])
19:12:17.468 INFO - Done: [find element: By.cssSelector: #saveRecordButton]
19:12:17.470 INFO - Executing: [find element: By.cssSelector: #saveRecordButton])
19:12:17.477 INFO - Done: [find element: By.cssSelector: #saveRecordButton]
19:12:17.480 INFO - Executing: [mousemove: 13 true])
19:12:17.491 INFO - Done: [mousemove: 13 true]
19:12:17.494 INFO - Executing: [find element: By.cssSelector: #saveRecordButton])
19:12:17.501 INFO - Done: [find element: By.cssSelector: #saveRecordButton]
19:12:17.503 INFO - Executing: [is displayed: 13 [[ChromeDriver: chrome on MAC (be2c4eb9afe8e4d108267bb85a3d964d)] -> css selector: #saveRecordButton]])
19:12:17.514 INFO - Done: [is displayed: 13 [[ChromeDriver: chrome on MAC (be2c4eb9afe8e4d108267bb85a3d964d)] -> css selector: #saveRecordButton]]
19:12:17.517 INFO - Executing: [find element: By.cssSelector: #saveRecordButton])
19:12:17.524 INFO - Done: [find element: By.cssSelector: #saveRecordButton]
19:12:17.527 INFO - Executing: [click: 13 [[ChromeDriver: chrome on MAC (be2c4eb9afe8e4d108267bb85a3d964d)] -> css selector: #saveRecordButton]])
19:12:17.551 INFO - Done: [click: 13 [[ChromeDriver: chrome on MAC (be2c4eb9afe8e4d108267bb85a3d964d)] -> css selector: #saveRecordButton]]
19:12:17.857 INFO - Executing: [find element: By.cssSelector: #recordUpsertPage])
19:12:17.864 INFO - Done: [find element: By.cssSelector: #recordUpsertPage]
19:12:17.866 INFO - Executing: [find element: By.cssSelector: #recordUpsertPage .pageHeader])
19:12:18.732 WARN - Exception thrown
org.openqa.selenium.NoSuchElementException: no such element
  (Session info: chrome=44.0.2403.125)
  (Driver info: chromedriver=2.15.322455 (ae8db840dac8d0c453355d3d922c91adfb61df8f),platform=Mac OS X 10.10.2 x86_64) (WARNING: The server did not provide any stacktrace information)
Command duration or timeout: 12 milliseconds
For documentation on this error, please visit: http://seleniumhq.org/exceptions/no_such_element.html
Build info: version: '2.45.0', revision: '5017cb8', time: '2015-02-26 23:59:50'
System info: host: 'Abigails-Mini', ip: '192.168.1.105', os.name: 'Mac OS X', os.arch: 'x86_64', os.version: '10.10.2', java.version: '1.6.0_65'
*** Element info: {Using=css selector, value=#recordUpsertPage .pageHeader}
Session ID: be2c4eb9afe8e4d108267bb85a3d964d
Driver info: org.openqa.selenium.chrome.ChromeDriver
Capabilities [{platform=MAC, acceptSslCerts=true, javascriptEnabled=true, browserName=chrome, chrome={userDataDir=/var/folders/wy/x2wnhsd15rxbcnwr07g161b00000gn/T/.org.chromium.Chromium.FlsBsa}, rotatable=false, locationContextEnabled=true, mobileEmulationEnabled=false, version=44.0.2403.125, takesHeapSnapshot=true, cssSelectorsEnabled=true, databaseEnabled=false, handlesAlerts=true, browserConnectionEnabled=false, webStorageEnabled=true, nativeEvents=true, applicationCacheEnabled=false, takesScreenshot=true}]
	at sun.reflect.GeneratedConstructorAccessor14.newInstance(Unknown Source)
	at sun.reflect.DelegatingConstructorAccessorImpl.newInstance(DelegatingConstructorAccessorImpl.java:27)
	at java.lang.reflect.Constructor.newInstance(Constructor.java:513)
	at org.openqa.selenium.remote.ErrorHandler.createThrowable(ErrorHandler.java:204)
	at org.openqa.selenium.remote.ErrorHandler.throwIfResponseFailed(ErrorHandler.java:156)
	at org.openqa.selenium.remote.RemoteWebDriver.execute(RemoteWebDriver.java:599)
	at org.openqa.selenium.remote.RemoteWebDriver.findElement(RemoteWebDriver.java:352)
	at org.openqa.selenium.remote.RemoteWebDriver.findElementByCssSelector(RemoteWebDriver.java:441)
	at org.openqa.selenium.By$ByCssSelector.findElement(By.java:426)
	at org.openqa.selenium.remote.RemoteWebDriver.findElement(RemoteWebDriver.java:344)
	at sun.reflect.GeneratedMethodAccessor17.invoke(Unknown Source)
	at sun.reflect.DelegatingMethodAccessorImpl.invoke(DelegatingMethodAccessorImpl.java:25)
	at java.lang.reflect.Method.invoke(Method.java:597)
	at org.openqa.selenium.support.events.EventFiringWebDriver$2.invoke(EventFiringWebDriver.java:101)
	at com.sun.proxy.$Proxy1.findElement(Unknown Source)
	at org.openqa.selenium.support.events.EventFiringWebDriver.findElement(EventFiringWebDriver.java:184)
	at org.openqa.selenium.remote.server.handler.FindElement.call(FindElement.java:47)
	at org.openqa.selenium.remote.server.handler.FindElement.call(FindElement.java:1)
	at java.util.concurrent.FutureTask$Sync.innerRun(FutureTask.java:303)
	at java.util.concurrent.FutureTask.run(FutureTask.java:138)
	at org.openqa.selenium.remote.server.DefaultSession$1.run(DefaultSession.java:168)
	at java.util.concurrent.ThreadPoolExecutor$Worker.runTask(ThreadPoolExecutor.java:895)
	at java.util.concurrent.ThreadPoolExecutor$Worker.run(ThreadPoolExecutor.java:918)
	at java.lang.Thread.run(Thread.java:695)
19:12:18.733 WARN - Exception: no such element
  (Session info: chrome=44.0.2403.125)
  (Driver info: chromedriver=2.15.322455 (ae8db840dac8d0c453355d3d922c91adfb61df8f),platform=Mac OS X 10.10.2 x86_64) (WARNING: The server did not provide any stacktrace information)
Command duration or timeout: 12 milliseconds
For documentation on this error, please visit: http://seleniumhq.org/exceptions/no_such_element.html
Build info: version: '2.45.0', revision: '5017cb8', time: '2015-02-26 23:59:50'
System info: host: 'Abigails-Mini', ip: '192.168.1.105', os.name: 'Mac OS X', os.arch: 'x86_64', os.version: '10.10.2', java.version: '1.6.0_65'
*** Element info: {Using=css selector, value=#recordUpsertPage .pageHeader}
Session ID: be2c4eb9afe8e4d108267bb85a3d964d
Driver info: org.openqa.selenium.chrome.ChromeDriver
Capabilities [{platform=MAC, acceptSslCerts=true, javascriptEnabled=true, browserName=chrome, chrome={userDataDir=/var/folders/wy/x2wnhsd15rxbcnwr07g161b00000gn/T/.org.chromium.Chromium.FlsBsa}, rotatable=false, locationContextEnabled=true, mobileEmulationEnabled=false, version=44.0.2403.125, takesHeapSnapshot=true, cssSelectorsEnabled=true, databaseEnabled=false, handlesAlerts=true, browserConnectionEnabled=false, webStorageEnabled=true, nativeEvents=true, applicationCacheEnabled=false, takesScreenshot=true}]
19:12:18.954 INFO - Executing: [find element: By.cssSelector: #recordUpsertCard])
19:12:18.967 INFO - Done: [find element: By.cssSelector: #recordUpsertCard]
19:12:18.969 INFO - Executing: [find element: By.cssSelector: #recordMetaData])
19:12:19.848 WARN - Exception thrown
org.openqa.selenium.NoSuchElementException: no such element
  (Session info: chrome=44.0.2403.125)
  (Driver info: chromedriver=2.15.322455 (ae8db840dac8d0c453355d3d922c91adfb61df8f),platform=Mac OS X 10.10.2 x86_64) (WARNING: The server did not provide any stacktrace information)
Command duration or timeout: 7 milliseconds
For documentation on this error, please visit: http://seleniumhq.org/exceptions/no_such_element.html
Build info: version: '2.45.0', revision: '5017cb8', time: '2015-02-26 23:59:50'
System info: host: 'Abigails-Mini', ip: '192.168.1.105', os.name: 'Mac OS X', os.arch: 'x86_64', os.version: '10.10.2', java.version: '1.6.0_65'
*** Element info: {Using=css selector, value=#recordMetaData}
Session ID: be2c4eb9afe8e4d108267bb85a3d964d
Driver info: org.openqa.selenium.chrome.ChromeDriver
Capabilities [{platform=MAC, acceptSslCerts=true, javascriptEnabled=true, browserName=chrome, chrome={userDataDir=/var/folders/wy/x2wnhsd15rxbcnwr07g161b00000gn/T/.org.chromium.Chromium.FlsBsa}, rotatable=false, locationContextEnabled=true, mobileEmulationEnabled=false, version=44.0.2403.125, takesHeapSnapshot=true, cssSelectorsEnabled=true, databaseEnabled=false, handlesAlerts=true, browserConnectionEnabled=false, webStorageEnabled=true, nativeEvents=true, applicationCacheEnabled=false, takesScreenshot=true}]
	at sun.reflect.GeneratedConstructorAccessor14.newInstance(Unknown Source)
	at sun.reflect.DelegatingConstructorAccessorImpl.newInstance(DelegatingConstructorAccessorImpl.java:27)
	at java.lang.reflect.Constructor.newInstance(Constructor.java:513)
	at org.openqa.selenium.remote.ErrorHandler.createThrowable(ErrorHandler.java:204)
	at org.openqa.selenium.remote.ErrorHandler.throwIfResponseFailed(ErrorHandler.java:156)
	at org.openqa.selenium.remote.RemoteWebDriver.execute(RemoteWebDriver.java:599)
	at org.openqa.selenium.remote.RemoteWebDriver.findElement(RemoteWebDriver.java:352)
	at org.openqa.selenium.remote.RemoteWebDriver.findElementByCssSelector(RemoteWebDriver.java:441)
	at org.openqa.selenium.By$ByCssSelector.findElement(By.java:426)
	at org.openqa.selenium.remote.RemoteWebDriver.findElement(RemoteWebDriver.java:344)
	at sun.reflect.GeneratedMethodAccessor17.invoke(Unknown Source)
	at sun.reflect.DelegatingMethodAccessorImpl.invoke(DelegatingMethodAccessorImpl.java:25)
	at java.lang.reflect.Method.invoke(Method.java:597)
	at org.openqa.selenium.support.events.EventFiringWebDriver$2.invoke(EventFiringWebDriver.java:101)
	at com.sun.proxy.$Proxy1.findElement(Unknown Source)
	at org.openqa.selenium.support.events.EventFiringWebDriver.findElement(EventFiringWebDriver.java:184)
	at org.openqa.selenium.remote.server.handler.FindElement.call(FindElement.java:47)
	at org.openqa.selenium.remote.server.handler.FindElement.call(FindElement.java:1)
	at java.util.concurrent.FutureTask$Sync.innerRun(FutureTask.java:303)
	at java.util.concurrent.FutureTask.run(FutureTask.java:138)
	at org.openqa.selenium.remote.server.DefaultSession$1.run(DefaultSession.java:168)
	at java.util.concurrent.ThreadPoolExecutor$Worker.runTask(ThreadPoolExecutor.java:895)
	at java.util.concurrent.ThreadPoolExecutor$Worker.run(ThreadPoolExecutor.java:918)
	at java.lang.Thread.run(Thread.java:695)
19:12:19.848 WARN - Exception: no such element
  (Session info: chrome=44.0.2403.125)
  (Driver info: chromedriver=2.15.322455 (ae8db840dac8d0c453355d3d922c91adfb61df8f),platform=Mac OS X 10.10.2 x86_64) (WARNING: The server did not provide any stacktrace information)
Command duration or timeout: 7 milliseconds
For documentation on this error, please visit: http://seleniumhq.org/exceptions/no_such_element.html
Build info: version: '2.45.0', revision: '5017cb8', time: '2015-02-26 23:59:50'
System info: host: 'Abigails-Mini', ip: '192.168.1.105', os.name: 'Mac OS X', os.arch: 'x86_64', os.version: '10.10.2', java.version: '1.6.0_65'
*** Element info: {Using=css selector, value=#recordMetaData}
Session ID: be2c4eb9afe8e4d108267bb85a3d964d
Driver info: org.openqa.selenium.chrome.ChromeDriver
Capabilities [{platform=MAC, acceptSslCerts=true, javascriptEnabled=true, browserName=chrome, chrome={userDataDir=/var/folders/wy/x2wnhsd15rxbcnwr07g161b00000gn/T/.org.chromium.Chromium.FlsBsa}, rotatable=false, locationContextEnabled=true, mobileEmulationEnabled=false, version=44.0.2403.125, takesHeapSnapshot=true, cssSelectorsEnabled=true, databaseEnabled=false, handlesAlerts=true, browserConnectionEnabled=false, webStorageEnabled=true, nativeEvents=true, applicationCacheEnabled=false, takesScreenshot=true}]
19:12:20.080 INFO - Executing: [find element: By.cssSelector: #recordMetaInputs])
19:12:20.949 WARN - Exception thrown
org.openqa.selenium.NoSuchElementException: no such element
  (Session info: chrome=44.0.2403.125)
  (Driver info: chromedriver=2.15.322455 (ae8db840dac8d0c453355d3d922c91adfb61df8f),platform=Mac OS X 10.10.2 x86_64) (WARNING: The server did not provide any stacktrace information)
Command duration or timeout: 6 milliseconds
For documentation on this error, please visit: http://seleniumhq.org/exceptions/no_such_element.html
Build info: version: '2.45.0', revision: '5017cb8', time: '2015-02-26 23:59:50'
System info: host: 'Abigails-Mini', ip: '192.168.1.105', os.name: 'Mac OS X', os.arch: 'x86_64', os.version: '10.10.2', java.version: '1.6.0_65'
*** Element info: {Using=css selector, value=#recordMetaInputs}
Session ID: be2c4eb9afe8e4d108267bb85a3d964d
Driver info: org.openqa.selenium.chrome.ChromeDriver
Capabilities [{platform=MAC, acceptSslCerts=true, javascriptEnabled=true, browserName=chrome, chrome={userDataDir=/var/folders/wy/x2wnhsd15rxbcnwr07g161b00000gn/T/.org.chromium.Chromium.FlsBsa}, rotatable=false, locationContextEnabled=true, mobileEmulationEnabled=false, version=44.0.2403.125, takesHeapSnapshot=true, cssSelectorsEnabled=true, databaseEnabled=false, handlesAlerts=true, browserConnectionEnabled=false, webStorageEnabled=true, nativeEvents=true, applicationCacheEnabled=false, takesScreenshot=true}]
	at sun.reflect.GeneratedConstructorAccessor14.newInstance(Unknown Source)
	at sun.reflect.DelegatingConstructorAccessorImpl.newInstance(DelegatingConstructorAccessorImpl.java:27)
	at java.lang.reflect.Constructor.newInstance(Constructor.java:513)
	at org.openqa.selenium.remote.ErrorHandler.createThrowable(ErrorHandler.java:204)
	at org.openqa.selenium.remote.ErrorHandler.throwIfResponseFailed(ErrorHandler.java:156)
	at org.openqa.selenium.remote.RemoteWebDriver.execute(RemoteWebDriver.java:599)
	at org.openqa.selenium.remote.RemoteWebDriver.findElement(RemoteWebDriver.java:352)
	at org.openqa.selenium.remote.RemoteWebDriver.findElementByCssSelector(RemoteWebDriver.java:441)
	at org.openqa.selenium.By$ByCssSelector.findElement(By.java:426)
	at org.openqa.selenium.remote.RemoteWebDriver.findElement(RemoteWebDriver.java:344)
	at sun.reflect.GeneratedMethodAccessor17.invoke(Unknown Source)
	at sun.reflect.DelegatingMethodAccessorImpl.invoke(DelegatingMethodAccessorImpl.java:25)
	at java.lang.reflect.Method.invoke(Method.java:597)
	at org.openqa.selenium.support.events.EventFiringWebDriver$2.invoke(EventFiringWebDriver.java:101)
	at com.sun.proxy.$Proxy1.findElement(Unknown Source)
	at org.openqa.selenium.support.events.EventFiringWebDriver.findElement(EventFiringWebDriver.java:184)
	at org.openqa.selenium.remote.server.handler.FindElement.call(FindElement.java:47)
	at org.openqa.selenium.remote.server.handler.FindElement.call(FindElement.java:1)
	at java.util.concurrent.FutureTask$Sync.innerRun(FutureTask.java:303)
	at java.util.concurrent.FutureTask.run(FutureTask.java:138)
	at org.openqa.selenium.remote.server.DefaultSession$1.run(DefaultSession.java:168)
	at java.util.concurrent.ThreadPoolExecutor$Worker.runTask(ThreadPoolExecutor.java:895)
	at java.util.concurrent.ThreadPoolExecutor$Worker.run(ThreadPoolExecutor.java:918)
	at java.lang.Thread.run(Thread.java:695)
19:12:20.950 WARN - Exception: no such element
  (Session info: chrome=44.0.2403.125)
  (Driver info: chromedriver=2.15.322455 (ae8db840dac8d0c453355d3d922c91adfb61df8f),platform=Mac OS X 10.10.2 x86_64) (WARNING: The server did not provide any stacktrace information)
Command duration or timeout: 6 milliseconds
For documentation on this error, please visit: http://seleniumhq.org/exceptions/no_such_element.html
Build info: version: '2.45.0', revision: '5017cb8', time: '2015-02-26 23:59:50'
System info: host: 'Abigails-Mini', ip: '192.168.1.105', os.name: 'Mac OS X', os.arch: 'x86_64', os.version: '10.10.2', java.version: '1.6.0_65'
*** Element info: {Using=css selector, value=#recordMetaInputs}
Session ID: be2c4eb9afe8e4d108267bb85a3d964d
Driver info: org.openqa.selenium.chrome.ChromeDriver
Capabilities [{platform=MAC, acceptSslCerts=true, javascriptEnabled=true, browserName=chrome, chrome={userDataDir=/var/folders/wy/x2wnhsd15rxbcnwr07g161b00000gn/T/.org.chromium.Chromium.FlsBsa}, rotatable=false, locationContextEnabled=true, mobileEmulationEnabled=false, version=44.0.2403.125, takesHeapSnapshot=true, cssSelectorsEnabled=true, databaseEnabled=false, handlesAlerts=true, browserConnectionEnabled=false, webStorageEnabled=true, nativeEvents=true, applicationCacheEnabled=false, takesScreenshot=true}]
19:12:21.180 INFO - Executing: [find element: By.cssSelector: input[name="title"]])
19:12:21.187 INFO - Done: [find element: By.cssSelector: input[name="title"]]
19:12:21.193 INFO - Executing: [find element: By.cssSelector: input[name="url"]])
19:12:21.200 INFO - Done: [find element: By.cssSelector: input[name="url"]]
19:12:21.202 INFO - Executing: [find element: By.cssSelector: input[name="imageUrl"]])
19:12:21.209 INFO - Done: [find element: By.cssSelector: input[name="imageUrl"]]
19:12:21.211 INFO - Executing: [find element: By.cssSelector: #recordImage])
19:12:22.069 WARN - Exception thrown
org.openqa.selenium.NoSuchElementException: no such element
  (Session info: chrome=44.0.2403.125)
  (Driver info: chromedriver=2.15.322455 (ae8db840dac8d0c453355d3d922c91adfb61df8f),platform=Mac OS X 10.10.2 x86_64) (WARNING: The server did not provide any stacktrace information)
Command duration or timeout: 7 milliseconds
For documentation on this error, please visit: http://seleniumhq.org/exceptions/no_such_element.html
Build info: version: '2.45.0', revision: '5017cb8', time: '2015-02-26 23:59:50'
System info: host: 'Abigails-Mini', ip: '192.168.1.105', os.name: 'Mac OS X', os.arch: 'x86_64', os.version: '10.10.2', java.version: '1.6.0_65'
*** Element info: {Using=css selector, value=#recordImage}
Session ID: be2c4eb9afe8e4d108267bb85a3d964d
Driver info: org.openqa.selenium.chrome.ChromeDriver
Capabilities [{platform=MAC, acceptSslCerts=true, javascriptEnabled=true, browserName=chrome, chrome={userDataDir=/var/folders/wy/x2wnhsd15rxbcnwr07g161b00000gn/T/.org.chromium.Chromium.FlsBsa}, rotatable=false, locationContextEnabled=true, mobileEmulationEnabled=false, version=44.0.2403.125, takesHeapSnapshot=true, cssSelectorsEnabled=true, databaseEnabled=false, handlesAlerts=true, browserConnectionEnabled=false, webStorageEnabled=true, nativeEvents=true, applicationCacheEnabled=false, takesScreenshot=true}]
	at sun.reflect.GeneratedConstructorAccessor14.newInstance(Unknown Source)
	at sun.reflect.DelegatingConstructorAccessorImpl.newInstance(DelegatingConstructorAccessorImpl.java:27)
	at java.lang.reflect.Constructor.newInstance(Constructor.java:513)
	at org.openqa.selenium.remote.ErrorHandler.createThrowable(ErrorHandler.java:204)
	at org.openqa.selenium.remote.ErrorHandler.throwIfResponseFailed(ErrorHandler.java:156)
	at org.openqa.selenium.remote.RemoteWebDriver.execute(RemoteWebDriver.java:599)
	at org.openqa.selenium.remote.RemoteWebDriver.findElement(RemoteWebDriver.java:352)
	at org.openqa.selenium.remote.RemoteWebDriver.findElementByCssSelector(RemoteWebDriver.java:441)
	at org.openqa.selenium.By$ByCssSelector.findElement(By.java:426)
	at org.openqa.selenium.remote.RemoteWebDriver.findElement(RemoteWebDriver.java:344)
	at sun.reflect.GeneratedMethodAccessor17.invoke(Unknown Source)
	at sun.reflect.DelegatingMethodAccessorImpl.invoke(DelegatingMethodAccessorImpl.java:25)
	at java.lang.reflect.Method.invoke(Method.java:597)
	at org.openqa.selenium.support.events.EventFiringWebDriver$2.invoke(EventFiringWebDriver.java:101)
	at com.sun.proxy.$Proxy1.findElement(Unknown Source)
	at org.openqa.selenium.support.events.EventFiringWebDriver.findElement(EventFiringWebDriver.java:184)
	at org.openqa.selenium.remote.server.handler.FindElement.call(FindElement.java:47)
	at org.openqa.selenium.remote.server.handler.FindElement.call(FindElement.java:1)
	at java.util.concurrent.FutureTask$Sync.innerRun(FutureTask.java:303)
	at java.util.concurrent.FutureTask.run(FutureTask.java:138)
	at org.openqa.selenium.remote.server.DefaultSession$1.run(DefaultSession.java:168)
	at java.util.concurrent.ThreadPoolExecutor$Worker.runTask(ThreadPoolExecutor.java:895)
	at java.util.concurrent.ThreadPoolExecutor$Worker.run(ThreadPoolExecutor.java:918)
	at java.lang.Thread.run(Thread.java:695)
19:12:22.070 WARN - Exception: no such element
  (Session info: chrome=44.0.2403.125)
  (Driver info: chromedriver=2.15.322455 (ae8db840dac8d0c453355d3d922c91adfb61df8f),platform=Mac OS X 10.10.2 x86_64) (WARNING: The server did not provide any stacktrace information)
Command duration or timeout: 7 milliseconds
For documentation on this error, please visit: http://seleniumhq.org/exceptions/no_such_element.html
Build info: version: '2.45.0', revision: '5017cb8', time: '2015-02-26 23:59:50'
System info: host: 'Abigails-Mini', ip: '192.168.1.105', os.name: 'Mac OS X', os.arch: 'x86_64', os.version: '10.10.2', java.version: '1.6.0_65'
*** Element info: {Using=css selector, value=#recordImage}
Session ID: be2c4eb9afe8e4d108267bb85a3d964d
Driver info: org.openqa.selenium.chrome.ChromeDriver
Capabilities [{platform=MAC, acceptSslCerts=true, javascriptEnabled=true, browserName=chrome, chrome={userDataDir=/var/folders/wy/x2wnhsd15rxbcnwr07g161b00000gn/T/.org.chromium.Chromium.FlsBsa}, rotatable=false, locationContextEnabled=true, mobileEmulationEnabled=false, version=44.0.2403.125, takesHeapSnapshot=true, cssSelectorsEnabled=true, databaseEnabled=false, handlesAlerts=true, browserConnectionEnabled=false, webStorageEnabled=true, nativeEvents=true, applicationCacheEnabled=false, takesScreenshot=true}]
19:12:22.326 INFO - Executing: [find element: By.cssSelector: input[name="description"]])
19:12:22.333 INFO - Done: [find element: By.cssSelector: input[name="description"]]
19:12:22.336 INFO - Executing: [find element: By.cssSelector: input[name="title"]])
19:12:22.342 INFO - Done: [find element: By.cssSelector: input[name="title"]]
19:12:22.344 INFO - Executing: [get element attribute: 9 [[ChromeDriver: chrome on MAC (be2c4eb9afe8e4d108267bb85a3d964d)] -> css selector: input[name="title"]], value])
19:12:22.352 INFO - Done: [get element attribute: 9 [[ChromeDriver: chrome on MAC (be2c4eb9afe8e4d108267bb85a3d964d)] -> css selector: input[name="title"]], value]
19:12:22.355 INFO - Executing: [find element: By.cssSelector: input[name="url"]])
19:12:22.361 INFO - Done: [find element: By.cssSelector: input[name="url"]]
19:12:22.363 INFO - Executing: [get element attribute: 10 [[ChromeDriver: chrome on MAC (be2c4eb9afe8e4d108267bb85a3d964d)] -> css selector: input[name="url"]], value])
19:12:22.370 INFO - Done: [get element attribute: 10 [[ChromeDriver: chrome on MAC (be2c4eb9afe8e4d108267bb85a3d964d)] -> css selector: input[name="url"]], value]
19:12:22.375 INFO - Executing: [find element: By.cssSelector: input[name="imageUrl"]])
19:12:22.381 INFO - Done: [find element: By.cssSelector: input[name="imageUrl"]]
19:12:22.383 INFO - Executing: [get element attribute: 11 [[ChromeDriver: chrome on MAC (be2c4eb9afe8e4d108267bb85a3d964d)] -> css selector: input[name="imageUrl"]], value])
19:12:22.392 INFO - Done: [get element attribute: 11 [[ChromeDriver: chrome on MAC (be2c4eb9afe8e4d108267bb85a3d964d)] -> css selector: input[name="imageUrl"]], value]
19:12:22.394 INFO - Executing: [find element: By.cssSelector: input[name="description"]])
19:12:22.400 INFO - Done: [find element: By.cssSelector: input[name="description"]]
19:12:22.402 INFO - Executing: [get element attribute: 12 [[ChromeDriver: chrome on MAC (be2c4eb9afe8e4d108267bb85a3d964d)] -> css selector: input[name="description"]], value])
19:12:22.411 INFO - Done: [get element attribute: 12 [[ChromeDriver: chrome on MAC (be2c4eb9afe8e4d108267bb85a3d964d)] -> css selector: input[name="description"]], value]
19:12:22.413 INFO - Executing: [find element: By.cssSelector: #recordUpsertPage .pageFooter])
19:12:23.284 WARN - Exception thrown
org.openqa.selenium.NoSuchElementException: no such element
  (Session info: chrome=44.0.2403.125)
  (Driver info: chromedriver=2.15.322455 (ae8db840dac8d0c453355d3d922c91adfb61df8f),platform=Mac OS X 10.10.2 x86_64) (WARNING: The server did not provide any stacktrace information)
Command duration or timeout: 6 milliseconds
For documentation on this error, please visit: http://seleniumhq.org/exceptions/no_such_element.html
Build info: version: '2.45.0', revision: '5017cb8', time: '2015-02-26 23:59:50'
System info: host: 'Abigails-Mini', ip: '192.168.1.105', os.name: 'Mac OS X', os.arch: 'x86_64', os.version: '10.10.2', java.version: '1.6.0_65'
*** Element info: {Using=css selector, value=#recordUpsertPage .pageFooter}
Session ID: be2c4eb9afe8e4d108267bb85a3d964d
Driver info: org.openqa.selenium.chrome.ChromeDriver
Capabilities [{platform=MAC, acceptSslCerts=true, javascriptEnabled=true, browserName=chrome, chrome={userDataDir=/var/folders/wy/x2wnhsd15rxbcnwr07g161b00000gn/T/.org.chromium.Chromium.FlsBsa}, rotatable=false, locationContextEnabled=true, mobileEmulationEnabled=false, version=44.0.2403.125, takesHeapSnapshot=true, cssSelectorsEnabled=true, databaseEnabled=false, handlesAlerts=true, browserConnectionEnabled=false, webStorageEnabled=true, nativeEvents=true, applicationCacheEnabled=false, takesScreenshot=true}]
	at sun.reflect.GeneratedConstructorAccessor14.newInstance(Unknown Source)
	at sun.reflect.DelegatingConstructorAccessorImpl.newInstance(DelegatingConstructorAccessorImpl.java:27)
	at java.lang.reflect.Constructor.newInstance(Constructor.java:513)
	at org.openqa.selenium.remote.ErrorHandler.createThrowable(ErrorHandler.java:204)
	at org.openqa.selenium.remote.ErrorHandler.throwIfResponseFailed(ErrorHandler.java:156)
	at org.openqa.selenium.remote.RemoteWebDriver.execute(RemoteWebDriver.java:599)
	at org.openqa.selenium.remote.RemoteWebDriver.findElement(RemoteWebDriver.java:352)
	at org.openqa.selenium.remote.RemoteWebDriver.findElementByCssSelector(RemoteWebDriver.java:441)
	at org.openqa.selenium.By$ByCssSelector.findElement(By.java:426)
	at org.openqa.selenium.remote.RemoteWebDriver.findElement(RemoteWebDriver.java:344)
	at sun.reflect.GeneratedMethodAccessor17.invoke(Unknown Source)
	at sun.reflect.DelegatingMethodAccessorImpl.invoke(DelegatingMethodAccessorImpl.java:25)
	at java.lang.reflect.Method.invoke(Method.java:597)
	at org.openqa.selenium.support.events.EventFiringWebDriver$2.invoke(EventFiringWebDriver.java:101)
	at com.sun.proxy.$Proxy1.findElement(Unknown Source)
	at org.openqa.selenium.support.events.EventFiringWebDriver.findElement(EventFiringWebDriver.java:184)
	at org.openqa.selenium.remote.server.handler.FindElement.call(FindElement.java:47)
	at org.openqa.selenium.remote.server.handler.FindElement.call(FindElement.java:1)
	at java.util.concurrent.FutureTask$Sync.innerRun(FutureTask.java:303)
	at java.util.concurrent.FutureTask.run(FutureTask.java:138)
	at org.openqa.selenium.remote.server.DefaultSession$1.run(DefaultSession.java:168)
	at java.util.concurrent.ThreadPoolExecutor$Worker.runTask(ThreadPoolExecutor.java:895)
	at java.util.concurrent.ThreadPoolExecutor$Worker.run(ThreadPoolExecutor.java:918)
	at java.lang.Thread.run(Thread.java:695)
19:12:23.285 WARN - Exception: no such element
  (Session info: chrome=44.0.2403.125)
  (Driver info: chromedriver=2.15.322455 (ae8db840dac8d0c453355d3d922c91adfb61df8f),platform=Mac OS X 10.10.2 x86_64) (WARNING: The server did not provide any stacktrace information)
Command duration or timeout: 6 milliseconds
For documentation on this error, please visit: http://seleniumhq.org/exceptions/no_such_element.html
Build info: version: '2.45.0', revision: '5017cb8', time: '2015-02-26 23:59:50'
System info: host: 'Abigails-Mini', ip: '192.168.1.105', os.name: 'Mac OS X', os.arch: 'x86_64', os.version: '10.10.2', java.version: '1.6.0_65'
*** Element info: {Using=css selector, value=#recordUpsertPage .pageFooter}
Session ID: be2c4eb9afe8e4d108267bb85a3d964d
Driver info: org.openqa.selenium.chrome.ChromeDriver
Capabilities [{platform=MAC, acceptSslCerts=true, javascriptEnabled=true, browserName=chrome, chrome={userDataDir=/var/folders/wy/x2wnhsd15rxbcnwr07g161b00000gn/T/.org.chromium.Chromium.FlsBsa}, rotatable=false, locationContextEnabled=true, mobileEmulationEnabled=false, version=44.0.2403.125, takesHeapSnapshot=true, cssSelectorsEnabled=true, databaseEnabled=false, handlesAlerts=true, browserConnectionEnabled=false, webStorageEnabled=true, nativeEvents=true, applicationCacheEnabled=false, takesScreenshot=true}]
19:12:23.511 INFO - Executing: [find element: By.cssSelector: #saveRecordButton])
19:12:23.518 INFO - Done: [find element: By.cssSelector: #saveRecordButton]
19:12:23.527 INFO - Executing: [find element: By.cssSelector: #recordUpsertPage .barcode])
19:12:23.534 INFO - Done: [find element: By.cssSelector: #recordUpsertPage .barcode]
19:12:23.536 INFO - Executing: [find element: By.cssSelector: #recordUpsertPage .barcode])
19:12:23.542 INFO - Done: [find element: By.cssSelector: #recordUpsertPage .barcode]
19:12:23.544 INFO - Executing: [click: 14 [[ChromeDriver: chrome on MAC (be2c4eb9afe8e4d108267bb85a3d964d)] -> css selector: #recordUpsertPage .barcode]])
19:12:24.452 WARN - Exception thrown
org.openqa.selenium.WebDriverException: unknown error: Element is not clickable at point (128, 110). Other element would receive the click: <header class="recordHeader" style="background: linear-gradient(225deg, transparent 28.28px, rgba(255,255,255,0.95) 0) top right;">...</header>
  (Session info: chrome=44.0.2403.125)
  (Driver info: chromedriver=2.15.322455 (ae8db840dac8d0c453355d3d922c91adfb61df8f),platform=Mac OS X 10.10.2 x86_64) (WARNING: The server did not provide any stacktrace information)
Command duration or timeout: 22 milliseconds
Build info: version: '2.45.0', revision: '5017cb8', time: '2015-02-26 23:59:50'
System info: host: 'Abigails-Mini', ip: '192.168.1.105', os.name: 'Mac OS X', os.arch: 'x86_64', os.version: '10.10.2', java.version: '1.6.0_65'
Session ID: be2c4eb9afe8e4d108267bb85a3d964d
Driver info: org.openqa.selenium.chrome.ChromeDriver
Capabilities [{platform=MAC, acceptSslCerts=true, javascriptEnabled=true, browserName=chrome, chrome={userDataDir=/var/folders/wy/x2wnhsd15rxbcnwr07g161b00000gn/T/.org.chromium.Chromium.FlsBsa}, rotatable=false, locationContextEnabled=true, mobileEmulationEnabled=false, version=44.0.2403.125, takesHeapSnapshot=true, cssSelectorsEnabled=true, databaseEnabled=false, handlesAlerts=true, browserConnectionEnabled=false, webStorageEnabled=true, nativeEvents=true, applicationCacheEnabled=false, takesScreenshot=true}]
	at sun.reflect.NativeConstructorAccessorImpl.newInstance0(Native Method)
	at sun.reflect.NativeConstructorAccessorImpl.newInstance(NativeConstructorAccessorImpl.java:39)
	at sun.reflect.DelegatingConstructorAccessorImpl.newInstance(DelegatingConstructorAccessorImpl.java:27)
	at java.lang.reflect.Constructor.newInstance(Constructor.java:513)
	at org.openqa.selenium.remote.ErrorHandler.createThrowable(ErrorHandler.java:204)
	at org.openqa.selenium.remote.ErrorHandler.throwIfResponseFailed(ErrorHandler.java:156)
	at org.openqa.selenium.remote.RemoteWebDriver.execute(RemoteWebDriver.java:599)
	at org.openqa.selenium.remote.RemoteWebElement.execute(RemoteWebElement.java:268)
	at org.openqa.selenium.remote.RemoteWebElement.click(RemoteWebElement.java:79)
	at sun.reflect.NativeMethodAccessorImpl.invoke0(Native Method)
	at sun.reflect.NativeMethodAccessorImpl.invoke(NativeMethodAccessorImpl.java:39)
	at sun.reflect.DelegatingMethodAccessorImpl.invoke(DelegatingMethodAccessorImpl.java:25)
	at java.lang.reflect.Method.invoke(Method.java:597)
	at org.openqa.selenium.support.events.EventFiringWebDriver$EventFiringWebElement$1.invoke(EventFiringWebDriver.java:331)
	at com.sun.proxy.$Proxy2.click(Unknown Source)
	at org.openqa.selenium.support.events.EventFiringWebDriver$EventFiringWebElement.click(EventFiringWebDriver.java:344)
	at sun.reflect.NativeMethodAccessorImpl.invoke0(Native Method)
	at sun.reflect.NativeMethodAccessorImpl.invoke(NativeMethodAccessorImpl.java:39)
	at sun.reflect.DelegatingMethodAccessorImpl.invoke(DelegatingMethodAccessorImpl.java:25)
	at java.lang.reflect.Method.invoke(Method.java:597)
	at org.openqa.selenium.remote.server.KnownElements$1.invoke(KnownElements.java:63)
	at com.sun.proxy.$Proxy3.click(Unknown Source)
	at org.openqa.selenium.remote.server.handler.ClickElement.call(ClickElement.java:29)
	at org.openqa.selenium.remote.server.handler.ClickElement.call(ClickElement.java:1)
	at java.util.concurrent.FutureTask$Sync.innerRun(FutureTask.java:303)
	at java.util.concurrent.FutureTask.run(FutureTask.java:138)
	at org.openqa.selenium.remote.server.DefaultSession$1.run(DefaultSession.java:168)
	at java.util.concurrent.ThreadPoolExecutor$Worker.runTask(ThreadPoolExecutor.java:895)
	at java.util.concurrent.ThreadPoolExecutor$Worker.run(ThreadPoolExecutor.java:918)
	at java.lang.Thread.run(Thread.java:695)
19:12:24.453 WARN - Exception: unknown error: Element is not clickable at point (128, 110). Other element would receive the click: <header class="recordHeader" style="background: linear-gradient(225deg, transparent 28.28px, rgba(255,255,255,0.95) 0) top right;">...</header>
  (Session info: chrome=44.0.2403.125)
  (Driver info: chromedriver=2.15.322455 (ae8db840dac8d0c453355d3d922c91adfb61df8f),platform=Mac OS X 10.10.2 x86_64) (WARNING: The server did not provide any stacktrace information)
Command duration or timeout: 22 milliseconds
Build info: version: '2.45.0', revision: '5017cb8', time: '2015-02-26 23:59:50'
System info: host: 'Abigails-Mini', ip: '192.168.1.105', os.name: 'Mac OS X', os.arch: 'x86_64', os.version: '10.10.2', java.version: '1.6.0_65'
Session ID: be2c4eb9afe8e4d108267bb85a3d964d
Driver info: org.openqa.selenium.chrome.ChromeDriver
Capabilities [{platform=MAC, acceptSslCerts=true, javascriptEnabled=true, browserName=chrome, chrome={userDataDir=/var/folders/wy/x2wnhsd15rxbcnwr07g161b00000gn/T/.org.chromium.Chromium.FlsBsa}, rotatable=false, locationContextEnabled=true, mobileEmulationEnabled=false, version=44.0.2403.125, takesHeapSnapshot=true, cssSelectorsEnabled=true, databaseEnabled=false, handlesAlerts=true, browserConnectionEnabled=false, webStorageEnabled=true, nativeEvents=true, applicationCacheEnabled=false, takesScreenshot=true}]
19:12:24.997 INFO - Executing: [find element: By.cssSelector: input[name="title"]])
19:12:25.003 INFO - Done: [find element: By.cssSelector: input[name="title"]]
19:12:25.005 INFO - Executing: [clear: 9 [[ChromeDriver: chrome on MAC (be2c4eb9afe8e4d108267bb85a3d964d)] -> css selector: input[name="title"]]])
19:12:25.023 INFO - Done: [clear: 9 [[ChromeDriver: chrome on MAC (be2c4eb9afe8e4d108267bb85a3d964d)] -> css selector: input[name="title"]]]
19:12:25.026 INFO - Executing: [find element: By.cssSelector: input[name="title"]])
19:12:25.032 INFO - Done: [find element: By.cssSelector: input[name="title"]]
19:12:25.034 INFO - Executing: [send keys: 9 [[ChromeDriver: chrome on MAC (be2c4eb9afe8e4d108267bb85a3d964d)] -> css selector: input[name="title"]], [H, e, l, l, o,  , C, t, h, u, l, u]])
19:12:25.068 INFO - Done: [send keys: 9 [[ChromeDriver: chrome on MAC (be2c4eb9afe8e4d108267bb85a3d964d)] -> css selector: input[name="title"]], [H, e, l, l, o,  , C, t, h, u, l, u]]
19:12:25.070 INFO - Executing: [find element: By.cssSelector: input[name="url"]])
19:12:25.079 INFO - Done: [find element: By.cssSelector: input[name="url"]]
19:12:25.081 INFO - Executing: [clear: 10 [[ChromeDriver: chrome on MAC (be2c4eb9afe8e4d108267bb85a3d964d)] -> css selector: input[name="url"]]])
19:12:25.092 INFO - Done: [clear: 10 [[ChromeDriver: chrome on MAC (be2c4eb9afe8e4d108267bb85a3d964d)] -> css selector: input[name="url"]]]
19:12:25.095 INFO - Executing: [find element: By.cssSelector: input[name="url"]])
19:12:25.101 INFO - Done: [find element: By.cssSelector: input[name="url"]]
19:12:25.105 INFO - Executing: [send keys: 10 [[ChromeDriver: chrome on MAC (be2c4eb9afe8e4d108267bb85a3d964d)] -> css selector: input[name="url"]], [h, t, t, p, :, /, /, w, w, w, ., h, e, l, l, o, -, c, t, h, u, l, h, u, ., c, o, m, /]])
19:12:25.155 INFO - Done: [send keys: 10 [[ChromeDriver: chrome on MAC (be2c4eb9afe8e4d108267bb85a3d964d)] -> css selector: input[name="url"]], [h, t, t, p, :, /, /, w, w, w, ., h, e, l, l, o, -, c, t, h, u, l, h, u, ., c, o, m, /]]
19:12:25.158 INFO - Executing: [find element: By.cssSelector: input[name="imageUrl"]])
19:12:25.181 INFO - Done: [find element: By.cssSelector: input[name="imageUrl"]]
19:12:25.183 INFO - Executing: [clear: 11 [[ChromeDriver: chrome on MAC (be2c4eb9afe8e4d108267bb85a3d964d)] -> css selector: input[name="imageUrl"]]])
19:12:25.203 INFO - Done: [clear: 11 [[ChromeDriver: chrome on MAC (be2c4eb9afe8e4d108267bb85a3d964d)] -> css selector: input[name="imageUrl"]]]
19:12:25.207 INFO - Executing: [find element: By.cssSelector: input[name="imageUrl"]])
19:12:25.213 INFO - Done: [find element: By.cssSelector: input[name="imageUrl"]]
19:12:25.216 INFO - Executing: [send keys: 11 [[ChromeDriver: chrome on MAC (be2c4eb9afe8e4d108267bb85a3d964d)] -> css selector: input[name="imageUrl"]], [h, t, t, p, :, /, /, i, h, 1, ., r, e, d, b, u, b, b, l, e, ., n, e, t, /, i, m, a, g, e, ., 2, 4, 1, 2, 9, 1, 1, 0, ., 6, 0, 8, 6, /, f, c, ,, 5, 5, 0, x, 5, 5, 0, ,, w, h, i, t, e, ., j, p, g]])
19:12:25.300 INFO - Done: [send keys: 11 [[ChromeDriver: chrome on MAC (be2c4eb9afe8e4d108267bb85a3d964d)] -> css selector: input[name="imageUrl"]], [h, t, t, p, :, /, /, i, h, 1, ., r, e, d, b, u, b, b, l, e, ., n, e, t, /, i, m, a, g, e, ., 2, 4, 1, 2, 9, 1, 1, 0, ., 6, 0, 8, 6, /, f, c, ,, 5, 5, 0, x, 5, 5, 0, ,, w, h, i, t, e, ., j, p, g]]
19:12:25.303 INFO - Executing: [find element: By.cssSelector: input[name="description"]])
19:12:25.350 INFO - Done: [find element: By.cssSelector: input[name="description"]]
19:12:25.352 INFO - Executing: [clear: 12 [[ChromeDriver: chrome on MAC (be2c4eb9afe8e4d108267bb85a3d964d)] -> css selector: input[name="description"]]])
19:12:25.364 INFO - Done: [clear: 12 [[ChromeDriver: chrome on MAC (be2c4eb9afe8e4d108267bb85a3d964d)] -> css selector: input[name="description"]]]
19:12:25.367 INFO - Executing: [find element: By.cssSelector: input[name="description"]])
19:12:25.375 INFO - Done: [find element: By.cssSelector: input[name="description"]]
19:12:25.383 INFO - Executing: [send keys: 12 [[ChromeDriver: chrome on MAC (be2c4eb9afe8e4d108267bb85a3d964d)] -> css selector: input[name="description"]], [W, e, l, c, o, m, e,  , t, o,  , t, h, e,  , b, e, g, i, n, n, i, n, g,  , o, f,  , H, e, l, l, o,  , C, t, h, u, l, h, u, .,  , T, h, i, s,  , a, l, l,  , s, t, a, r, t, e, d,  , a, s,  , a,  , r, a, n, d, o, m,  , i, d, e, a,  , I,  , o, n, c, e,  , h, a, d, .,  , I,  , k, n, o, w,  , t, h, a, t,  , s, e, v, e, r, a, l,  , p, e, o, p, l, e,  , h, a, v, e,  , c, o, m, e,  , u, p,  , w, i, t, h,  , t, h, e,  , s, a, m, e,  , i, d, e, a,  , b, e, f, o, r, e,  , m, e,  , a, n, d,  , h, a, v, e,  , d, o, n, e,  , a,  , b, i, t,  , w, i, t, h,  , i, t,  , o, n,  , t, h, e,  , w, e, b,  , a, n, d,  , w, h, a, t,  , n, o, t, .,  , B, u, t,  , I, ', m,  , p, r, e, t, t, y,  , s, u, r, e,  , I, ', m,  , t, h, e,  , o, n, l, y,  , o, n, e,  , w, h, o,  , h, a, s,  , d, o, n, e,  , a,  , c, o, m, i, c, .,  , I, n,  , a, n, y,  , c, a, s, e, ,,  , I,  , h, o, p, e,  , y, o, u,  , e, n, j, o, y,  , t, h, e, s, e, .]])
19:12:25.655 INFO - Done: [send keys: 12 [[ChromeDriver: chrome on MAC (be2c4eb9afe8e4d108267bb85a3d964d)] -> css selector: input[name="description"]], [W, e, l, c, o, m, e,  , t, o,  , t, h, e,  , b, e, g, i, n, n, i, n, g,  , o, f,  , H, e, l, l, o,  , C, t, h, u, l, h, u, .,  , T, h, i, s,  , a, l, l,  , s, t, a, r, t, e, d,  , a, s,  , a,  , r, a, n, d, o, m,  , i, d, e, a,  , I,  , o, n, c, e,  , h, a, d, .,  , I,  , k, n, o, w,  , t, h, a, t,  , s, e, v, e, r, a, l,  , p, e, o, p, l, e,  , h, a, v, e,  , c, o, m, e,  , u, p,  , w, i, t, h,  , t, h, e,  , s, a, m, e,  , i, d, e, a,  , b, e, f, o, r, e,  , m, e,  , a, n, d,  , h, a, v, e,  , d, o, n, e,  , a,  , b, i, t,  , w, i, t, h,  , i, t,  , o, n,  , t, h, e,  , w, e, b,  , a, n, d,  , w, h, a, t,  , n, o, t, .,  , B, u, t,  , I, ', m,  , p, r, e, t, t, y,  , s, u, r, e,  , I, ', m,  , t, h, e,  , o, n, l, y,  , o, n, e,  , w, h, o,  , h, a, s,  , d, o, n, e,  , a,  , c, o, m, i, c, .,  , I, n,  , a, n, y,  , c, a, s, e, ,,  , I,  , h, o, p, e,  , y, o, u,  , e, n, j, o, y,  , t, h, e, s, e, .]]
19:12:25.658 INFO - Executing: [find element: By.cssSelector: #saveRecordButton])
19:12:25.846 INFO - Done: [find element: By.cssSelector: #saveRecordButton]
19:12:25.849 INFO - Executing: [find element: By.cssSelector: #saveRecordButton])
19:12:25.856 INFO - Done: [find element: By.cssSelector: #saveRecordButton]
19:12:25.858 INFO - Executing: [mousemove: 13 true])
19:12:25.865 INFO - Done: [mousemove: 13 true]
19:12:25.867 INFO - Executing: [find element: By.cssSelector: #saveRecordButton])
19:12:25.890 INFO - Done: [find element: By.cssSelector: #saveRecordButton]
19:12:25.892 INFO - Executing: [is displayed: 13 [[ChromeDriver: chrome on MAC (be2c4eb9afe8e4d108267bb85a3d964d)] -> css selector: #saveRecordButton]])
19:12:25.898 INFO - Done: [is displayed: 13 [[ChromeDriver: chrome on MAC (be2c4eb9afe8e4d108267bb85a3d964d)] -> css selector: #saveRecordButton]]
19:12:25.901 INFO - Executing: [find element: By.cssSelector: #saveRecordButton])
19:12:25.908 INFO - Done: [find element: By.cssSelector: #saveRecordButton]
19:12:25.909 INFO - Executing: [click: 13 [[ChromeDriver: chrome on MAC (be2c4eb9afe8e4d108267bb85a3d964d)] -> css selector: #saveRecordButton]])
19:12:25.923 INFO - Done: [click: 13 [[ChromeDriver: chrome on MAC (be2c4eb9afe8e4d108267bb85a3d964d)] -> css selector: #saveRecordButton]]
19:12:26.231 INFO - Executing: [find element: By.cssSelector: #recordUpsertPage])
19:12:26.239 INFO - Done: [find element: By.cssSelector: #recordUpsertPage]
19:12:26.242 INFO - Executing: [find element: By.cssSelector: #recordUpsertPage .pageHeader])
19:12:27.118 WARN - Exception thrown
org.openqa.selenium.NoSuchElementException: no such element
  (Session info: chrome=44.0.2403.125)
  (Driver info: chromedriver=2.15.322455 (ae8db840dac8d0c453355d3d922c91adfb61df8f),platform=Mac OS X 10.10.2 x86_64) (WARNING: The server did not provide any stacktrace information)
Command duration or timeout: 6 milliseconds
For documentation on this error, please visit: http://seleniumhq.org/exceptions/no_such_element.html
Build info: version: '2.45.0', revision: '5017cb8', time: '2015-02-26 23:59:50'
System info: host: 'Abigails-Mini', ip: '192.168.1.105', os.name: 'Mac OS X', os.arch: 'x86_64', os.version: '10.10.2', java.version: '1.6.0_65'
*** Element info: {Using=css selector, value=#recordUpsertPage .pageHeader}
Session ID: be2c4eb9afe8e4d108267bb85a3d964d
Driver info: org.openqa.selenium.chrome.ChromeDriver
Capabilities [{platform=MAC, acceptSslCerts=true, javascriptEnabled=true, browserName=chrome, chrome={userDataDir=/var/folders/wy/x2wnhsd15rxbcnwr07g161b00000gn/T/.org.chromium.Chromium.FlsBsa}, rotatable=false, locationContextEnabled=true, mobileEmulationEnabled=false, version=44.0.2403.125, takesHeapSnapshot=true, cssSelectorsEnabled=true, databaseEnabled=false, handlesAlerts=true, browserConnectionEnabled=false, webStorageEnabled=true, nativeEvents=true, applicationCacheEnabled=false, takesScreenshot=true}]
	at sun.reflect.GeneratedConstructorAccessor14.newInstance(Unknown Source)
	at sun.reflect.DelegatingConstructorAccessorImpl.newInstance(DelegatingConstructorAccessorImpl.java:27)
	at java.lang.reflect.Constructor.newInstance(Constructor.java:513)
	at org.openqa.selenium.remote.ErrorHandler.createThrowable(ErrorHandler.java:204)
	at org.openqa.selenium.remote.ErrorHandler.throwIfResponseFailed(ErrorHandler.java:156)
	at org.openqa.selenium.remote.RemoteWebDriver.execute(RemoteWebDriver.java:599)
	at org.openqa.selenium.remote.RemoteWebDriver.findElement(RemoteWebDriver.java:352)
	at org.openqa.selenium.remote.RemoteWebDriver.findElementByCssSelector(RemoteWebDriver.java:441)
	at org.openqa.selenium.By$ByCssSelector.findElement(By.java:426)
	at org.openqa.selenium.remote.RemoteWebDriver.findElement(RemoteWebDriver.java:344)
	at sun.reflect.GeneratedMethodAccessor17.invoke(Unknown Source)
	at sun.reflect.DelegatingMethodAccessorImpl.invoke(DelegatingMethodAccessorImpl.java:25)
	at java.lang.reflect.Method.invoke(Method.java:597)
	at org.openqa.selenium.support.events.EventFiringWebDriver$2.invoke(EventFiringWebDriver.java:101)
	at com.sun.proxy.$Proxy1.findElement(Unknown Source)
	at org.openqa.selenium.support.events.EventFiringWebDriver.findElement(EventFiringWebDriver.java:184)
	at org.openqa.selenium.remote.server.handler.FindElement.call(FindElement.java:47)
	at org.openqa.selenium.remote.server.handler.FindElement.call(FindElement.java:1)
	at java.util.concurrent.FutureTask$Sync.innerRun(FutureTask.java:303)
	at java.util.concurrent.FutureTask.run(FutureTask.java:138)
	at org.openqa.selenium.remote.server.DefaultSession$1.run(DefaultSession.java:168)
	at java.util.concurrent.ThreadPoolExecutor$Worker.runTask(ThreadPoolExecutor.java:895)
	at java.util.concurrent.ThreadPoolExecutor$Worker.run(ThreadPoolExecutor.java:918)
	at java.lang.Thread.run(Thread.java:695)
19:12:27.119 WARN - Exception: no such element
  (Session info: chrome=44.0.2403.125)
  (Driver info: chromedriver=2.15.322455 (ae8db840dac8d0c453355d3d922c91adfb61df8f),platform=Mac OS X 10.10.2 x86_64) (WARNING: The server did not provide any stacktrace information)
Command duration or timeout: 6 milliseconds
For documentation on this error, please visit: http://seleniumhq.org/exceptions/no_such_element.html
Build info: version: '2.45.0', revision: '5017cb8', time: '2015-02-26 23:59:50'
System info: host: 'Abigails-Mini', ip: '192.168.1.105', os.name: 'Mac OS X', os.arch: 'x86_64', os.version: '10.10.2', java.version: '1.6.0_65'
*** Element info: {Using=css selector, value=#recordUpsertPage .pageHeader}
Session ID: be2c4eb9afe8e4d108267bb85a3d964d
Driver info: org.openqa.selenium.chrome.ChromeDriver
Capabilities [{platform=MAC, acceptSslCerts=true, javascriptEnabled=true, browserName=chrome, chrome={userDataDir=/var/folders/wy/x2wnhsd15rxbcnwr07g161b00000gn/T/.org.chromium.Chromium.FlsBsa}, rotatable=false, locationContextEnabled=true, mobileEmulationEnabled=false, version=44.0.2403.125, takesHeapSnapshot=true, cssSelectorsEnabled=true, databaseEnabled=false, handlesAlerts=true, browserConnectionEnabled=false, webStorageEnabled=true, nativeEvents=true, applicationCacheEnabled=false, takesScreenshot=true}]
19:12:27.356 INFO - Executing: [find element: By.cssSelector: #recordUpsertCard])
19:12:27.363 INFO - Done: [find element: By.cssSelector: #recordUpsertCard]
19:12:27.368 INFO - Executing: [find element: By.cssSelector: #recordMetaData])
19:12:28.238 WARN - Exception thrown
org.openqa.selenium.NoSuchElementException: no such element
  (Session info: chrome=44.0.2403.125)
  (Driver info: chromedriver=2.15.322455 (ae8db840dac8d0c453355d3d922c91adfb61df8f),platform=Mac OS X 10.10.2 x86_64) (WARNING: The server did not provide any stacktrace information)
Command duration or timeout: 6 milliseconds
For documentation on this error, please visit: http://seleniumhq.org/exceptions/no_such_element.html
Build info: version: '2.45.0', revision: '5017cb8', time: '2015-02-26 23:59:50'
System info: host: 'Abigails-Mini', ip: '192.168.1.105', os.name: 'Mac OS X', os.arch: 'x86_64', os.version: '10.10.2', java.version: '1.6.0_65'
*** Element info: {Using=css selector, value=#recordMetaData}
Session ID: be2c4eb9afe8e4d108267bb85a3d964d
Driver info: org.openqa.selenium.chrome.ChromeDriver
Capabilities [{platform=MAC, acceptSslCerts=true, javascriptEnabled=true, browserName=chrome, chrome={userDataDir=/var/folders/wy/x2wnhsd15rxbcnwr07g161b00000gn/T/.org.chromium.Chromium.FlsBsa}, rotatable=false, locationContextEnabled=true, mobileEmulationEnabled=false, version=44.0.2403.125, takesHeapSnapshot=true, cssSelectorsEnabled=true, databaseEnabled=false, handlesAlerts=true, browserConnectionEnabled=false, webStorageEnabled=true, nativeEvents=true, applicationCacheEnabled=false, takesScreenshot=true}]
	at sun.reflect.GeneratedConstructorAccessor14.newInstance(Unknown Source)
	at sun.reflect.DelegatingConstructorAccessorImpl.newInstance(DelegatingConstructorAccessorImpl.java:27)
	at java.lang.reflect.Constructor.newInstance(Constructor.java:513)
	at org.openqa.selenium.remote.ErrorHandler.createThrowable(ErrorHandler.java:204)
	at org.openqa.selenium.remote.ErrorHandler.throwIfResponseFailed(ErrorHandler.java:156)
	at org.openqa.selenium.remote.RemoteWebDriver.execute(RemoteWebDriver.java:599)
	at org.openqa.selenium.remote.RemoteWebDriver.findElement(RemoteWebDriver.java:352)
	at org.openqa.selenium.remote.RemoteWebDriver.findElementByCssSelector(RemoteWebDriver.java:441)
	at org.openqa.selenium.By$ByCssSelector.findElement(By.java:426)
	at org.openqa.selenium.remote.RemoteWebDriver.findElement(RemoteWebDriver.java:344)
	at sun.reflect.GeneratedMethodAccessor17.invoke(Unknown Source)
	at sun.reflect.DelegatingMethodAccessorImpl.invoke(DelegatingMethodAccessorImpl.java:25)
	at java.lang.reflect.Method.invoke(Method.java:597)
	at org.openqa.selenium.support.events.EventFiringWebDriver$2.invoke(EventFiringWebDriver.java:101)
	at com.sun.proxy.$Proxy1.findElement(Unknown Source)
	at org.openqa.selenium.support.events.EventFiringWebDriver.findElement(EventFiringWebDriver.java:184)
	at org.openqa.selenium.remote.server.handler.FindElement.call(FindElement.java:47)
	at org.openqa.selenium.remote.server.handler.FindElement.call(FindElement.java:1)
	at java.util.concurrent.FutureTask$Sync.innerRun(FutureTask.java:303)
	at java.util.concurrent.FutureTask.run(FutureTask.java:138)
	at org.openqa.selenium.remote.server.DefaultSession$1.run(DefaultSession.java:168)
	at java.util.concurrent.ThreadPoolExecutor$Worker.runTask(ThreadPoolExecutor.java:895)
	at java.util.concurrent.ThreadPoolExecutor$Worker.run(ThreadPoolExecutor.java:918)
	at java.lang.Thread.run(Thread.java:695)
19:12:28.239 WARN - Exception: no such element
  (Session info: chrome=44.0.2403.125)
  (Driver info: chromedriver=2.15.322455 (ae8db840dac8d0c453355d3d922c91adfb61df8f),platform=Mac OS X 10.10.2 x86_64) (WARNING: The server did not provide any stacktrace information)
Command duration or timeout: 6 milliseconds
For documentation on this error, please visit: http://seleniumhq.org/exceptions/no_such_element.html
Build info: version: '2.45.0', revision: '5017cb8', time: '2015-02-26 23:59:50'
System info: host: 'Abigails-Mini', ip: '192.168.1.105', os.name: 'Mac OS X', os.arch: 'x86_64', os.version: '10.10.2', java.version: '1.6.0_65'
*** Element info: {Using=css selector, value=#recordMetaData}
Session ID: be2c4eb9afe8e4d108267bb85a3d964d
Driver info: org.openqa.selenium.chrome.ChromeDriver
Capabilities [{platform=MAC, acceptSslCerts=true, javascriptEnabled=true, browserName=chrome, chrome={userDataDir=/var/folders/wy/x2wnhsd15rxbcnwr07g161b00000gn/T/.org.chromium.Chromium.FlsBsa}, rotatable=false, locationContextEnabled=true, mobileEmulationEnabled=false, version=44.0.2403.125, takesHeapSnapshot=true, cssSelectorsEnabled=true, databaseEnabled=false, handlesAlerts=true, browserConnectionEnabled=false, webStorageEnabled=true, nativeEvents=true, applicationCacheEnabled=false, takesScreenshot=true}]
19:12:28.454 INFO - Executing: [find element: By.cssSelector: #recordMetaInputs])
19:12:29.329 WARN - Exception thrown
org.openqa.selenium.NoSuchElementException: no such element
  (Session info: chrome=44.0.2403.125)
  (Driver info: chromedriver=2.15.322455 (ae8db840dac8d0c453355d3d922c91adfb61df8f),platform=Mac OS X 10.10.2 x86_64) (WARNING: The server did not provide any stacktrace information)
Command duration or timeout: 7 milliseconds
For documentation on this error, please visit: http://seleniumhq.org/exceptions/no_such_element.html
Build info: version: '2.45.0', revision: '5017cb8', time: '2015-02-26 23:59:50'
System info: host: 'Abigails-Mini', ip: '192.168.1.105', os.name: 'Mac OS X', os.arch: 'x86_64', os.version: '10.10.2', java.version: '1.6.0_65'
*** Element info: {Using=css selector, value=#recordMetaInputs}
Session ID: be2c4eb9afe8e4d108267bb85a3d964d
Driver info: org.openqa.selenium.chrome.ChromeDriver
Capabilities [{platform=MAC, acceptSslCerts=true, javascriptEnabled=true, browserName=chrome, chrome={userDataDir=/var/folders/wy/x2wnhsd15rxbcnwr07g161b00000gn/T/.org.chromium.Chromium.FlsBsa}, rotatable=false, locationContextEnabled=true, mobileEmulationEnabled=false, version=44.0.2403.125, takesHeapSnapshot=true, cssSelectorsEnabled=true, databaseEnabled=false, handlesAlerts=true, browserConnectionEnabled=false, webStorageEnabled=true, nativeEvents=true, applicationCacheEnabled=false, takesScreenshot=true}]
	at sun.reflect.GeneratedConstructorAccessor14.newInstance(Unknown Source)
	at sun.reflect.DelegatingConstructorAccessorImpl.newInstance(DelegatingConstructorAccessorImpl.java:27)
	at java.lang.reflect.Constructor.newInstance(Constructor.java:513)
	at org.openqa.selenium.remote.ErrorHandler.createThrowable(ErrorHandler.java:204)
	at org.openqa.selenium.remote.ErrorHandler.throwIfResponseFailed(ErrorHandler.java:156)
	at org.openqa.selenium.remote.RemoteWebDriver.execute(RemoteWebDriver.java:599)
	at org.openqa.selenium.remote.RemoteWebDriver.findElement(RemoteWebDriver.java:352)
	at org.openqa.selenium.remote.RemoteWebDriver.findElementByCssSelector(RemoteWebDriver.java:441)
	at org.openqa.selenium.By$ByCssSelector.findElement(By.java:426)
	at org.openqa.selenium.remote.RemoteWebDriver.findElement(RemoteWebDriver.java:344)
	at sun.reflect.GeneratedMethodAccessor17.invoke(Unknown Source)
	at sun.reflect.DelegatingMethodAccessorImpl.invoke(DelegatingMethodAccessorImpl.java:25)
	at java.lang.reflect.Method.invoke(Method.java:597)
	at org.openqa.selenium.support.events.EventFiringWebDriver$2.invoke(EventFiringWebDriver.java:101)
	at com.sun.proxy.$Proxy1.findElement(Unknown Source)
	at org.openqa.selenium.support.events.EventFiringWebDriver.findElement(EventFiringWebDriver.java:184)
	at org.openqa.selenium.remote.server.handler.FindElement.call(FindElement.java:47)
	at org.openqa.selenium.remote.server.handler.FindElement.call(FindElement.java:1)
	at java.util.concurrent.FutureTask$Sync.innerRun(FutureTask.java:303)
	at java.util.concurrent.FutureTask.run(FutureTask.java:138)
	at org.openqa.selenium.remote.server.DefaultSession$1.run(DefaultSession.java:168)
	at java.util.concurrent.ThreadPoolExecutor$Worker.runTask(ThreadPoolExecutor.java:895)
	at java.util.concurrent.ThreadPoolExecutor$Worker.run(ThreadPoolExecutor.java:918)
	at java.lang.Thread.run(Thread.java:695)
19:12:29.330 WARN - Exception: no such element
  (Session info: chrome=44.0.2403.125)
  (Driver info: chromedriver=2.15.322455 (ae8db840dac8d0c453355d3d922c91adfb61df8f),platform=Mac OS X 10.10.2 x86_64) (WARNING: The server did not provide any stacktrace information)
Command duration or timeout: 7 milliseconds
For documentation on this error, please visit: http://seleniumhq.org/exceptions/no_such_element.html
Build info: version: '2.45.0', revision: '5017cb8', time: '2015-02-26 23:59:50'
System info: host: 'Abigails-Mini', ip: '192.168.1.105', os.name: 'Mac OS X', os.arch: 'x86_64', os.version: '10.10.2', java.version: '1.6.0_65'
*** Element info: {Using=css selector, value=#recordMetaInputs}
Session ID: be2c4eb9afe8e4d108267bb85a3d964d
Driver info: org.openqa.selenium.chrome.ChromeDriver
Capabilities [{platform=MAC, acceptSslCerts=true, javascriptEnabled=true, browserName=chrome, chrome={userDataDir=/var/folders/wy/x2wnhsd15rxbcnwr07g161b00000gn/T/.org.chromium.Chromium.FlsBsa}, rotatable=false, locationContextEnabled=true, mobileEmulationEnabled=false, version=44.0.2403.125, takesHeapSnapshot=true, cssSelectorsEnabled=true, databaseEnabled=false, handlesAlerts=true, browserConnectionEnabled=false, webStorageEnabled=true, nativeEvents=true, applicationCacheEnabled=false, takesScreenshot=true}]
19:12:29.578 INFO - Executing: [find element: By.cssSelector: input[name="title"]])
19:12:29.585 INFO - Done: [find element: By.cssSelector: input[name="title"]]
19:12:29.588 INFO - Executing: [find element: By.cssSelector: input[name="url"]])
19:12:29.594 INFO - Done: [find element: By.cssSelector: input[name="url"]]
19:12:29.597 INFO - Executing: [find element: By.cssSelector: input[name="imageUrl"]])
19:12:29.604 INFO - Done: [find element: By.cssSelector: input[name="imageUrl"]]
19:12:29.606 INFO - Executing: [find element: By.cssSelector: #recordImage])
19:12:30.475 WARN - Exception thrown
org.openqa.selenium.NoSuchElementException: no such element
  (Session info: chrome=44.0.2403.125)
  (Driver info: chromedriver=2.15.322455 (ae8db840dac8d0c453355d3d922c91adfb61df8f),platform=Mac OS X 10.10.2 x86_64) (WARNING: The server did not provide any stacktrace information)
Command duration or timeout: 7 milliseconds
For documentation on this error, please visit: http://seleniumhq.org/exceptions/no_such_element.html
Build info: version: '2.45.0', revision: '5017cb8', time: '2015-02-26 23:59:50'
System info: host: 'Abigails-Mini', ip: '192.168.1.105', os.name: 'Mac OS X', os.arch: 'x86_64', os.version: '10.10.2', java.version: '1.6.0_65'
*** Element info: {Using=css selector, value=#recordImage}
Session ID: be2c4eb9afe8e4d108267bb85a3d964d
Driver info: org.openqa.selenium.chrome.ChromeDriver
Capabilities [{platform=MAC, acceptSslCerts=true, javascriptEnabled=true, browserName=chrome, chrome={userDataDir=/var/folders/wy/x2wnhsd15rxbcnwr07g161b00000gn/T/.org.chromium.Chromium.FlsBsa}, rotatable=false, locationContextEnabled=true, mobileEmulationEnabled=false, version=44.0.2403.125, takesHeapSnapshot=true, cssSelectorsEnabled=true, databaseEnabled=false, handlesAlerts=true, browserConnectionEnabled=false, webStorageEnabled=true, nativeEvents=true, applicationCacheEnabled=false, takesScreenshot=true}]
	at sun.reflect.GeneratedConstructorAccessor14.newInstance(Unknown Source)
	at sun.reflect.DelegatingConstructorAccessorImpl.newInstance(DelegatingConstructorAccessorImpl.java:27)
	at java.lang.reflect.Constructor.newInstance(Constructor.java:513)
	at org.openqa.selenium.remote.ErrorHandler.createThrowable(ErrorHandler.java:204)
	at org.openqa.selenium.remote.ErrorHandler.throwIfResponseFailed(ErrorHandler.java:156)
	at org.openqa.selenium.remote.RemoteWebDriver.execute(RemoteWebDriver.java:599)
	at org.openqa.selenium.remote.RemoteWebDriver.findElement(RemoteWebDriver.java:352)
	at org.openqa.selenium.remote.RemoteWebDriver.findElementByCssSelector(RemoteWebDriver.java:441)
	at org.openqa.selenium.By$ByCssSelector.findElement(By.java:426)
	at org.openqa.selenium.remote.RemoteWebDriver.findElement(RemoteWebDriver.java:344)
	at sun.reflect.GeneratedMethodAccessor17.invoke(Unknown Source)
	at sun.reflect.DelegatingMethodAccessorImpl.invoke(DelegatingMethodAccessorImpl.java:25)
	at java.lang.reflect.Method.invoke(Method.java:597)
	at org.openqa.selenium.support.events.EventFiringWebDriver$2.invoke(EventFiringWebDriver.java:101)
	at com.sun.proxy.$Proxy1.findElement(Unknown Source)
	at org.openqa.selenium.support.events.EventFiringWebDriver.findElement(EventFiringWebDriver.java:184)
	at org.openqa.selenium.remote.server.handler.FindElement.call(FindElement.java:47)
	at org.openqa.selenium.remote.server.handler.FindElement.call(FindElement.java:1)
	at java.util.concurrent.FutureTask$Sync.innerRun(FutureTask.java:303)
	at java.util.concurrent.FutureTask.run(FutureTask.java:138)
	at org.openqa.selenium.remote.server.DefaultSession$1.run(DefaultSession.java:168)
	at java.util.concurrent.ThreadPoolExecutor$Worker.runTask(ThreadPoolExecutor.java:895)
	at java.util.concurrent.ThreadPoolExecutor$Worker.run(ThreadPoolExecutor.java:918)
	at java.lang.Thread.run(Thread.java:695)
19:12:30.477 WARN - Exception: no such element
  (Session info: chrome=44.0.2403.125)
  (Driver info: chromedriver=2.15.322455 (ae8db840dac8d0c453355d3d922c91adfb61df8f),platform=Mac OS X 10.10.2 x86_64) (WARNING: The server did not provide any stacktrace information)
Command duration or timeout: 7 milliseconds
For documentation on this error, please visit: http://seleniumhq.org/exceptions/no_such_element.html
Build info: version: '2.45.0', revision: '5017cb8', time: '2015-02-26 23:59:50'
System info: host: 'Abigails-Mini', ip: '192.168.1.105', os.name: 'Mac OS X', os.arch: 'x86_64', os.version: '10.10.2', java.version: '1.6.0_65'
*** Element info: {Using=css selector, value=#recordImage}
Session ID: be2c4eb9afe8e4d108267bb85a3d964d
Driver info: org.openqa.selenium.chrome.ChromeDriver
Capabilities [{platform=MAC, acceptSslCerts=true, javascriptEnabled=true, browserName=chrome, chrome={userDataDir=/var/folders/wy/x2wnhsd15rxbcnwr07g161b00000gn/T/.org.chromium.Chromium.FlsBsa}, rotatable=false, locationContextEnabled=true, mobileEmulationEnabled=false, version=44.0.2403.125, takesHeapSnapshot=true, cssSelectorsEnabled=true, databaseEnabled=false, handlesAlerts=true, browserConnectionEnabled=false, webStorageEnabled=true, nativeEvents=true, applicationCacheEnabled=false, takesScreenshot=true}]
19:12:30.734 INFO - Executing: [find element: By.cssSelector: input[name="description"]])
19:12:30.741 INFO - Done: [find element: By.cssSelector: input[name="description"]]
19:12:30.746 INFO - Executing: [find element: By.cssSelector: input[name="title"]])
19:12:30.753 INFO - Done: [find element: By.cssSelector: input[name="title"]]
19:12:30.755 INFO - Executing: [get element attribute: 9 [[ChromeDriver: chrome on MAC (be2c4eb9afe8e4d108267bb85a3d964d)] -> css selector: input[name="title"]], value])
19:12:30.760 INFO - Done: [get element attribute: 9 [[ChromeDriver: chrome on MAC (be2c4eb9afe8e4d108267bb85a3d964d)] -> css selector: input[name="title"]], value]
19:12:30.762 INFO - Executing: [find element: By.cssSelector: input[name="url"]])
19:12:30.769 INFO - Done: [find element: By.cssSelector: input[name="url"]]
19:12:30.771 INFO - Executing: [get element attribute: 10 [[ChromeDriver: chrome on MAC (be2c4eb9afe8e4d108267bb85a3d964d)] -> css selector: input[name="url"]], value])
19:12:30.776 INFO - Done: [get element attribute: 10 [[ChromeDriver: chrome on MAC (be2c4eb9afe8e4d108267bb85a3d964d)] -> css selector: input[name="url"]], value]
19:12:30.778 INFO - Executing: [find element: By.cssSelector: input[name="imageUrl"]])
19:12:30.785 INFO - Done: [find element: By.cssSelector: input[name="imageUrl"]]
19:12:30.786 INFO - Executing: [get element attribute: 11 [[ChromeDriver: chrome on MAC (be2c4eb9afe8e4d108267bb85a3d964d)] -> css selector: input[name="imageUrl"]], value])
19:12:30.791 INFO - Done: [get element attribute: 11 [[ChromeDriver: chrome on MAC (be2c4eb9afe8e4d108267bb85a3d964d)] -> css selector: input[name="imageUrl"]], value]
19:12:30.794 INFO - Executing: [find element: By.cssSelector: input[name="description"]])
19:12:30.800 INFO - Done: [find element: By.cssSelector: input[name="description"]]
19:12:30.802 INFO - Executing: [get element attribute: 12 [[ChromeDriver: chrome on MAC (be2c4eb9afe8e4d108267bb85a3d964d)] -> css selector: input[name="description"]], value])
19:12:30.807 INFO - Done: [get element attribute: 12 [[ChromeDriver: chrome on MAC (be2c4eb9afe8e4d108267bb85a3d964d)] -> css selector: input[name="description"]], value]
19:12:30.809 INFO - Executing: [find element: By.cssSelector: #recordUpsertPage .pageFooter])
19:12:31.676 WARN - Exception thrown
org.openqa.selenium.NoSuchElementException: no such element
  (Session info: chrome=44.0.2403.125)
  (Driver info: chromedriver=2.15.322455 (ae8db840dac8d0c453355d3d922c91adfb61df8f),platform=Mac OS X 10.10.2 x86_64) (WARNING: The server did not provide any stacktrace information)
Command duration or timeout: 6 milliseconds
For documentation on this error, please visit: http://seleniumhq.org/exceptions/no_such_element.html
Build info: version: '2.45.0', revision: '5017cb8', time: '2015-02-26 23:59:50'
System info: host: 'Abigails-Mini', ip: '192.168.1.105', os.name: 'Mac OS X', os.arch: 'x86_64', os.version: '10.10.2', java.version: '1.6.0_65'
*** Element info: {Using=css selector, value=#recordUpsertPage .pageFooter}
Session ID: be2c4eb9afe8e4d108267bb85a3d964d
Driver info: org.openqa.selenium.chrome.ChromeDriver
Capabilities [{platform=MAC, acceptSslCerts=true, javascriptEnabled=true, browserName=chrome, chrome={userDataDir=/var/folders/wy/x2wnhsd15rxbcnwr07g161b00000gn/T/.org.chromium.Chromium.FlsBsa}, rotatable=false, locationContextEnabled=true, mobileEmulationEnabled=false, version=44.0.2403.125, takesHeapSnapshot=true, cssSelectorsEnabled=true, databaseEnabled=false, handlesAlerts=true, browserConnectionEnabled=false, webStorageEnabled=true, nativeEvents=true, applicationCacheEnabled=false, takesScreenshot=true}]
	at sun.reflect.GeneratedConstructorAccessor14.newInstance(Unknown Source)
	at sun.reflect.DelegatingConstructorAccessorImpl.newInstance(DelegatingConstructorAccessorImpl.java:27)
	at java.lang.reflect.Constructor.newInstance(Constructor.java:513)
	at org.openqa.selenium.remote.ErrorHandler.createThrowable(ErrorHandler.java:204)
	at org.openqa.selenium.remote.ErrorHandler.throwIfResponseFailed(ErrorHandler.java:156)
	at org.openqa.selenium.remote.RemoteWebDriver.execute(RemoteWebDriver.java:599)
	at org.openqa.selenium.remote.RemoteWebDriver.findElement(RemoteWebDriver.java:352)
	at org.openqa.selenium.remote.RemoteWebDriver.findElementByCssSelector(RemoteWebDriver.java:441)
	at org.openqa.selenium.By$ByCssSelector.findElement(By.java:426)
	at org.openqa.selenium.remote.RemoteWebDriver.findElement(RemoteWebDriver.java:344)
	at sun.reflect.GeneratedMethodAccessor17.invoke(Unknown Source)
	at sun.reflect.DelegatingMethodAccessorImpl.invoke(DelegatingMethodAccessorImpl.java:25)
	at java.lang.reflect.Method.invoke(Method.java:597)
	at org.openqa.selenium.support.events.EventFiringWebDriver$2.invoke(EventFiringWebDriver.java:101)
	at com.sun.proxy.$Proxy1.findElement(Unknown Source)
	at org.openqa.selenium.support.events.EventFiringWebDriver.findElement(EventFiringWebDriver.java:184)
	at org.openqa.selenium.remote.server.handler.FindElement.call(FindElement.java:47)
	at org.openqa.selenium.remote.server.handler.FindElement.call(FindElement.java:1)
	at java.util.concurrent.FutureTask$Sync.innerRun(FutureTask.java:303)
	at java.util.concurrent.FutureTask.run(FutureTask.java:138)
	at org.openqa.selenium.remote.server.DefaultSession$1.run(DefaultSession.java:168)
	at java.util.concurrent.ThreadPoolExecutor$Worker.runTask(ThreadPoolExecutor.java:895)
	at java.util.concurrent.ThreadPoolExecutor$Worker.run(ThreadPoolExecutor.java:918)
	at java.lang.Thread.run(Thread.java:695)
19:12:31.677 WARN - Exception: no such element
  (Session info: chrome=44.0.2403.125)
  (Driver info: chromedriver=2.15.322455 (ae8db840dac8d0c453355d3d922c91adfb61df8f),platform=Mac OS X 10.10.2 x86_64) (WARNING: The server did not provide any stacktrace information)
Command duration or timeout: 6 milliseconds
For documentation on this error, please visit: http://seleniumhq.org/exceptions/no_such_element.html
Build info: version: '2.45.0', revision: '5017cb8', time: '2015-02-26 23:59:50'
System info: host: 'Abigails-Mini', ip: '192.168.1.105', os.name: 'Mac OS X', os.arch: 'x86_64', os.version: '10.10.2', java.version: '1.6.0_65'
*** Element info: {Using=css selector, value=#recordUpsertPage .pageFooter}
Session ID: be2c4eb9afe8e4d108267bb85a3d964d
Driver info: org.openqa.selenium.chrome.ChromeDriver
Capabilities [{platform=MAC, acceptSslCerts=true, javascriptEnabled=true, browserName=chrome, chrome={userDataDir=/var/folders/wy/x2wnhsd15rxbcnwr07g161b00000gn/T/.org.chromium.Chromium.FlsBsa}, rotatable=false, locationContextEnabled=true, mobileEmulationEnabled=false, version=44.0.2403.125, takesHeapSnapshot=true, cssSelectorsEnabled=true, databaseEnabled=false, handlesAlerts=true, browserConnectionEnabled=false, webStorageEnabled=true, nativeEvents=true, applicationCacheEnabled=false, takesScreenshot=true}]
19:12:31.901 INFO - Executing: [find element: By.cssSelector: #saveRecordButton])
19:12:31.908 INFO - Done: [find element: By.cssSelector: #saveRecordButton]
19:12:31.910 INFO - Executing: [find element: By.cssSelector: #fooListButton])
19:12:32.790 WARN - Exception thrown
org.openqa.selenium.NoSuchElementException: no such element
  (Session info: chrome=44.0.2403.125)
  (Driver info: chromedriver=2.15.322455 (ae8db840dac8d0c453355d3d922c91adfb61df8f),platform=Mac OS X 10.10.2 x86_64) (WARNING: The server did not provide any stacktrace information)
Command duration or timeout: 13 milliseconds
For documentation on this error, please visit: http://seleniumhq.org/exceptions/no_such_element.html
Build info: version: '2.45.0', revision: '5017cb8', time: '2015-02-26 23:59:50'
System info: host: 'Abigails-Mini', ip: '192.168.1.105', os.name: 'Mac OS X', os.arch: 'x86_64', os.version: '10.10.2', java.version: '1.6.0_65'
*** Element info: {Using=css selector, value=#fooListButton}
Session ID: be2c4eb9afe8e4d108267bb85a3d964d
Driver info: org.openqa.selenium.chrome.ChromeDriver
Capabilities [{platform=MAC, acceptSslCerts=true, javascriptEnabled=true, browserName=chrome, chrome={userDataDir=/var/folders/wy/x2wnhsd15rxbcnwr07g161b00000gn/T/.org.chromium.Chromium.FlsBsa}, rotatable=false, locationContextEnabled=true, mobileEmulationEnabled=false, version=44.0.2403.125, takesHeapSnapshot=true, cssSelectorsEnabled=true, databaseEnabled=false, handlesAlerts=true, browserConnectionEnabled=false, webStorageEnabled=true, nativeEvents=true, applicationCacheEnabled=false, takesScreenshot=true}]
	at sun.reflect.GeneratedConstructorAccessor14.newInstance(Unknown Source)
	at sun.reflect.DelegatingConstructorAccessorImpl.newInstance(DelegatingConstructorAccessorImpl.java:27)
	at java.lang.reflect.Constructor.newInstance(Constructor.java:513)
	at org.openqa.selenium.remote.ErrorHandler.createThrowable(ErrorHandler.java:204)
	at org.openqa.selenium.remote.ErrorHandler.throwIfResponseFailed(ErrorHandler.java:156)
	at org.openqa.selenium.remote.RemoteWebDriver.execute(RemoteWebDriver.java:599)
	at org.openqa.selenium.remote.RemoteWebDriver.findElement(RemoteWebDriver.java:352)
	at org.openqa.selenium.remote.RemoteWebDriver.findElementByCssSelector(RemoteWebDriver.java:441)
	at org.openqa.selenium.By$ByCssSelector.findElement(By.java:426)
	at org.openqa.selenium.remote.RemoteWebDriver.findElement(RemoteWebDriver.java:344)
	at sun.reflect.GeneratedMethodAccessor17.invoke(Unknown Source)
	at sun.reflect.DelegatingMethodAccessorImpl.invoke(DelegatingMethodAccessorImpl.java:25)
	at java.lang.reflect.Method.invoke(Method.java:597)
	at org.openqa.selenium.support.events.EventFiringWebDriver$2.invoke(EventFiringWebDriver.java:101)
	at com.sun.proxy.$Proxy1.findElement(Unknown Source)
	at org.openqa.selenium.support.events.EventFiringWebDriver.findElement(EventFiringWebDriver.java:184)
	at org.openqa.selenium.remote.server.handler.FindElement.call(FindElement.java:47)
	at org.openqa.selenium.remote.server.handler.FindElement.call(FindElement.java:1)
	at java.util.concurrent.FutureTask$Sync.innerRun(FutureTask.java:303)
	at java.util.concurrent.FutureTask.run(FutureTask.java:138)
	at org.openqa.selenium.remote.server.DefaultSession$1.run(DefaultSession.java:168)
	at java.util.concurrent.ThreadPoolExecutor$Worker.runTask(ThreadPoolExecutor.java:895)
	at java.util.concurrent.ThreadPoolExecutor$Worker.run(ThreadPoolExecutor.java:918)
	at java.lang.Thread.run(Thread.java:695)
19:12:32.791 WARN - Exception: no such element
  (Session info: chrome=44.0.2403.125)
  (Driver info: chromedriver=2.15.322455 (ae8db840dac8d0c453355d3d922c91adfb61df8f),platform=Mac OS X 10.10.2 x86_64) (WARNING: The server did not provide any stacktrace information)
Command duration or timeout: 13 milliseconds
For documentation on this error, please visit: http://seleniumhq.org/exceptions/no_such_element.html
Build info: version: '2.45.0', revision: '5017cb8', time: '2015-02-26 23:59:50'
System info: host: 'Abigails-Mini', ip: '192.168.1.105', os.name: 'Mac OS X', os.arch: 'x86_64', os.version: '10.10.2', java.version: '1.6.0_65'
*** Element info: {Using=css selector, value=#fooListButton}
Session ID: be2c4eb9afe8e4d108267bb85a3d964d
Driver info: org.openqa.selenium.chrome.ChromeDriver
Capabilities [{platform=MAC, acceptSslCerts=true, javascriptEnabled=true, browserName=chrome, chrome={userDataDir=/var/folders/wy/x2wnhsd15rxbcnwr07g161b00000gn/T/.org.chromium.Chromium.FlsBsa}, rotatable=false, locationContextEnabled=true, mobileEmulationEnabled=false, version=44.0.2403.125, takesHeapSnapshot=true, cssSelectorsEnabled=true, databaseEnabled=false, handlesAlerts=true, browserConnectionEnabled=false, webStorageEnabled=true, nativeEvents=true, applicationCacheEnabled=false, takesScreenshot=true}]
19:12:33.031 INFO - Executing: [find element: By.cssSelector: #fooListButton])
19:12:33.910 WARN - Exception thrown
org.openqa.selenium.NoSuchElementException: no such element
  (Session info: chrome=44.0.2403.125)
  (Driver info: chromedriver=2.15.322455 (ae8db840dac8d0c453355d3d922c91adfb61df8f),platform=Mac OS X 10.10.2 x86_64) (WARNING: The server did not provide any stacktrace information)
Command duration or timeout: 15 milliseconds
For documentation on this error, please visit: http://seleniumhq.org/exceptions/no_such_element.html
Build info: version: '2.45.0', revision: '5017cb8', time: '2015-02-26 23:59:50'
System info: host: 'Abigails-Mini', ip: '192.168.1.105', os.name: 'Mac OS X', os.arch: 'x86_64', os.version: '10.10.2', java.version: '1.6.0_65'
*** Element info: {Using=css selector, value=#fooListButton}
Session ID: be2c4eb9afe8e4d108267bb85a3d964d
Driver info: org.openqa.selenium.chrome.ChromeDriver
Capabilities [{platform=MAC, acceptSslCerts=true, javascriptEnabled=true, browserName=chrome, chrome={userDataDir=/var/folders/wy/x2wnhsd15rxbcnwr07g161b00000gn/T/.org.chromium.Chromium.FlsBsa}, rotatable=false, locationContextEnabled=true, mobileEmulationEnabled=false, version=44.0.2403.125, takesHeapSnapshot=true, cssSelectorsEnabled=true, databaseEnabled=false, handlesAlerts=true, browserConnectionEnabled=false, webStorageEnabled=true, nativeEvents=true, applicationCacheEnabled=false, takesScreenshot=true}]
	at sun.reflect.GeneratedConstructorAccessor14.newInstance(Unknown Source)
	at sun.reflect.DelegatingConstructorAccessorImpl.newInstance(DelegatingConstructorAccessorImpl.java:27)
	at java.lang.reflect.Constructor.newInstance(Constructor.java:513)
	at org.openqa.selenium.remote.ErrorHandler.createThrowable(ErrorHandler.java:204)
	at org.openqa.selenium.remote.ErrorHandler.throwIfResponseFailed(ErrorHandler.java:156)
	at org.openqa.selenium.remote.RemoteWebDriver.execute(RemoteWebDriver.java:599)
	at org.openqa.selenium.remote.RemoteWebDriver.findElement(RemoteWebDriver.java:352)
	at org.openqa.selenium.remote.RemoteWebDriver.findElementByCssSelector(RemoteWebDriver.java:441)
	at org.openqa.selenium.By$ByCssSelector.findElement(By.java:426)
	at org.openqa.selenium.remote.RemoteWebDriver.findElement(RemoteWebDriver.java:344)
	at sun.reflect.GeneratedMethodAccessor17.invoke(Unknown Source)
	at sun.reflect.DelegatingMethodAccessorImpl.invoke(DelegatingMethodAccessorImpl.java:25)
	at java.lang.reflect.Method.invoke(Method.java:597)
	at org.openqa.selenium.support.events.EventFiringWebDriver$2.invoke(EventFiringWebDriver.java:101)
	at com.sun.proxy.$Proxy1.findElement(Unknown Source)
	at org.openqa.selenium.support.events.EventFiringWebDriver.findElement(EventFiringWebDriver.java:184)
	at org.openqa.selenium.remote.server.handler.FindElement.call(FindElement.java:47)
	at org.openqa.selenium.remote.server.handler.FindElement.call(FindElement.java:1)
	at java.util.concurrent.FutureTask$Sync.innerRun(FutureTask.java:303)
	at java.util.concurrent.FutureTask.run(FutureTask.java:138)
	at org.openqa.selenium.remote.server.DefaultSession$1.run(DefaultSession.java:168)
	at java.util.concurrent.ThreadPoolExecutor$Worker.runTask(ThreadPoolExecutor.java:895)
	at java.util.concurrent.ThreadPoolExecutor$Worker.run(ThreadPoolExecutor.java:918)
	at java.lang.Thread.run(Thread.java:695)
19:12:33.911 WARN - Exception: no such element
  (Session info: chrome=44.0.2403.125)
  (Driver info: chromedriver=2.15.322455 (ae8db840dac8d0c453355d3d922c91adfb61df8f),platform=Mac OS X 10.10.2 x86_64) (WARNING: The server did not provide any stacktrace information)
Command duration or timeout: 15 milliseconds
For documentation on this error, please visit: http://seleniumhq.org/exceptions/no_such_element.html
Build info: version: '2.45.0', revision: '5017cb8', time: '2015-02-26 23:59:50'
System info: host: 'Abigails-Mini', ip: '192.168.1.105', os.name: 'Mac OS X', os.arch: 'x86_64', os.version: '10.10.2', java.version: '1.6.0_65'
*** Element info: {Using=css selector, value=#fooListButton}
Session ID: be2c4eb9afe8e4d108267bb85a3d964d
Driver info: org.openqa.selenium.chrome.ChromeDriver
Capabilities [{platform=MAC, acceptSslCerts=true, javascriptEnabled=true, browserName=chrome, chrome={userDataDir=/var/folders/wy/x2wnhsd15rxbcnwr07g161b00000gn/T/.org.chromium.Chromium.FlsBsa}, rotatable=false, locationContextEnabled=true, mobileEmulationEnabled=false, version=44.0.2403.125, takesHeapSnapshot=true, cssSelectorsEnabled=true, databaseEnabled=false, handlesAlerts=true, browserConnectionEnabled=false, webStorageEnabled=true, nativeEvents=true, applicationCacheEnabled=false, takesScreenshot=true}]
19:12:34.136 INFO - Executing: [find element: By.cssSelector: #fooListButton])
19:12:35.009 WARN - Exception thrown
org.openqa.selenium.NoSuchElementException: no such element
  (Session info: chrome=44.0.2403.125)
  (Driver info: chromedriver=2.15.322455 (ae8db840dac8d0c453355d3d922c91adfb61df8f),platform=Mac OS X 10.10.2 x86_64) (WARNING: The server did not provide any stacktrace information)
Command duration or timeout: 7 milliseconds
For documentation on this error, please visit: http://seleniumhq.org/exceptions/no_such_element.html
Build info: version: '2.45.0', revision: '5017cb8', time: '2015-02-26 23:59:50'
System info: host: 'Abigails-Mini', ip: '192.168.1.105', os.name: 'Mac OS X', os.arch: 'x86_64', os.version: '10.10.2', java.version: '1.6.0_65'
*** Element info: {Using=css selector, value=#fooListButton}
Session ID: be2c4eb9afe8e4d108267bb85a3d964d
Driver info: org.openqa.selenium.chrome.ChromeDriver
Capabilities [{platform=MAC, acceptSslCerts=true, javascriptEnabled=true, browserName=chrome, chrome={userDataDir=/var/folders/wy/x2wnhsd15rxbcnwr07g161b00000gn/T/.org.chromium.Chromium.FlsBsa}, rotatable=false, locationContextEnabled=true, mobileEmulationEnabled=false, version=44.0.2403.125, takesHeapSnapshot=true, cssSelectorsEnabled=true, databaseEnabled=false, handlesAlerts=true, browserConnectionEnabled=false, webStorageEnabled=true, nativeEvents=true, applicationCacheEnabled=false, takesScreenshot=true}]
	at sun.reflect.GeneratedConstructorAccessor14.newInstance(Unknown Source)
	at sun.reflect.DelegatingConstructorAccessorImpl.newInstance(DelegatingConstructorAccessorImpl.java:27)
	at java.lang.reflect.Constructor.newInstance(Constructor.java:513)
	at org.openqa.selenium.remote.ErrorHandler.createThrowable(ErrorHandler.java:204)
	at org.openqa.selenium.remote.ErrorHandler.throwIfResponseFailed(ErrorHandler.java:156)
	at org.openqa.selenium.remote.RemoteWebDriver.execute(RemoteWebDriver.java:599)
	at org.openqa.selenium.remote.RemoteWebDriver.findElement(RemoteWebDriver.java:352)
	at org.openqa.selenium.remote.RemoteWebDriver.findElementByCssSelector(RemoteWebDriver.java:441)
	at org.openqa.selenium.By$ByCssSelector.findElement(By.java:426)
	at org.openqa.selenium.remote.RemoteWebDriver.findElement(RemoteWebDriver.java:344)
	at sun.reflect.GeneratedMethodAccessor17.invoke(Unknown Source)
	at sun.reflect.DelegatingMethodAccessorImpl.invoke(DelegatingMethodAccessorImpl.java:25)
	at java.lang.reflect.Method.invoke(Method.java:597)
	at org.openqa.selenium.support.events.EventFiringWebDriver$2.invoke(EventFiringWebDriver.java:101)
	at com.sun.proxy.$Proxy1.findElement(Unknown Source)
	at org.openqa.selenium.support.events.EventFiringWebDriver.findElement(EventFiringWebDriver.java:184)
	at org.openqa.selenium.remote.server.handler.FindElement.call(FindElement.java:47)
	at org.openqa.selenium.remote.server.handler.FindElement.call(FindElement.java:1)
	at java.util.concurrent.FutureTask$Sync.innerRun(FutureTask.java:303)
	at java.util.concurrent.FutureTask.run(FutureTask.java:138)
	at org.openqa.selenium.remote.server.DefaultSession$1.run(DefaultSession.java:168)
	at java.util.concurrent.ThreadPoolExecutor$Worker.runTask(ThreadPoolExecutor.java:895)
	at java.util.concurrent.ThreadPoolExecutor$Worker.run(ThreadPoolExecutor.java:918)
	at java.lang.Thread.run(Thread.java:695)
19:12:35.010 WARN - Exception: no such element
  (Session info: chrome=44.0.2403.125)
  (Driver info: chromedriver=2.15.322455 (ae8db840dac8d0c453355d3d922c91adfb61df8f),platform=Mac OS X 10.10.2 x86_64) (WARNING: The server did not provide any stacktrace information)
Command duration or timeout: 7 milliseconds
For documentation on this error, please visit: http://seleniumhq.org/exceptions/no_such_element.html
Build info: version: '2.45.0', revision: '5017cb8', time: '2015-02-26 23:59:50'
System info: host: 'Abigails-Mini', ip: '192.168.1.105', os.name: 'Mac OS X', os.arch: 'x86_64', os.version: '10.10.2', java.version: '1.6.0_65'
*** Element info: {Using=css selector, value=#fooListButton}
Session ID: be2c4eb9afe8e4d108267bb85a3d964d
Driver info: org.openqa.selenium.chrome.ChromeDriver
Capabilities [{platform=MAC, acceptSslCerts=true, javascriptEnabled=true, browserName=chrome, chrome={userDataDir=/var/folders/wy/x2wnhsd15rxbcnwr07g161b00000gn/T/.org.chromium.Chromium.FlsBsa}, rotatable=false, locationContextEnabled=true, mobileEmulationEnabled=false, version=44.0.2403.125, takesHeapSnapshot=true, cssSelectorsEnabled=true, databaseEnabled=false, handlesAlerts=true, browserConnectionEnabled=false, webStorageEnabled=true, nativeEvents=true, applicationCacheEnabled=false, takesScreenshot=true}]
19:12:35.261 INFO - Executing: [find element: By.cssSelector: #fooListButton])
19:12:36.140 WARN - Exception thrown
org.openqa.selenium.NoSuchElementException: no such element
  (Session info: chrome=44.0.2403.125)
  (Driver info: chromedriver=2.15.322455 (ae8db840dac8d0c453355d3d922c91adfb61df8f),platform=Mac OS X 10.10.2 x86_64) (WARNING: The server did not provide any stacktrace information)
Command duration or timeout: 6 milliseconds
For documentation on this error, please visit: http://seleniumhq.org/exceptions/no_such_element.html
Build info: version: '2.45.0', revision: '5017cb8', time: '2015-02-26 23:59:50'
System info: host: 'Abigails-Mini', ip: '192.168.1.105', os.name: 'Mac OS X', os.arch: 'x86_64', os.version: '10.10.2', java.version: '1.6.0_65'
*** Element info: {Using=css selector, value=#fooListButton}
Session ID: be2c4eb9afe8e4d108267bb85a3d964d
Driver info: org.openqa.selenium.chrome.ChromeDriver
Capabilities [{platform=MAC, acceptSslCerts=true, javascriptEnabled=true, browserName=chrome, chrome={userDataDir=/var/folders/wy/x2wnhsd15rxbcnwr07g161b00000gn/T/.org.chromium.Chromium.FlsBsa}, rotatable=false, locationContextEnabled=true, mobileEmulationEnabled=false, version=44.0.2403.125, takesHeapSnapshot=true, cssSelectorsEnabled=true, databaseEnabled=false, handlesAlerts=true, browserConnectionEnabled=false, webStorageEnabled=true, nativeEvents=true, applicationCacheEnabled=false, takesScreenshot=true}]
	at sun.reflect.GeneratedConstructorAccessor14.newInstance(Unknown Source)
	at sun.reflect.DelegatingConstructorAccessorImpl.newInstance(DelegatingConstructorAccessorImpl.java:27)
	at java.lang.reflect.Constructor.newInstance(Constructor.java:513)
	at org.openqa.selenium.remote.ErrorHandler.createThrowable(ErrorHandler.java:204)
	at org.openqa.selenium.remote.ErrorHandler.throwIfResponseFailed(ErrorHandler.java:156)
	at org.openqa.selenium.remote.RemoteWebDriver.execute(RemoteWebDriver.java:599)
	at org.openqa.selenium.remote.RemoteWebDriver.findElement(RemoteWebDriver.java:352)
	at org.openqa.selenium.remote.RemoteWebDriver.findElementByCssSelector(RemoteWebDriver.java:441)
	at org.openqa.selenium.By$ByCssSelector.findElement(By.java:426)
	at org.openqa.selenium.remote.RemoteWebDriver.findElement(RemoteWebDriver.java:344)
	at sun.reflect.GeneratedMethodAccessor17.invoke(Unknown Source)
	at sun.reflect.DelegatingMethodAccessorImpl.invoke(DelegatingMethodAccessorImpl.java:25)
	at java.lang.reflect.Method.invoke(Method.java:597)
	at org.openqa.selenium.support.events.EventFiringWebDriver$2.invoke(EventFiringWebDriver.java:101)
	at com.sun.proxy.$Proxy1.findElement(Unknown Source)
	at org.openqa.selenium.support.events.EventFiringWebDriver.findElement(EventFiringWebDriver.java:184)
	at org.openqa.selenium.remote.server.handler.FindElement.call(FindElement.java:47)
	at org.openqa.selenium.remote.server.handler.FindElement.call(FindElement.java:1)
	at java.util.concurrent.FutureTask$Sync.innerRun(FutureTask.java:303)
	at java.util.concurrent.FutureTask.run(FutureTask.java:138)
	at org.openqa.selenium.remote.server.DefaultSession$1.run(DefaultSession.java:168)
	at java.util.concurrent.ThreadPoolExecutor$Worker.runTask(ThreadPoolExecutor.java:895)
	at java.util.concurrent.ThreadPoolExecutor$Worker.run(ThreadPoolExecutor.java:918)
	at java.lang.Thread.run(Thread.java:695)
19:12:36.140 WARN - Exception: no such element
  (Session info: chrome=44.0.2403.125)
  (Driver info: chromedriver=2.15.322455 (ae8db840dac8d0c453355d3d922c91adfb61df8f),platform=Mac OS X 10.10.2 x86_64) (WARNING: The server did not provide any stacktrace information)
Command duration or timeout: 6 milliseconds
For documentation on this error, please visit: http://seleniumhq.org/exceptions/no_such_element.html
Build info: version: '2.45.0', revision: '5017cb8', time: '2015-02-26 23:59:50'
System info: host: 'Abigails-Mini', ip: '192.168.1.105', os.name: 'Mac OS X', os.arch: 'x86_64', os.version: '10.10.2', java.version: '1.6.0_65'
*** Element info: {Using=css selector, value=#fooListButton}
Session ID: be2c4eb9afe8e4d108267bb85a3d964d
Driver info: org.openqa.selenium.chrome.ChromeDriver
Capabilities [{platform=MAC, acceptSslCerts=true, javascriptEnabled=true, browserName=chrome, chrome={userDataDir=/var/folders/wy/x2wnhsd15rxbcnwr07g161b00000gn/T/.org.chromium.Chromium.FlsBsa}, rotatable=false, locationContextEnabled=true, mobileEmulationEnabled=false, version=44.0.2403.125, takesHeapSnapshot=true, cssSelectorsEnabled=true, databaseEnabled=false, handlesAlerts=true, browserConnectionEnabled=false, webStorageEnabled=true, nativeEvents=true, applicationCacheEnabled=false, takesScreenshot=true}]
19:12:37.360 INFO - Executing: [find elements: By.cssSelector: #recordsListPage])
19:12:37.373 INFO - Done: [find elements: By.cssSelector: #recordsListPage]
19:12:37.878 INFO - Executing: [find elements: By.cssSelector: #recordsListPage])
19:12:37.891 INFO - Done: [find elements: By.cssSelector: #recordsListPage]
19:12:38.395 INFO - Executing: [find elements: By.cssSelector: #recordsListPage])
19:12:38.402 INFO - Done: [find elements: By.cssSelector: #recordsListPage]
19:12:38.405 INFO - Executing: [delete session: 4ca2e1fc-987c-4c02-9542-a99b98ff56b5])
19:12:38.976 INFO - Done: [delete session: 4ca2e1fc-987c-4c02-9542-a99b98ff56b5]
